<?xml version="1.0" encoding="UTF-8"?>
<coverage generated="1574707605498" clover="3.2.0">
  <project timestamp="1574707605499" name="All files">
    <metrics statements="266" coveredstatements="266" conditionals="64" coveredconditionals="64" methods="25" coveredmethods="25" elements="355" coveredelements="355" complexity="0" loc="266" ncloc="266" packages="7" files="12" classes="12">
      <package name="schedule-service">
        <metrics statements="4" coveredstatements="4" conditionals="0" coveredconditionals="0" methods="0" coveredmethods="0"/>
        <file name="jest.setup.js" path="/Users/arivero/lh/serverless/services/schedule-service/jest.setup.js">
          <metrics statements="4" coveredstatements="4" conditionals="0" coveredconditionals="0" methods="0" coveredmethods="0"/>
          <line num="2" count="12" type="stmt"/>
          <line num="3" count="12" type="stmt"/>
          <line num="4" count="12" type="stmt"/>
          <line num="5" count="12" type="stmt"/>
        </file>
      </package>
      <package name="schedule-service.src">
        <metrics statements="4" coveredstatements="4" conditionals="0" coveredconditionals="0" methods="0" coveredmethods="0"/>
        <file name="constants.ts" path="/Users/arivero/lh/serverless/services/schedule-service/src/constants.ts">
          <metrics statements="4" coveredstatements="4" conditionals="0" coveredconditionals="0" methods="0" coveredmethods="0"/>
          <line num="1" count="3" type="stmt"/>
          <line num="2" count="3" type="stmt"/>
          <line num="3" count="3" type="stmt"/>
          <line num="4" count="3" type="stmt"/>
        </file>
      </package>
      <package name="schedule-service.src.__fixtures__">
        <metrics statements="4" coveredstatements="4" conditionals="0" coveredconditionals="0" methods="0" coveredmethods="0"/>
        <file name="index.ts" path="/Users/arivero/lh/serverless/services/schedule-service/src/__fixtures__/index.ts">
          <metrics statements="4" coveredstatements="4" conditionals="0" coveredconditionals="0" methods="0" coveredmethods="0"/>
          <line num="1" count="7" type="stmt"/>
          <line num="55" count="7" type="stmt"/>
          <line num="89" count="7" type="stmt"/>
          <line num="113" count="7" type="stmt"/>
        </file>
      </package>
      <package name="schedule-service.src.handlers">
        <metrics statements="53" coveredstatements="53" conditionals="22" coveredconditionals="22" methods="5" coveredmethods="5"/>
        <file name="createScheduleHandler.ts" path="/Users/arivero/lh/serverless/services/schedule-service/src/handlers/createScheduleHandler.ts">
          <metrics statements="11" coveredstatements="11" conditionals="6" coveredconditionals="6" methods="1" coveredmethods="1"/>
          <line num="1" count="1" type="stmt"/>
          <line num="3" count="1" type="stmt"/>
          <line num="5" count="1" type="stmt"/>
          <line num="9" count="9" type="stmt"/>
          <line num="10" count="9" type="cond" truecount="2" falsecount="0"/>
          <line num="11" count="9" type="cond" truecount="2" falsecount="0"/>
          <line num="12" count="9" type="cond" truecount="2" falsecount="0"/>
          <line num="14" count="9" type="stmt"/>
          <line num="22" count="4" type="stmt"/>
          <line num="27" count="5" type="stmt"/>
          <line num="32" count="5" type="stmt"/>
        </file>
        <file name="getScheduleHandler.ts" path="/Users/arivero/lh/serverless/services/schedule-service/src/handlers/getScheduleHandler.ts">
          <metrics statements="10" coveredstatements="10" conditionals="4" coveredconditionals="4" methods="1" coveredmethods="1"/>
          <line num="1" count="1" type="stmt"/>
          <line num="3" count="1" type="stmt"/>
          <line num="5" count="1" type="stmt"/>
          <line num="9" count="5" type="stmt"/>
          <line num="10" count="5" type="cond" truecount="2" falsecount="0"/>
          <line num="11" count="5" type="cond" truecount="2" falsecount="0"/>
          <line num="13" count="5" type="stmt"/>
          <line num="20" count="1" type="stmt"/>
          <line num="25" count="4" type="stmt"/>
          <line num="30" count="4" type="stmt"/>
        </file>
        <file name="listSchedulesHandler.ts" path="/Users/arivero/lh/serverless/services/schedule-service/src/handlers/listSchedulesHandler.ts">
          <metrics statements="9" coveredstatements="9" conditionals="2" coveredconditionals="2" methods="1" coveredmethods="1"/>
          <line num="1" count="1" type="stmt"/>
          <line num="3" count="1" type="stmt"/>
          <line num="5" count="1" type="stmt"/>
          <line num="9" count="3" type="stmt"/>
          <line num="10" count="3" type="cond" truecount="2" falsecount="0"/>
          <line num="11" count="3" type="stmt"/>
          <line num="17" count="1" type="stmt"/>
          <line num="22" count="2" type="stmt"/>
          <line num="27" count="2" type="stmt"/>
        </file>
        <file name="updateScheduleHandler.ts" path="/Users/arivero/lh/serverless/services/schedule-service/src/handlers/updateScheduleHandler.ts">
          <metrics statements="12" coveredstatements="12" conditionals="8" coveredconditionals="8" methods="1" coveredmethods="1"/>
          <line num="1" count="1" type="stmt"/>
          <line num="3" count="1" type="stmt"/>
          <line num="5" count="1" type="stmt"/>
          <line num="9" count="11" type="stmt"/>
          <line num="10" count="11" type="cond" truecount="2" falsecount="0"/>
          <line num="11" count="11" type="cond" truecount="2" falsecount="0"/>
          <line num="12" count="11" type="cond" truecount="2" falsecount="0"/>
          <line num="13" count="11" type="cond" truecount="2" falsecount="0"/>
          <line num="15" count="11" type="stmt"/>
          <line num="24" count="3" type="stmt"/>
          <line num="29" count="8" type="stmt"/>
          <line num="34" count="8" type="stmt"/>
        </file>
        <file name="upsertLocationHandler.ts" path="/Users/arivero/lh/serverless/services/schedule-service/src/handlers/upsertLocationHandler.ts">
          <metrics statements="11" coveredstatements="11" conditionals="2" coveredconditionals="2" methods="1" coveredmethods="1"/>
          <line num="1" count="1" type="stmt"/>
          <line num="3" count="1" type="stmt"/>
          <line num="4" count="1" type="stmt"/>
          <line num="6" count="1" type="stmt"/>
          <line num="8" count="3" type="stmt"/>
          <line num="10" count="3" type="stmt"/>
          <line num="14" count="1" type="stmt"/>
          <line num="16" count="2" type="stmt"/>
          <line num="21" count="2" type="cond" truecount="2" falsecount="0"/>
          <line num="22" count="1" type="stmt"/>
          <line num="25" count="1" type="stmt"/>
        </file>
      </package>
      <package name="schedule-service.src.repository">
        <metrics statements="70" coveredstatements="70" conditionals="8" coveredconditionals="8" methods="11" coveredmethods="11"/>
        <file name="config.ts" path="/Users/arivero/lh/serverless/services/schedule-service/src/repository/config.ts">
          <metrics statements="2" coveredstatements="2" conditionals="2" coveredconditionals="2" methods="1" coveredmethods="1"/>
          <line num="3" count="8" type="stmt"/>
          <line num="4" count="26" type="stmt"/>
        </file>
        <file name="dynamo.ts" path="/Users/arivero/lh/serverless/services/schedule-service/src/repository/dynamo.ts">
          <metrics statements="68" coveredstatements="68" conditionals="6" coveredconditionals="6" methods="10" coveredmethods="10"/>
          <line num="1" count="7" type="stmt"/>
          <line num="5" count="7" type="stmt"/>
          <line num="6" count="7" type="stmt"/>
          <line num="7" count="7" type="stmt"/>
          <line num="12" count="7" type="stmt"/>
          <line num="13" count="7" type="stmt"/>
          <line num="15" count="7" type="stmt"/>
          <line num="24" count="7" type="stmt"/>
          <line num="25" count="24" type="stmt"/>
          <line num="29" count="24" type="stmt"/>
          <line num="33" count="24" type="stmt"/>
          <line num="36" count="29" type="stmt"/>
          <line num="37" count="29" type="stmt"/>
          <line num="39" count="6" type="stmt"/>
          <line num="40" count="6" type="stmt"/>
          <line num="44" count="12" type="stmt"/>
          <line num="45" count="5" type="stmt"/>
          <line num="47" count="1" type="stmt"/>
          <line num="86" count="29" type="stmt"/>
          <line num="87" count="10" type="stmt"/>
          <line num="88" count="10" type="stmt"/>
          <line num="90" count="10" type="stmt"/>
          <line num="91" count="10" type="stmt"/>
          <line num="92" count="10" type="stmt"/>
          <line num="93" count="10" type="stmt"/>
          <line num="95" count="10" type="stmt"/>
          <line num="96" count="10" type="stmt"/>
          <line num="98" count="10" type="stmt"/>
          <line num="109" count="10" type="stmt"/>
          <line num="113" count="8" type="stmt"/>
          <line num="115" count="2" type="stmt"/>
          <line num="119" count="29" type="stmt"/>
          <line num="120" count="2" type="stmt"/>
          <line num="121" count="2" type="stmt"/>
          <line num="123" count="2" type="stmt"/>
          <line num="124" count="2" type="stmt"/>
          <line num="125" count="2" type="stmt"/>
          <line num="126" count="2" type="stmt"/>
          <line num="128" count="2" type="stmt"/>
          <line num="129" count="2" type="stmt"/>
          <line num="131" count="2" type="stmt"/>
          <line num="141" count="2" type="stmt"/>
          <line num="145" count="1" type="stmt"/>
          <line num="147" count="1" type="stmt"/>
          <line num="151" count="29" type="stmt"/>
          <line num="152" count="4" type="stmt"/>
          <line num="154" count="4" type="stmt"/>
          <line num="155" count="4" type="stmt"/>
          <line num="156" count="4" type="stmt"/>
          <line num="158" count="4" type="stmt"/>
          <line num="159" count="4" type="stmt"/>
          <line num="160" count="40" type="stmt"/>
          <line num="163" count="4" type="stmt"/>
          <line num="164" count="4" type="stmt"/>
          <line num="165" count="4" type="stmt"/>
          <line num="168" count="4" type="stmt"/>
          <line num="175" count="8" type="stmt"/>
          <line num="176" count="3" type="stmt"/>
          <line num="178" count="1" type="stmt"/>
          <line num="210" count="29" type="stmt"/>
          <line num="219" count="164" type="stmt"/>
          <line num="220" count="164" type="cond" truecount="2" falsecount="0"/>
          <line num="221" count="12" type="stmt"/>
          <line num="222" count="12" type="stmt"/>
          <line num="230" count="152" type="cond" truecount="2" falsecount="0"/>
          <line num="231" count="40" type="stmt"/>
          <line num="232" count="112" type="stmt"/>
          <line num="240" count="112" type="stmt"/>
        </file>
      </package>
      <package name="schedule-service.src.service">
        <metrics statements="103" coveredstatements="103" conditionals="26" coveredconditionals="26" methods="6" coveredmethods="6"/>
        <file name="ScheduleService.ts" path="/Users/arivero/lh/serverless/services/schedule-service/src/service/ScheduleService.ts">
          <metrics statements="103" coveredstatements="103" conditionals="26" coveredconditionals="26" methods="6" coveredmethods="6"/>
          <line num="1" count="6" type="stmt"/>
          <line num="2" count="6" type="stmt"/>
          <line num="3" count="6" type="stmt"/>
          <line num="4" count="6" type="stmt"/>
          <line num="6" count="6" type="stmt"/>
          <line num="7" count="6" type="stmt"/>
          <line num="27" count="6" type="stmt"/>
          <line num="28" count="1" type="stmt"/>
          <line num="29" count="1" type="stmt"/>
          <line num="30" count="1" type="stmt"/>
          <line num="31" count="1" type="stmt"/>
          <line num="33" count="1" type="stmt"/>
          <line num="34" count="1" type="stmt"/>
          <line num="36" count="1" type="stmt"/>
          <line num="45" count="1" type="stmt"/>
          <line num="46" count="1" type="stmt"/>
          <line num="55" count="6" type="stmt"/>
          <line num="56" count="9" type="stmt"/>
          <line num="57" count="9" type="stmt"/>
          <line num="58" count="9" type="stmt"/>
          <line num="60" count="9" type="stmt"/>
          <line num="61" count="9" type="stmt"/>
          <line num="63" count="9" type="cond" truecount="2" falsecount="0"/>
          <line num="64" count="1" type="stmt"/>
          <line num="69" count="8" type="cond" truecount="2" falsecount="0"/>
          <line num="70" count="1" type="stmt"/>
          <line num="75" count="7" type="cond" truecount="2" falsecount="0"/>
          <line num="76" count="1" type="stmt"/>
          <line num="81" count="12" type="stmt"/>
          <line num="87" count="6" type="stmt"/>
          <line num="88" count="6" type="stmt"/>
          <line num="90" count="6" type="stmt"/>
          <line num="91" count="6" type="stmt"/>
          <line num="93" count="6" type="stmt"/>
          <line num="96" count="6" type="stmt"/>
          <line num="100" count="6" type="cond" truecount="2" falsecount="0"/>
          <line num="101" count="1" type="stmt"/>
          <line num="104" count="5" type="stmt"/>
          <line num="106" count="5" type="stmt"/>
          <line num="118" count="5" type="stmt"/>
          <line num="120" count="5" type="stmt"/>
          <line num="125" count="6" type="stmt"/>
          <line num="126" count="6" type="stmt"/>
          <line num="127" count="6" type="stmt"/>
          <line num="132" count="12" type="stmt"/>
          <line num="138" count="1" type="stmt"/>
          <line num="141" count="5" type="stmt"/>
          <line num="142" count="4" type="stmt"/>
          <line num="145" count="4" type="stmt"/>
          <line num="153" count="6" type="stmt"/>
          <line num="154" count="5" type="stmt"/>
          <line num="155" count="5" type="stmt"/>
          <line num="157" count="5" type="stmt"/>
          <line num="158" count="5" type="stmt"/>
          <line num="160" count="5" type="cond" truecount="2" falsecount="0"/>
          <line num="161" count="1" type="stmt"/>
          <line num="166" count="4" type="cond" truecount="2" falsecount="0"/>
          <line num="167" count="1" type="stmt"/>
          <line num="172" count="3" type="stmt"/>
          <line num="176" count="2" type="cond" truecount="2" falsecount="0"/>
          <line num="177" count="1" type="stmt"/>
          <line num="183" count="1" type="stmt"/>
          <line num="184" count="1" type="stmt"/>
          <line num="187" count="1" type="stmt"/>
          <line num="194" count="6" type="stmt"/>
          <line num="195" count="3" type="stmt"/>
          <line num="197" count="3" type="stmt"/>
          <line num="198" count="3" type="stmt"/>
          <line num="200" count="3" type="cond" truecount="2" falsecount="0"/>
          <line num="201" count="1" type="stmt"/>
          <line num="206" count="2" type="stmt"/>
          <line num="209" count="1" type="stmt"/>
          <line num="213" count="1" type="stmt"/>
          <line num="223" count="6" type="stmt"/>
          <line num="224" count="11" type="stmt"/>
          <line num="225" count="11" type="stmt"/>
          <line num="226" count="11" type="stmt"/>
          <line num="227" count="11" type="stmt"/>
          <line num="229" count="11" type="stmt"/>
          <line num="230" count="11" type="stmt"/>
          <line num="232" count="11" type="cond" truecount="2" falsecount="0"/>
          <line num="233" count="1" type="stmt"/>
          <line num="238" count="10" type="cond" truecount="2" falsecount="0"/>
          <line num="239" count="1" type="stmt"/>
          <line num="244" count="9" type="cond" truecount="2" falsecount="0"/>
          <line num="245" count="1" type="stmt"/>
          <line num="250" count="8" type="cond" truecount="2" falsecount="0"/>
          <line num="251" count="1" type="stmt"/>
          <line num="256" count="14" type="stmt"/>
          <line num="262" count="7" type="stmt"/>
          <line num="266" count="6" type="cond" truecount="2" falsecount="0"/>
          <line num="267" count="1" type="stmt"/>
          <line num="273" count="5" type="stmt"/>
          <line num="274" count="5" type="stmt"/>
          <line num="278" count="5" type="stmt"/>
          <line num="290" count="5" type="stmt"/>
          <line num="295" count="10" type="stmt"/>
          <line num="301" count="1" type="stmt"/>
          <line num="304" count="4" type="stmt"/>
          <line num="307" count="3" type="stmt"/>
          <line num="310" count="3" type="stmt"/>
          <line num="326" count="6" type="stmt"/>
          <line num="335" count="6" type="stmt"/>
        </file>
      </package>
      <package name="schedule-service.src.service.lib">
        <metrics statements="28" coveredstatements="28" conditionals="8" coveredconditionals="8" methods="3" coveredmethods="3"/>
        <file name="transform.ts" path="/Users/arivero/lh/serverless/services/schedule-service/src/service/lib/transform.ts">
          <metrics statements="28" coveredstatements="28" conditionals="8" coveredconditionals="8" methods="3" coveredmethods="3"/>
          <line num="2" count="4" type="stmt"/>
          <line num="3" count="4" type="stmt"/>
          <line num="4" count="4" type="stmt"/>
          <line num="6" count="4" type="stmt"/>
          <line num="17" count="4" type="stmt"/>
          <line num="36" count="4" type="stmt"/>
          <line num="39" count="3" type="stmt"/>
          <line num="40" count="3" type="stmt"/>
          <line num="42" count="3" type="stmt"/>
          <line num="51" count="3" type="stmt"/>
          <line num="54" count="4" type="stmt"/>
          <line num="58" count="2" type="stmt"/>
          <line num="59" count="2" type="stmt"/>
          <line num="60" count="2" type="stmt"/>
          <line num="61" count="2" type="stmt"/>
          <line num="62" count="2" type="stmt"/>
          <line num="63" count="2" type="stmt"/>
          <line num="64" count="2" type="stmt"/>
          <line num="67" count="2" type="stmt"/>
          <line num="69" count="2" type="stmt"/>
          <line num="75" count="2" type="stmt"/>
          <line num="77" count="2" type="stmt"/>
          <line num="92" count="2" type="stmt"/>
          <line num="95" count="4" type="stmt"/>
          <line num="96" count="1" type="stmt"/>
          <line num="98" count="1" type="stmt"/>
          <line num="103" count="1" type="stmt"/>
          <line num="113" count="1" type="stmt"/>
        </file>
      </package>
    </metrics>
  </project>
</coverage>
