{"/Users/arivero/lh/serverless/services/schedule-service/jest.setup.js": {"path":"/Users/arivero/lh/serverless/services/schedule-service/jest.setup.js","statementMap":{"0":{"start":{"line":2,"column":0},"end":{"line":2,"column":25}},"1":{"start":{"line":3,"column":0},"end":{"line":3,"column":25}},"2":{"start":{"line":4,"column":0},"end":{"line":4,"column":24}},"3":{"start":{"line":5,"column":0},"end":{"line":5,"column":24}}},"fnMap":{},"branchMap":{},"s":{"0":12,"1":12,"2":12,"3":12},"f":{},"b":{},"_coverageSchema":"332fd63041d2c1bcb487cc26dd0d5f7d97098a6c","hash":"34655066ea166fbae4a5bee6170b7e43d0e19efd"}
,"/Users/arivero/lh/serverless/services/schedule-service/src/constants.ts": {"path":"/Users/arivero/lh/serverless/services/schedule-service/src/constants.ts","statementMap":{"0":{"start":{"line":1,"column":13},"end":{"line":1,"column":48}},"1":{"start":{"line":2,"column":13},"end":{"line":2,"column":50}},"2":{"start":{"line":3,"column":13},"end":{"line":3,"column":50}},"3":{"start":{"line":4,"column":13},"end":{"line":4,"column":52}}},"fnMap":{},"branchMap":{},"s":{"0":3,"1":3,"2":3,"3":3},"f":{},"b":{}}
,"/Users/arivero/lh/serverless/services/schedule-service/src/__fixtures__/index.ts": {"path":"/Users/arivero/lh/serverless/services/schedule-service/src/__fixtures__/index.ts","statementMap":{"0":{"start":{"line":1,"column":13},"end":{"line":53,"column":1}},"1":{"start":{"line":55,"column":13},"end":{"line":87,"column":1}},"2":{"start":{"line":89,"column":13},"end":{"line":111,"column":1}},"3":{"start":{"line":113,"column":13},"end":{"line":144,"column":1}}},"fnMap":{},"branchMap":{},"s":{"0":7,"1":7,"2":7,"3":7},"f":{},"b":{}}
,"/Users/arivero/lh/serverless/services/schedule-service/src/handlers/createScheduleHandler.ts": {"path":"/Users/arivero/lh/serverless/services/schedule-service/src/handlers/createScheduleHandler.ts","statementMap":{"0":{"start":{"line":1,"column":0},"end":{"line":1,"column":68}},"1":{"start":{"line":3,"column":0},"end":{"line":3,"column":59}},"2":{"start":{"line":9,"column":18},"end":{"line":9,"column":44}},"3":{"start":{"line":10,"column":10},"end":{"line":10,"column":78}},"4":{"start":{"line":11,"column":10},"end":{"line":11,"column":74}},"5":{"start":{"line":12,"column":10},"end":{"line":12,"column":60}},"6":{"start":{"line":14,"column":52},"end":{"line":20,"column":5}},"7":{"start":{"line":14,"column":10},"end":{"line":20,"column":5}},"8":{"start":{"line":22,"column":4},"end":{"line":25,"column":5}},"9":{"start":{"line":27,"column":4},"end":{"line":30,"column":6}},"10":{"start":{"line":32,"column":4},"end":{"line":32,"column":39}},"11":{"start":{"line":5,"column":0},"end":{"line":34,"column":1}}},"fnMap":{"0":{"name":"createScheduleHandler","decl":{"start":{"line":5,"column":22},"end":{"line":5,"column":43}},"loc":{"start":{"line":6,"column":29},"end":{"line":34,"column":1}}}},"branchMap":{"0":{"loc":{"start":{"line":10,"column":48},"end":{"line":10,"column":55}},"type":"binary-expr","locations":[{"start":{"line":10,"column":48},"end":{"line":10,"column":55}},{"start":{"line":10,"column":59},"end":{"line":10,"column":78}}]},"1":{"loc":{"start":{"line":11,"column":34},"end":{"line":11,"column":41}},"type":"binary-expr","locations":[{"start":{"line":11,"column":34},"end":{"line":11,"column":41}},{"start":{"line":11,"column":45},"end":{"line":11,"column":74}}]},"2":{"loc":{"start":{"line":12,"column":27},"end":{"line":12,"column":34}},"type":"binary-expr","locations":[{"start":{"line":12,"column":27},"end":{"line":12,"column":34}},{"start":{"line":12,"column":38},"end":{"line":12,"column":60}}]}},"s":{"0":1,"1":1,"2":9,"3":9,"4":9,"5":9,"6":9,"7":9,"8":4,"9":5,"10":5,"11":1},"f":{"0":9},"b":{"0":[9,8],"1":[9,9],"2":[9,9]}}
,"/Users/arivero/lh/serverless/services/schedule-service/src/handlers/getScheduleHandler.ts": {"path":"/Users/arivero/lh/serverless/services/schedule-service/src/handlers/getScheduleHandler.ts","statementMap":{"0":{"start":{"line":1,"column":0},"end":{"line":1,"column":68}},"1":{"start":{"line":3,"column":0},"end":{"line":3,"column":59}},"2":{"start":{"line":9,"column":12},"end":{"line":9,"column":45}},"3":{"start":{"line":10,"column":10},"end":{"line":10,"column":73}},"4":{"start":{"line":11,"column":10},"end":{"line":11,"column":74}},"5":{"start":{"line":13,"column":52},"end":{"line":18,"column":5}},"6":{"start":{"line":13,"column":10},"end":{"line":18,"column":5}},"7":{"start":{"line":20,"column":4},"end":{"line":23,"column":5}},"8":{"start":{"line":25,"column":4},"end":{"line":28,"column":6}},"9":{"start":{"line":30,"column":4},"end":{"line":30,"column":39}},"10":{"start":{"line":5,"column":0},"end":{"line":32,"column":1}}},"fnMap":{"0":{"name":"getScheduleHandler","decl":{"start":{"line":5,"column":22},"end":{"line":5,"column":40}},"loc":{"start":{"line":6,"column":29},"end":{"line":32,"column":1}}}},"branchMap":{"0":{"loc":{"start":{"line":10,"column":38},"end":{"line":10,"column":52}},"type":"binary-expr","locations":[{"start":{"line":10,"column":38},"end":{"line":10,"column":52}},{"start":{"line":10,"column":56},"end":{"line":10,"column":73}}]},"1":{"loc":{"start":{"line":11,"column":34},"end":{"line":11,"column":41}},"type":"binary-expr","locations":[{"start":{"line":11,"column":34},"end":{"line":11,"column":41}},{"start":{"line":11,"column":45},"end":{"line":11,"column":74}}]}},"s":{"0":1,"1":1,"2":5,"3":5,"4":5,"5":5,"6":5,"7":1,"8":4,"9":4,"10":1},"f":{"0":5},"b":{"0":[5,5],"1":[5,5]}}
,"/Users/arivero/lh/serverless/services/schedule-service/src/handlers/listSchedulesHandler.ts": {"path":"/Users/arivero/lh/serverless/services/schedule-service/src/handlers/listSchedulesHandler.ts","statementMap":{"0":{"start":{"line":1,"column":0},"end":{"line":1,"column":68}},"1":{"start":{"line":3,"column":0},"end":{"line":3,"column":59}},"2":{"start":{"line":9,"column":12},"end":{"line":9,"column":29}},"3":{"start":{"line":10,"column":10},"end":{"line":10,"column":74}},"4":{"start":{"line":11,"column":55},"end":{"line":15,"column":5}},"5":{"start":{"line":11,"column":10},"end":{"line":15,"column":5}},"6":{"start":{"line":17,"column":4},"end":{"line":20,"column":5}},"7":{"start":{"line":22,"column":4},"end":{"line":25,"column":6}},"8":{"start":{"line":27,"column":4},"end":{"line":27,"column":39}},"9":{"start":{"line":5,"column":0},"end":{"line":29,"column":1}}},"fnMap":{"0":{"name":"listSchedulesHandler","decl":{"start":{"line":5,"column":22},"end":{"line":5,"column":42}},"loc":{"start":{"line":6,"column":29},"end":{"line":29,"column":1}}}},"branchMap":{"0":{"loc":{"start":{"line":10,"column":34},"end":{"line":10,"column":41}},"type":"binary-expr","locations":[{"start":{"line":10,"column":34},"end":{"line":10,"column":41}},{"start":{"line":10,"column":45},"end":{"line":10,"column":74}}]}},"s":{"0":1,"1":1,"2":3,"3":3,"4":3,"5":3,"6":1,"7":2,"8":2,"9":1},"f":{"0":3},"b":{"0":[3,3]}}
,"/Users/arivero/lh/serverless/services/schedule-service/src/handlers/updateScheduleHandler.ts": {"path":"/Users/arivero/lh/serverless/services/schedule-service/src/handlers/updateScheduleHandler.ts","statementMap":{"0":{"start":{"line":1,"column":0},"end":{"line":1,"column":68}},"1":{"start":{"line":3,"column":0},"end":{"line":3,"column":59}},"2":{"start":{"line":9,"column":18},"end":{"line":9,"column":60}},"3":{"start":{"line":10,"column":10},"end":{"line":10,"column":74}},"4":{"start":{"line":11,"column":10},"end":{"line":11,"column":78}},"5":{"start":{"line":12,"column":10},"end":{"line":12,"column":73}},"6":{"start":{"line":13,"column":10},"end":{"line":13,"column":60}},"7":{"start":{"line":15,"column":52},"end":{"line":22,"column":5}},"8":{"start":{"line":15,"column":10},"end":{"line":22,"column":5}},"9":{"start":{"line":24,"column":4},"end":{"line":27,"column":5}},"10":{"start":{"line":29,"column":4},"end":{"line":32,"column":6}},"11":{"start":{"line":34,"column":4},"end":{"line":34,"column":39}},"12":{"start":{"line":5,"column":0},"end":{"line":36,"column":1}}},"fnMap":{"0":{"name":"updateScheduleHandler","decl":{"start":{"line":5,"column":22},"end":{"line":5,"column":43}},"loc":{"start":{"line":6,"column":29},"end":{"line":36,"column":1}}}},"branchMap":{"0":{"loc":{"start":{"line":10,"column":34},"end":{"line":10,"column":41}},"type":"binary-expr","locations":[{"start":{"line":10,"column":34},"end":{"line":10,"column":41}},{"start":{"line":10,"column":45},"end":{"line":10,"column":74}}]},"1":{"loc":{"start":{"line":11,"column":48},"end":{"line":11,"column":55}},"type":"binary-expr","locations":[{"start":{"line":11,"column":48},"end":{"line":11,"column":55}},{"start":{"line":11,"column":59},"end":{"line":11,"column":78}}]},"2":{"loc":{"start":{"line":12,"column":38},"end":{"line":12,"column":52}},"type":"binary-expr","locations":[{"start":{"line":12,"column":38},"end":{"line":12,"column":52}},{"start":{"line":12,"column":56},"end":{"line":12,"column":73}}]},"3":{"loc":{"start":{"line":13,"column":27},"end":{"line":13,"column":34}},"type":"binary-expr","locations":[{"start":{"line":13,"column":27},"end":{"line":13,"column":34}},{"start":{"line":13,"column":38},"end":{"line":13,"column":60}}]}},"s":{"0":1,"1":1,"2":11,"3":11,"4":11,"5":11,"6":11,"7":11,"8":11,"9":3,"10":8,"11":8,"12":1},"f":{"0":11},"b":{"0":[11,11],"1":[11,10],"2":[11,11],"3":[11,11]}}
,"/Users/arivero/lh/serverless/services/schedule-service/src/handlers/upsertLocationHandler.ts": {"path":"/Users/arivero/lh/serverless/services/schedule-service/src/handlers/upsertLocationHandler.ts","statementMap":{"0":{"start":{"line":1,"column":0},"end":{"line":1,"column":62}},"1":{"start":{"line":3,"column":0},"end":{"line":3,"column":59}},"2":{"start":{"line":4,"column":0},"end":{"line":4,"column":46}},"3":{"start":{"line":8,"column":12},"end":{"line":8,"column":41}},"4":{"start":{"line":10,"column":60},"end":{"line":12,"column":5}},"5":{"start":{"line":10,"column":10},"end":{"line":12,"column":5}},"6":{"start":{"line":14,"column":4},"end":{"line":14,"column":19}},"7":{"start":{"line":16,"column":4},"end":{"line":19,"column":6}},"8":{"start":{"line":21,"column":4},"end":{"line":23,"column":5}},"9":{"start":{"line":22,"column":6},"end":{"line":22,"column":15}},"10":{"start":{"line":25,"column":4},"end":{"line":25,"column":35}},"11":{"start":{"line":6,"column":0},"end":{"line":27,"column":1}}},"fnMap":{"0":{"name":"upsertLocationHandler","decl":{"start":{"line":6,"column":22},"end":{"line":6,"column":43}},"loc":{"start":{"line":6,"column":59},"end":{"line":27,"column":1}}}},"branchMap":{"0":{"loc":{"start":{"line":21,"column":4},"end":{"line":23,"column":5}},"type":"if","locations":[{"start":{"line":21,"column":4},"end":{"line":23,"column":5}},{"start":{"line":21,"column":4},"end":{"line":23,"column":5}}]}},"s":{"0":1,"1":1,"2":1,"3":3,"4":3,"5":3,"6":1,"7":2,"8":2,"9":1,"10":1,"11":1},"f":{"0":3},"b":{"0":[1,1]}}
,"/Users/arivero/lh/serverless/services/schedule-service/src/repository/config.ts": {"path":"/Users/arivero/lh/serverless/services/schedule-service/src/repository/config.ts","statementMap":{"0":{"start":{"line":4,"column":2},"end":{"line":12,"column":8}},"1":{"start":{"line":3,"column":0},"end":{"line":13,"column":1}}},"fnMap":{"0":{"name":"getDynamoDbConfig","decl":{"start":{"line":3,"column":16},"end":{"line":3,"column":33}},"loc":{"start":{"line":3,"column":48},"end":{"line":13,"column":1}}}},"branchMap":{"0":{"loc":{"start":{"line":5,"column":6},"end":{"line":11,"column":7}},"type":"cond-expr","locations":[{"start":{"line":5,"column":6},"end":{"line":11,"column":7}},{"start":{"line":12,"column":6},"end":{"line":12,"column":8}}]}},"s":{"0":26,"1":8},"f":{"0":26},"b":{"0":[1,25]}}
,"/Users/arivero/lh/serverless/services/schedule-service/src/repository/dynamo.ts": {"path":"/Users/arivero/lh/serverless/services/schedule-service/src/repository/dynamo.ts","statementMap":{"0":{"start":{"line":1,"column":0},"end":{"line":4,"column":33}},"1":{"start":{"line":5,"column":0},"end":{"line":5,"column":53}},"2":{"start":{"line":6,"column":0},"end":{"line":6,"column":32}},"3":{"start":{"line":7,"column":0},"end":{"line":11,"column":32}},"4":{"start":{"line":12,"column":0},"end":{"line":12,"column":38}},"5":{"start":{"line":13,"column":0},"end":{"line":13,"column":60}},"6":{"start":{"line":15,"column":0},"end":{"line":15,"column":43}},"7":{"start":{"line":25,"column":46},"end":{"line":27,"column":3}},"8":{"start":{"line":29,"column":19},"end":{"line":31,"column":41}},"9":{"start":{"line":33,"column":2},"end":{"line":33,"column":52}},"10":{"start":{"line":24,"column":0},"end":{"line":34,"column":1}},"11":{"start":{"line":36,"column":0},"end":{"line":217,"column":0}},"12":{"start":{"line":37,"column":17},"end":{"line":49,"column":3}},"13":{"start":{"line":39,"column":12},"end":{"line":39,"column":48}},"14":{"start":{"line":40,"column":12},"end":{"line":43,"column":7}},"15":{"start":{"line":44,"column":6},"end":{"line":44,"column":52}},"16":{"start":{"line":45,"column":6},"end":{"line":45,"column":19}},"17":{"start":{"line":47,"column":6},"end":{"line":47,"column":65}},"18":{"start":{"line":86,"column":22},"end":{"line":117,"column":3}},"19":{"start":{"line":87,"column":10},"end":{"line":87,"column":49}},"20":{"start":{"line":88,"column":10},"end":{"line":88,"column":46}},"21":{"start":{"line":90,"column":10},"end":{"line":90,"column":59}},"22":{"start":{"line":91,"column":10},"end":{"line":91,"column":57}},"23":{"start":{"line":92,"column":10},"end":{"line":92,"column":57}},"24":{"start":{"line":93,"column":10},"end":{"line":93,"column":56}},"25":{"start":{"line":95,"column":10},"end":{"line":95,"column":43}},"26":{"start":{"line":96,"column":10},"end":{"line":96,"column":67}},"27":{"start":{"line":98,"column":10},"end":{"line":106,"column":5}},"28":{"start":{"line":109,"column":39},"end":{"line":111,"column":18}},"29":{"start":{"line":109,"column":12},"end":{"line":111,"column":18}},"30":{"start":{"line":113,"column":6},"end":{"line":113,"column":27}},"31":{"start":{"line":115,"column":6},"end":{"line":115,"column":65}},"32":{"start":{"line":119,"column":24},"end":{"line":149,"column":3}},"33":{"start":{"line":120,"column":10},"end":{"line":120,"column":49}},"34":{"start":{"line":121,"column":10},"end":{"line":121,"column":46}},"35":{"start":{"line":123,"column":10},"end":{"line":123,"column":43}},"36":{"start":{"line":124,"column":10},"end":{"line":124,"column":66}},"37":{"start":{"line":125,"column":10},"end":{"line":125,"column":57}},"38":{"start":{"line":126,"column":10},"end":{"line":126,"column":56}},"39":{"start":{"line":128,"column":10},"end":{"line":128,"column":43}},"40":{"start":{"line":129,"column":10},"end":{"line":129,"column":67}},"41":{"start":{"line":131,"column":10},"end":{"line":138,"column":5}},"42":{"start":{"line":141,"column":39},"end":{"line":143,"column":18}},"43":{"start":{"line":141,"column":12},"end":{"line":143,"column":18}},"44":{"start":{"line":145,"column":6},"end":{"line":145,"column":27}},"45":{"start":{"line":147,"column":6},"end":{"line":147,"column":65}},"46":{"start":{"line":151,"column":17},"end":{"line":180,"column":3}},"47":{"start":{"line":152,"column":12},"end":{"line":152,"column":29}},"48":{"start":{"line":154,"column":10},"end":{"line":154,"column":49}},"49":{"start":{"line":155,"column":10},"end":{"line":155,"column":46}},"50":{"start":{"line":156,"column":10},"end":{"line":156,"column":39}},"51":{"start":{"line":158,"column":10},"end":{"line":158,"column":49}},"52":{"start":{"line":159,"column":4},"end":{"line":161,"column":5}},"53":{"start":{"line":160,"column":6},"end":{"line":160,"column":53}},"54":{"start":{"line":163,"column":10},"end":{"line":163,"column":55}},"55":{"start":{"line":164,"column":10},"end":{"line":164,"column":43}},"56":{"start":{"line":165,"column":10},"end":{"line":165,"column":67}},"57":{"start":{"line":168,"column":12},"end":{"line":174,"column":7}},"58":{"start":{"line":175,"column":6},"end":{"line":175,"column":55}},"59":{"start":{"line":176,"column":6},"end":{"line":176,"column":19}},"60":{"start":{"line":178,"column":6},"end":{"line":178,"column":65}},"61":{"start":{"line":210,"column":2},"end":{"line":216,"column":3}},"62":{"start":{"line":36,"column":0},"end":{"line":217,"column":1}},"63":{"start":{"line":219,"column":31},"end":{"line":219,"column":35}},"64":{"start":{"line":219,"column":37},"end":{"line":219,"column":46}},"65":{"start":{"line":219,"column":48},"end":{"line":219,"column":53}},"66":{"start":{"line":220,"column":2},"end":{"line":228,"column":3}},"67":{"start":{"line":221,"column":4},"end":{"line":227,"column":5}},"68":{"start":{"line":222,"column":6},"end":{"line":226,"column":8}},"69":{"start":{"line":230,"column":2},"end":{"line":238,"column":3}},"70":{"start":{"line":231,"column":4},"end":{"line":237,"column":5}},"71":{"start":{"line":232,"column":6},"end":{"line":236,"column":8}},"72":{"start":{"line":240,"column":2},"end":{"line":240,"column":28}}},"fnMap":{"0":{"name":"getDocumentClient","decl":{"start":{"line":24,"column":16},"end":{"line":24,"column":33}},"loc":{"start":{"line":24,"column":33},"end":{"line":34,"column":1}}},"1":{"name":"DynamoRepository","decl":{"start":{"line":36,"column":16},"end":{"line":36,"column":32}},"loc":{"start":{"line":36,"column":50},"end":{"line":217,"column":1}}},"2":{"name":"(anonymous_15)","decl":{"start":{"line":37,"column":17},"end":{"line":37,"column":22}},"loc":{"start":{"line":37,"column":29},"end":{"line":49,"column":3}}},"3":{"name":"(anonymous_18)","decl":{"start":{"line":86,"column":22},"end":{"line":86,"column":28}},"loc":{"start":{"line":86,"column":47},"end":{"line":117,"column":3}}},"4":{"name":"(anonymous_21)","decl":{"start":{"line":119,"column":24},"end":{"line":119,"column":30}},"loc":{"start":{"line":119,"column":52},"end":{"line":149,"column":3}}},"5":{"name":"(anonymous_24)","decl":{"start":{"line":151,"column":17},"end":{"line":151,"column":22}},"loc":{"start":{"line":151,"column":29},"end":{"line":180,"column":3}}},"6":{"name":"(anonymous_27)","decl":{"start":{"line":159,"column":21},"end":{"line":159,"column":21}},"loc":{"start":{"line":159,"column":38},"end":{"line":160,"column":53}}},"7":{"name":"generateExpressions","decl":{"start":{"line":219,"column":9},"end":{"line":219,"column":28}},"loc":{"start":{"line":219,"column":55},"end":{"line":241,"column":1}}},"8":{"name":"(anonymous_29)","decl":{"start":{"line":221,"column":23},"end":{"line":221,"column":23}},"loc":{"start":{"line":221,"column":34},"end":{"line":226,"column":8}}},"9":{"name":"(anonymous_30)","decl":{"start":{"line":231,"column":23},"end":{"line":231,"column":23}},"loc":{"start":{"line":231,"column":32},"end":{"line":236,"column":8}}}},"branchMap":{"0":{"loc":{"start":{"line":30,"column":6},"end":{"line":30,"column":21}},"type":"cond-expr","locations":[{"start":{"line":30,"column":6},"end":{"line":30,"column":21}},{"start":{"line":31,"column":6},"end":{"line":31,"column":41}}]},"1":{"loc":{"start":{"line":220,"column":2},"end":{"line":228,"column":3}},"type":"if","locations":[{"start":{"line":220,"column":2},"end":{"line":228,"column":3}},{"start":{"line":220,"column":2},"end":{"line":228,"column":3}}]},"2":{"loc":{"start":{"line":230,"column":2},"end":{"line":238,"column":3}},"type":"if","locations":[{"start":{"line":230,"column":2},"end":{"line":238,"column":3}},{"start":{"line":230,"column":2},"end":{"line":238,"column":3}}]}},"s":{"0":7,"1":7,"2":7,"3":7,"4":7,"5":7,"6":7,"7":24,"8":24,"9":24,"10":7,"11":29,"12":29,"13":6,"14":6,"15":12,"16":5,"17":1,"18":29,"19":10,"20":10,"21":10,"22":10,"23":10,"24":10,"25":10,"26":10,"27":10,"28":10,"29":10,"30":8,"31":2,"32":29,"33":2,"34":2,"35":2,"36":2,"37":2,"38":2,"39":2,"40":2,"41":2,"42":2,"43":2,"44":1,"45":1,"46":29,"47":4,"48":4,"49":4,"50":4,"51":4,"52":4,"53":40,"54":4,"55":4,"56":4,"57":4,"58":8,"59":3,"60":1,"61":29,"62":7,"63":164,"64":164,"65":164,"66":164,"67":12,"68":12,"69":152,"70":40,"71":112,"72":112},"f":{"0":24,"1":29,"2":6,"3":10,"4":2,"5":4,"6":40,"7":164,"8":12,"9":112},"b":{"0":[7,17],"1":[12,152],"2":[40,112]}}
,"/Users/arivero/lh/serverless/services/schedule-service/src/service/ScheduleService.ts": {"path":"/Users/arivero/lh/serverless/services/schedule-service/src/service/ScheduleService.ts","statementMap":{"0":{"start":{"line":1,"column":0},"end":{"line":1,"column":69}},"1":{"start":{"line":2,"column":0},"end":{"line":2,"column":38}},"2":{"start":{"line":3,"column":0},"end":{"line":3,"column":35}},"3":{"start":{"line":4,"column":0},"end":{"line":4,"column":59}},"4":{"start":{"line":6,"column":0},"end":{"line":6,"column":54}},"5":{"start":{"line":7,"column":0},"end":{"line":11,"column":32}},"6":{"start":{"line":27,"column":23},"end":{"line":47,"column":1}},"7":{"start":{"line":28,"column":2},"end":{"line":28,"column":15}},"8":{"start":{"line":29,"column":2},"end":{"line":29,"column":12}},"9":{"start":{"line":30,"column":2},"end":{"line":30,"column":6}},"10":{"start":{"line":31,"column":2},"end":{"line":31,"column":14}},"11":{"start":{"line":33,"column":8},"end":{"line":33,"column":51}},"12":{"start":{"line":34,"column":8},"end":{"line":34,"column":42}},"13":{"start":{"line":36,"column":8},"end":{"line":43,"column":3}},"14":{"start":{"line":45,"column":17},"end":{"line":45,"column":48}},"15":{"start":{"line":45,"column":8},"end":{"line":45,"column":48}},"16":{"start":{"line":46,"column":2},"end":{"line":46,"column":15}},"17":{"start":{"line":55,"column":23},"end":{"line":146,"column":1}},"18":{"start":{"line":56,"column":2},"end":{"line":56,"column":15}},"19":{"start":{"line":57,"column":2},"end":{"line":57,"column":6}},"20":{"start":{"line":58,"column":2},"end":{"line":58,"column":8}},"21":{"start":{"line":60,"column":8},"end":{"line":60,"column":51}},"22":{"start":{"line":61,"column":8},"end":{"line":61,"column":42}},"23":{"start":{"line":63,"column":2},"end":{"line":67,"column":3}},"24":{"start":{"line":64,"column":4},"end":{"line":66,"column":6}},"25":{"start":{"line":69,"column":2},"end":{"line":73,"column":3}},"26":{"start":{"line":70,"column":4},"end":{"line":72,"column":6}},"27":{"start":{"line":75,"column":2},"end":{"line":79,"column":3}},"28":{"start":{"line":76,"column":4},"end":{"line":78,"column":6}},"29":{"start":{"line":81,"column":2},"end":{"line":85,"column":4}},"30":{"start":{"line":87,"column":26},"end":{"line":87,"column":60}},"31":{"start":{"line":87,"column":8},"end":{"line":87,"column":60}},"32":{"start":{"line":88,"column":21},"end":{"line":88,"column":47}},"33":{"start":{"line":90,"column":8},"end":{"line":90,"column":23}},"34":{"start":{"line":91,"column":8},"end":{"line":91,"column":50}},"35":{"start":{"line":93,"column":20},"end":{"line":123,"column":3}},"36":{"start":{"line":96,"column":19},"end":{"line":98,"column":8}},"37":{"start":{"line":96,"column":12},"end":{"line":98,"column":8}},"38":{"start":{"line":100,"column":6},"end":{"line":102,"column":7}},"39":{"start":{"line":101,"column":8},"end":{"line":101,"column":20}},"40":{"start":{"line":104,"column":14},"end":{"line":104,"column":54}},"41":{"start":{"line":106,"column":6},"end":{"line":116,"column":18}},"42":{"start":{"line":118,"column":6},"end":{"line":118,"column":26}},"43":{"start":{"line":120,"column":6},"end":{"line":120,"column":18}},"44":{"start":{"line":93,"column":8},"end":{"line":123,"column":3}},"45":{"start":{"line":125,"column":8},"end":{"line":125,"column":35}},"46":{"start":{"line":126,"column":8},"end":{"line":126,"column":59}},"47":{"start":{"line":127,"column":8},"end":{"line":129,"column":3}},"48":{"start":{"line":132,"column":4},"end":{"line":136,"column":6}},"49":{"start":{"line":138,"column":4},"end":{"line":138,"column":63}},"50":{"start":{"line":141,"column":49},"end":{"line":141,"column":80}},"51":{"start":{"line":141,"column":8},"end":{"line":141,"column":80}},"52":{"start":{"line":142,"column":8},"end":{"line":144,"column":3}},"53":{"start":{"line":145,"column":2},"end":{"line":145,"column":16}},"54":{"start":{"line":153,"column":20},"end":{"line":188,"column":1}},"55":{"start":{"line":154,"column":2},"end":{"line":154,"column":15}},"56":{"start":{"line":155,"column":2},"end":{"line":155,"column":12}},"57":{"start":{"line":157,"column":8},"end":{"line":157,"column":51}},"58":{"start":{"line":158,"column":8},"end":{"line":158,"column":42}},"59":{"start":{"line":160,"column":2},"end":{"line":164,"column":3}},"60":{"start":{"line":161,"column":4},"end":{"line":163,"column":6}},"61":{"start":{"line":166,"column":2},"end":{"line":170,"column":3}},"62":{"start":{"line":167,"column":4},"end":{"line":169,"column":6}},"63":{"start":{"line":172,"column":51},"end":{"line":174,"column":3}},"64":{"start":{"line":172,"column":8},"end":{"line":174,"column":3}},"65":{"start":{"line":176,"column":2},"end":{"line":181,"column":3}},"66":{"start":{"line":177,"column":4},"end":{"line":180,"column":6}},"67":{"start":{"line":183,"column":8},"end":{"line":183,"column":64}},"68":{"start":{"line":184,"column":8},"end":{"line":186,"column":3}},"69":{"start":{"line":187,"column":2},"end":{"line":187,"column":16}},"70":{"start":{"line":194,"column":22},"end":{"line":214,"column":1}},"71":{"start":{"line":195,"column":2},"end":{"line":195,"column":15}},"72":{"start":{"line":197,"column":8},"end":{"line":197,"column":51}},"73":{"start":{"line":198,"column":8},"end":{"line":198,"column":42}},"74":{"start":{"line":200,"column":2},"end":{"line":204,"column":3}},"75":{"start":{"line":201,"column":4},"end":{"line":203,"column":6}},"76":{"start":{"line":206,"column":52},"end":{"line":208,"column":3}},"77":{"start":{"line":206,"column":8},"end":{"line":208,"column":3}},"78":{"start":{"line":209,"column":8},"end":{"line":212,"column":3}},"79":{"start":{"line":213,"column":2},"end":{"line":213,"column":16}},"80":{"start":{"line":223,"column":23},"end":{"line":311,"column":1}},"81":{"start":{"line":224,"column":2},"end":{"line":224,"column":15}},"82":{"start":{"line":225,"column":2},"end":{"line":225,"column":6}},"83":{"start":{"line":226,"column":2},"end":{"line":226,"column":12}},"84":{"start":{"line":227,"column":2},"end":{"line":227,"column":8}},"85":{"start":{"line":229,"column":8},"end":{"line":229,"column":51}},"86":{"start":{"line":230,"column":8},"end":{"line":230,"column":42}},"87":{"start":{"line":232,"column":2},"end":{"line":236,"column":3}},"88":{"start":{"line":233,"column":4},"end":{"line":235,"column":6}},"89":{"start":{"line":238,"column":2},"end":{"line":242,"column":3}},"90":{"start":{"line":239,"column":4},"end":{"line":241,"column":6}},"91":{"start":{"line":244,"column":2},"end":{"line":248,"column":3}},"92":{"start":{"line":245,"column":4},"end":{"line":247,"column":6}},"93":{"start":{"line":250,"column":2},"end":{"line":254,"column":3}},"94":{"start":{"line":251,"column":4},"end":{"line":253,"column":6}},"95":{"start":{"line":256,"column":2},"end":{"line":260,"column":4}},"96":{"start":{"line":262,"column":51},"end":{"line":264,"column":3}},"97":{"start":{"line":262,"column":8},"end":{"line":264,"column":3}},"98":{"start":{"line":266,"column":2},"end":{"line":271,"column":3}},"99":{"start":{"line":267,"column":4},"end":{"line":270,"column":6}},"100":{"start":{"line":273,"column":8},"end":{"line":273,"column":72}},"101":{"start":{"line":274,"column":8},"end":{"line":276,"column":3}},"102":{"start":{"line":278,"column":8},"end":{"line":288,"column":3}},"103":{"start":{"line":290,"column":8},"end":{"line":292,"column":3}},"104":{"start":{"line":295,"column":4},"end":{"line":299,"column":6}},"105":{"start":{"line":301,"column":4},"end":{"line":301,"column":63}},"106":{"start":{"line":304,"column":58},"end":{"line":306,"column":3}},"107":{"start":{"line":304,"column":8},"end":{"line":306,"column":3}},"108":{"start":{"line":307,"column":8},"end":{"line":309,"column":3}},"109":{"start":{"line":310,"column":2},"end":{"line":310,"column":16}},"110":{"start":{"line":326,"column":24},"end":{"line":333,"column":1}},"111":{"start":{"line":335,"column":9},"end":{"line":335,"column":24}}},"fnMap":{"0":{"name":"(anonymous_15)","decl":{"start":{"line":27,"column":23},"end":{"line":27,"column":29}},"loc":{"start":{"line":32,"column":17},"end":{"line":47,"column":1}}},"1":{"name":"(anonymous_18)","decl":{"start":{"line":55,"column":23},"end":{"line":55,"column":29}},"loc":{"start":{"line":59,"column":17},"end":{"line":146,"column":1}}},"2":{"name":"(anonymous_21)","decl":{"start":{"line":95,"column":4},"end":{"line":95,"column":10}},"loc":{"start":{"line":95,"column":20},"end":{"line":121,"column":5}}},"3":{"name":"(anonymous_24)","decl":{"start":{"line":153,"column":20},"end":{"line":153,"column":26}},"loc":{"start":{"line":156,"column":14},"end":{"line":188,"column":1}}},"4":{"name":"(anonymous_27)","decl":{"start":{"line":194,"column":22},"end":{"line":194,"column":28}},"loc":{"start":{"line":196,"column":16},"end":{"line":214,"column":1}}},"5":{"name":"(anonymous_30)","decl":{"start":{"line":223,"column":23},"end":{"line":223,"column":29}},"loc":{"start":{"line":228,"column":17},"end":{"line":311,"column":1}}}},"branchMap":{"0":{"loc":{"start":{"line":63,"column":2},"end":{"line":67,"column":3}},"type":"if","locations":[{"start":{"line":63,"column":2},"end":{"line":67,"column":3}},{"start":{"line":63,"column":2},"end":{"line":67,"column":3}}]},"1":{"loc":{"start":{"line":69,"column":2},"end":{"line":73,"column":3}},"type":"if","locations":[{"start":{"line":69,"column":2},"end":{"line":73,"column":3}},{"start":{"line":69,"column":2},"end":{"line":73,"column":3}}]},"2":{"loc":{"start":{"line":75,"column":2},"end":{"line":79,"column":3}},"type":"if","locations":[{"start":{"line":75,"column":2},"end":{"line":79,"column":3}},{"start":{"line":75,"column":2},"end":{"line":79,"column":3}}]},"3":{"loc":{"start":{"line":100,"column":6},"end":{"line":102,"column":7}},"type":"if","locations":[{"start":{"line":100,"column":6},"end":{"line":102,"column":7}},{"start":{"line":100,"column":6},"end":{"line":102,"column":7}}]},"4":{"loc":{"start":{"line":160,"column":2},"end":{"line":164,"column":3}},"type":"if","locations":[{"start":{"line":160,"column":2},"end":{"line":164,"column":3}},{"start":{"line":160,"column":2},"end":{"line":164,"column":3}}]},"5":{"loc":{"start":{"line":166,"column":2},"end":{"line":170,"column":3}},"type":"if","locations":[{"start":{"line":166,"column":2},"end":{"line":170,"column":3}},{"start":{"line":166,"column":2},"end":{"line":170,"column":3}}]},"6":{"loc":{"start":{"line":176,"column":2},"end":{"line":181,"column":3}},"type":"if","locations":[{"start":{"line":176,"column":2},"end":{"line":181,"column":3}},{"start":{"line":176,"column":2},"end":{"line":181,"column":3}}]},"7":{"loc":{"start":{"line":200,"column":2},"end":{"line":204,"column":3}},"type":"if","locations":[{"start":{"line":200,"column":2},"end":{"line":204,"column":3}},{"start":{"line":200,"column":2},"end":{"line":204,"column":3}}]},"8":{"loc":{"start":{"line":232,"column":2},"end":{"line":236,"column":3}},"type":"if","locations":[{"start":{"line":232,"column":2},"end":{"line":236,"column":3}},{"start":{"line":232,"column":2},"end":{"line":236,"column":3}}]},"9":{"loc":{"start":{"line":238,"column":2},"end":{"line":242,"column":3}},"type":"if","locations":[{"start":{"line":238,"column":2},"end":{"line":242,"column":3}},{"start":{"line":238,"column":2},"end":{"line":242,"column":3}}]},"10":{"loc":{"start":{"line":244,"column":2},"end":{"line":248,"column":3}},"type":"if","locations":[{"start":{"line":244,"column":2},"end":{"line":248,"column":3}},{"start":{"line":244,"column":2},"end":{"line":248,"column":3}}]},"11":{"loc":{"start":{"line":250,"column":2},"end":{"line":254,"column":3}},"type":"if","locations":[{"start":{"line":250,"column":2},"end":{"line":254,"column":3}},{"start":{"line":250,"column":2},"end":{"line":254,"column":3}}]},"12":{"loc":{"start":{"line":266,"column":2},"end":{"line":271,"column":3}},"type":"if","locations":[{"start":{"line":266,"column":2},"end":{"line":271,"column":3}},{"start":{"line":266,"column":2},"end":{"line":271,"column":3}}]}},"s":{"0":6,"1":6,"2":6,"3":6,"4":6,"5":6,"6":6,"7":1,"8":1,"9":1,"10":1,"11":1,"12":1,"13":1,"14":1,"15":1,"16":1,"17":6,"18":9,"19":9,"20":9,"21":9,"22":9,"23":9,"24":1,"25":8,"26":1,"27":7,"28":1,"29":12,"30":6,"31":6,"32":6,"33":6,"34":6,"35":6,"36":6,"37":6,"38":6,"39":1,"40":5,"41":5,"42":5,"43":5,"44":6,"45":6,"46":6,"47":6,"48":12,"49":1,"50":5,"51":5,"52":4,"53":4,"54":6,"55":5,"56":5,"57":5,"58":5,"59":5,"60":1,"61":4,"62":1,"63":3,"64":3,"65":2,"66":1,"67":1,"68":1,"69":1,"70":6,"71":3,"72":3,"73":3,"74":3,"75":1,"76":2,"77":2,"78":1,"79":1,"80":6,"81":11,"82":11,"83":11,"84":11,"85":11,"86":11,"87":11,"88":1,"89":10,"90":1,"91":9,"92":1,"93":8,"94":1,"95":14,"96":7,"97":7,"98":6,"99":1,"100":5,"101":5,"102":5,"103":5,"104":10,"105":1,"106":4,"107":4,"108":3,"109":3,"110":6,"111":6},"f":{"0":1,"1":9,"2":6,"3":5,"4":3,"5":11},"b":{"0":[1,8],"1":[1,7],"2":[1,6],"3":[1,5],"4":[1,4],"5":[1,3],"6":[1,1],"7":[1,2],"8":[1,10],"9":[1,9],"10":[1,8],"11":[1,7],"12":[1,5]}}
,"/Users/arivero/lh/serverless/services/schedule-service/src/service/lib/transform.ts": {"path":"/Users/arivero/lh/serverless/services/schedule-service/src/service/lib/transform.ts","statementMap":{"0":{"start":{"line":2,"column":0},"end":{"line":2,"column":28}},"1":{"start":{"line":3,"column":0},"end":{"line":3,"column":31}},"2":{"start":{"line":4,"column":0},"end":{"line":4,"column":32}},"3":{"start":{"line":6,"column":23},"end":{"line":15,"column":1}},"4":{"start":{"line":17,"column":26},"end":{"line":34,"column":1}},"5":{"start":{"line":39,"column":10},"end":{"line":39,"column":14}},"6":{"start":{"line":39,"column":16},"end":{"line":39,"column":29}},"7":{"start":{"line":40,"column":10},"end":{"line":40,"column":20}},"8":{"start":{"line":42,"column":49},"end":{"line":49,"column":3}},"9":{"start":{"line":51,"column":2},"end":{"line":51,"column":16}},"10":{"start":{"line":36,"column":0},"end":{"line":52,"column":1}},"11":{"start":{"line":58,"column":4},"end":{"line":58,"column":17}},"12":{"start":{"line":59,"column":4},"end":{"line":59,"column":13}},"13":{"start":{"line":60,"column":4},"end":{"line":60,"column":13}},"14":{"start":{"line":61,"column":4},"end":{"line":61,"column":9}},"15":{"start":{"line":62,"column":4},"end":{"line":62,"column":6}},"16":{"start":{"line":63,"column":4},"end":{"line":63,"column":11}},"17":{"start":{"line":64,"column":4},"end":{"line":64,"column":10}},"18":{"start":{"line":67,"column":25},"end":{"line":67,"column":28}},"19":{"start":{"line":69,"column":22},"end":{"line":72,"column":18}},"20":{"start":{"line":75,"column":16},"end":{"line":75,"column":67}},"21":{"start":{"line":77,"column":51},"end":{"line":90,"column":3}},"22":{"start":{"line":92,"column":2},"end":{"line":92,"column":17}},"23":{"start":{"line":54,"column":0},"end":{"line":93,"column":1}},"24":{"start":{"line":96,"column":10},"end":{"line":96,"column":23}},"25":{"start":{"line":96,"column":25},"end":{"line":96,"column":35}},"26":{"start":{"line":96,"column":37},"end":{"line":96,"column":41}},"27":{"start":{"line":96,"column":43},"end":{"line":96,"column":55}},"28":{"start":{"line":98,"column":22},"end":{"line":101,"column":18}},"29":{"start":{"line":103,"column":24},"end":{"line":111,"column":3}},"30":{"start":{"line":113,"column":2},"end":{"line":113,"column":17}},"31":{"start":{"line":95,"column":0},"end":{"line":114,"column":1}}},"fnMap":{"0":{"name":"documentToSchedulePayload","decl":{"start":{"line":36,"column":16},"end":{"line":36,"column":41}},"loc":{"start":{"line":37,"column":42},"end":{"line":52,"column":1}}},"1":{"name":"payloadToScheduleDocument","decl":{"start":{"line":54,"column":16},"end":{"line":54,"column":41}},"loc":{"start":{"line":55,"column":40},"end":{"line":93,"column":1}}},"2":{"name":"payloadToScheduleLocationDocument","decl":{"start":{"line":95,"column":16},"end":{"line":95,"column":49}},"loc":{"start":{"line":95,"column":62},"end":{"line":114,"column":1}}}},"branchMap":{"0":{"loc":{"start":{"line":79,"column":23},"end":{"line":79,"column":26}},"type":"cond-expr","locations":[{"start":{"line":79,"column":23},"end":{"line":79,"column":26}},{"start":{"line":79,"column":29},"end":{"line":79,"column":38}}]},"1":{"loc":{"start":{"line":80,"column":23},"end":{"line":80,"column":28}},"type":"cond-expr","locations":[{"start":{"line":80,"column":23},"end":{"line":80,"column":28}},{"start":{"line":80,"column":31},"end":{"line":80,"column":40}}]},"2":{"loc":{"start":{"line":85,"column":24},"end":{"line":85,"column":30}},"type":"cond-expr","locations":[{"start":{"line":85,"column":24},"end":{"line":85,"column":30}},{"start":{"line":85,"column":33},"end":{"line":85,"column":35}}]},"3":{"loc":{"start":{"line":86,"column":19},"end":{"line":86,"column":22}},"type":"cond-expr","locations":[{"start":{"line":86,"column":19},"end":{"line":86,"column":22}},{"start":{"line":86,"column":25},"end":{"line":86,"column":34}}]}},"s":{"0":4,"1":4,"2":4,"3":4,"4":4,"5":3,"6":3,"7":3,"8":3,"9":3,"10":4,"11":2,"12":2,"13":2,"14":2,"15":2,"16":2,"17":2,"18":2,"19":2,"20":2,"21":2,"22":2,"23":4,"24":1,"25":1,"26":1,"27":1,"28":1,"29":1,"30":1,"31":4},"f":{"0":3,"1":2,"2":1},"b":{"0":[1,1],"1":[1,1],"2":[1,1],"3":[1,1]}}
}
