TN:
SF:/Users/arivero/lh/serverless/services/schedule-service/jest.setup.js
FNF:0
FNH:0
DA:2,12
DA:3,12
DA:4,12
DA:5,12
LF:4
LH:4
BRF:0
BRH:0
end_of_record
TN:
SF:/Users/arivero/lh/serverless/services/schedule-service/src/constants.ts
FNF:0
FNH:0
DA:1,3
DA:2,3
DA:3,3
DA:4,3
LF:4
LH:4
BRF:0
BRH:0
end_of_record
TN:
SF:/Users/arivero/lh/serverless/services/schedule-service/src/__fixtures__/index.ts
FNF:0
FNH:0
DA:1,7
DA:55,7
DA:89,7
DA:113,7
LF:4
LH:4
BRF:0
BRH:0
end_of_record
TN:
SF:/Users/arivero/lh/serverless/services/schedule-service/src/handlers/createScheduleHandler.ts
FN:5,createScheduleHandler
FNF:1
FNH:1
FNDA:9,createScheduleHandler
DA:1,1
DA:3,1
DA:5,1
DA:9,9
DA:10,9
DA:11,9
DA:12,9
DA:14,9
DA:22,4
DA:27,5
DA:32,5
LF:11
LH:11
BRDA:10,0,0,9
BRDA:10,0,1,8
BRDA:11,1,0,9
BRDA:11,1,1,9
BRDA:12,2,0,9
BRDA:12,2,1,9
BRF:6
BRH:6
end_of_record
TN:
SF:/Users/arivero/lh/serverless/services/schedule-service/src/handlers/getScheduleHandler.ts
FN:5,getScheduleHandler
FNF:1
FNH:1
FNDA:5,getScheduleHandler
DA:1,1
DA:3,1
DA:5,1
DA:9,5
DA:10,5
DA:11,5
DA:13,5
DA:20,1
DA:25,4
DA:30,4
LF:10
LH:10
BRDA:10,0,0,5
BRDA:10,0,1,5
BRDA:11,1,0,5
BRDA:11,1,1,5
BRF:4
BRH:4
end_of_record
TN:
SF:/Users/arivero/lh/serverless/services/schedule-service/src/handlers/listSchedulesHandler.ts
FN:5,listSchedulesHandler
FNF:1
FNH:1
FNDA:3,listSchedulesHandler
DA:1,1
DA:3,1
DA:5,1
DA:9,3
DA:10,3
DA:11,3
DA:17,1
DA:22,2
DA:27,2
LF:9
LH:9
BRDA:10,0,0,3
BRDA:10,0,1,3
BRF:2
BRH:2
end_of_record
TN:
SF:/Users/arivero/lh/serverless/services/schedule-service/src/handlers/updateScheduleHandler.ts
FN:5,updateScheduleHandler
FNF:1
FNH:1
FNDA:11,updateScheduleHandler
DA:1,1
DA:3,1
DA:5,1
DA:9,11
DA:10,11
DA:11,11
DA:12,11
DA:13,11
DA:15,11
DA:24,3
DA:29,8
DA:34,8
LF:12
LH:12
BRDA:10,0,0,11
BRDA:10,0,1,11
BRDA:11,1,0,11
BRDA:11,1,1,10
BRDA:12,2,0,11
BRDA:12,2,1,11
BRDA:13,3,0,11
BRDA:13,3,1,11
BRF:8
BRH:8
end_of_record
TN:
SF:/Users/arivero/lh/serverless/services/schedule-service/src/handlers/upsertLocationHandler.ts
FN:6,upsertLocationHandler
FNF:1
FNH:1
FNDA:3,upsertLocationHandler
DA:1,1
DA:3,1
DA:4,1
DA:6,1
DA:8,3
DA:10,3
DA:14,1
DA:16,2
DA:21,2
DA:22,1
DA:25,1
LF:11
LH:11
BRDA:21,0,0,1
BRDA:21,0,1,1
BRF:2
BRH:2
end_of_record
TN:
SF:/Users/arivero/lh/serverless/services/schedule-service/src/repository/config.ts
FN:3,getDynamoDbConfig
FNF:1
FNH:1
FNDA:26,getDynamoDbConfig
DA:3,8
DA:4,26
LF:2
LH:2
BRDA:5,0,0,1
BRDA:5,0,1,25
BRF:2
BRH:2
end_of_record
TN:
SF:/Users/arivero/lh/serverless/services/schedule-service/src/repository/dynamo.ts
FN:24,getDocumentClient
FN:36,DynamoRepository
FN:37,(anonymous_15)
FN:86,(anonymous_18)
FN:119,(anonymous_21)
FN:151,(anonymous_24)
FN:159,(anonymous_27)
FN:219,generateExpressions
FN:221,(anonymous_29)
FN:231,(anonymous_30)
FNF:10
FNH:10
FNDA:24,getDocumentClient
FNDA:29,DynamoRepository
FNDA:6,(anonymous_15)
FNDA:10,(anonymous_18)
FNDA:2,(anonymous_21)
FNDA:4,(anonymous_24)
FNDA:40,(anonymous_27)
FNDA:164,generateExpressions
FNDA:12,(anonymous_29)
FNDA:112,(anonymous_30)
DA:1,7
DA:5,7
DA:6,7
DA:7,7
DA:12,7
DA:13,7
DA:15,7
DA:24,7
DA:25,24
DA:29,24
DA:33,24
DA:36,29
DA:37,29
DA:39,6
DA:40,6
DA:44,12
DA:45,5
DA:47,1
DA:86,29
DA:87,10
DA:88,10
DA:90,10
DA:91,10
DA:92,10
DA:93,10
DA:95,10
DA:96,10
DA:98,10
DA:109,10
DA:113,8
DA:115,2
DA:119,29
DA:120,2
DA:121,2
DA:123,2
DA:124,2
DA:125,2
DA:126,2
DA:128,2
DA:129,2
DA:131,2
DA:141,2
DA:145,1
DA:147,1
DA:151,29
DA:152,4
DA:154,4
DA:155,4
DA:156,4
DA:158,4
DA:159,4
DA:160,40
DA:163,4
DA:164,4
DA:165,4
DA:168,4
DA:175,8
DA:176,3
DA:178,1
DA:210,29
DA:219,164
DA:220,164
DA:221,12
DA:222,12
DA:230,152
DA:231,40
DA:232,112
DA:240,112
LF:68
LH:68
BRDA:30,0,0,7
BRDA:30,0,1,17
BRDA:220,1,0,12
BRDA:220,1,1,152
BRDA:230,2,0,40
BRDA:230,2,1,112
BRF:6
BRH:6
end_of_record
TN:
SF:/Users/arivero/lh/serverless/services/schedule-service/src/service/ScheduleService.ts
FN:27,(anonymous_15)
FN:55,(anonymous_18)
FN:95,(anonymous_21)
FN:153,(anonymous_24)
FN:194,(anonymous_27)
FN:223,(anonymous_30)
FNF:6
FNH:6
FNDA:1,(anonymous_15)
FNDA:9,(anonymous_18)
FNDA:6,(anonymous_21)
FNDA:5,(anonymous_24)
FNDA:3,(anonymous_27)
FNDA:11,(anonymous_30)
DA:1,6
DA:2,6
DA:3,6
DA:4,6
DA:6,6
DA:7,6
DA:27,6
DA:28,1
DA:29,1
DA:30,1
DA:31,1
DA:33,1
DA:34,1
DA:36,1
DA:45,1
DA:46,1
DA:55,6
DA:56,9
DA:57,9
DA:58,9
DA:60,9
DA:61,9
DA:63,9
DA:64,1
DA:69,8
DA:70,1
DA:75,7
DA:76,1
DA:81,12
DA:87,6
DA:88,6
DA:90,6
DA:91,6
DA:93,6
DA:96,6
DA:100,6
DA:101,1
DA:104,5
DA:106,5
DA:118,5
DA:120,5
DA:125,6
DA:126,6
DA:127,6
DA:132,12
DA:138,1
DA:141,5
DA:142,4
DA:145,4
DA:153,6
DA:154,5
DA:155,5
DA:157,5
DA:158,5
DA:160,5
DA:161,1
DA:166,4
DA:167,1
DA:172,3
DA:176,2
DA:177,1
DA:183,1
DA:184,1
DA:187,1
DA:194,6
DA:195,3
DA:197,3
DA:198,3
DA:200,3
DA:201,1
DA:206,2
DA:209,1
DA:213,1
DA:223,6
DA:224,11
DA:225,11
DA:226,11
DA:227,11
DA:229,11
DA:230,11
DA:232,11
DA:233,1
DA:238,10
DA:239,1
DA:244,9
DA:245,1
DA:250,8
DA:251,1
DA:256,14
DA:262,7
DA:266,6
DA:267,1
DA:273,5
DA:274,5
DA:278,5
DA:290,5
DA:295,10
DA:301,1
DA:304,4
DA:307,3
DA:310,3
DA:326,6
DA:335,6
LF:103
LH:103
BRDA:63,0,0,1
BRDA:63,0,1,8
BRDA:69,1,0,1
BRDA:69,1,1,7
BRDA:75,2,0,1
BRDA:75,2,1,6
BRDA:100,3,0,1
BRDA:100,3,1,5
BRDA:160,4,0,1
BRDA:160,4,1,4
BRDA:166,5,0,1
BRDA:166,5,1,3
BRDA:176,6,0,1
BRDA:176,6,1,1
BRDA:200,7,0,1
BRDA:200,7,1,2
BRDA:232,8,0,1
BRDA:232,8,1,10
BRDA:238,9,0,1
BRDA:238,9,1,9
BRDA:244,10,0,1
BRDA:244,10,1,8
BRDA:250,11,0,1
BRDA:250,11,1,7
BRDA:266,12,0,1
BRDA:266,12,1,5
BRF:26
BRH:26
end_of_record
TN:
SF:/Users/arivero/lh/serverless/services/schedule-service/src/service/lib/transform.ts
FN:36,documentToSchedulePayload
FN:54,payloadToScheduleDocument
FN:95,payloadToScheduleLocationDocument
FNF:3
FNH:3
FNDA:3,documentToSchedulePayload
FNDA:2,payloadToScheduleDocument
FNDA:1,payloadToScheduleLocationDocument
DA:2,4
DA:3,4
DA:4,4
DA:6,4
DA:17,4
DA:36,4
DA:39,3
DA:40,3
DA:42,3
DA:51,3
DA:54,4
DA:58,2
DA:59,2
DA:60,2
DA:61,2
DA:62,2
DA:63,2
DA:64,2
DA:67,2
DA:69,2
DA:75,2
DA:77,2
DA:92,2
DA:95,4
DA:96,1
DA:98,1
DA:103,1
DA:113,1
LF:28
LH:28
BRDA:79,0,0,1
BRDA:79,0,1,1
BRDA:80,1,0,1
BRDA:80,1,1,1
BRDA:85,2,0,1
BRDA:85,2,1,1
BRDA:86,3,0,1
BRDA:86,3,1,1
BRF:8
BRH:8
end_of_record
