{"/Users/arivero/lh/serverless/services/winteam-sync/src/handlers/helpers/upsertUser.ts": {"path":"/Users/arivero/lh/serverless/services/winteam-sync/src/handlers/helpers/upsertUser.ts","statementMap":{"0":{"start":{"line":1,"column":0},"end":{"line":1,"column":76}},"1":{"start":{"line":3,"column":0},"end":{"line":3,"column":31}},"2":{"start":{"line":5,"column":0},"end":{"line":5,"column":null}},"3":{"start":{"line":6,"column":2},"end":{"line":6,"column":null}},"4":{"start":{"line":7,"column":2},"end":{"line":7,"column":null}},"5":{"start":{"line":8,"column":2},"end":{"line":8,"column":null}},"6":{"start":{"line":17,"column":0},"end":{"line":17,"column":null}},"7":{"start":{"line":18,"column":2},"end":{"line":18,"column":null}},"8":{"start":{"line":55,"column":12},"end":{"line":55,"column":38}},"9":{"start":{"line":57,"column":4},"end":{"line":57,"column":null}},"10":{"start":{"line":59,"column":4},"end":{"line":63,"column":null}},"11":{"start":{"line":60,"column":6},"end":{"line":62,"column":null}},"12":{"start":{"line":65,"column":4},"end":{"line":69,"column":null}},"13":{"start":{"line":66,"column":6},"end":{"line":68,"column":null}},"14":{"start":{"line":71,"column":10},"end":{"line":71,"column":null}},"15":{"start":{"line":72,"column":10},"end":{"line":72,"column":null}},"16":{"start":{"line":73,"column":12},"end":{"line":73,"column":66}},"17":{"start":{"line":75,"column":4},"end":{"line":79,"column":null}},"18":{"start":{"line":76,"column":6},"end":{"line":78,"column":null}},"19":{"start":{"line":81,"column":38},"end":{"line":83,"column":null}},"20":{"start":{"line":81,"column":10},"end":{"line":83,"column":null}},"21":{"start":{"line":85,"column":28},"end":{"line":91,"column":null}},"22":{"start":{"line":85,"column":10},"end":{"line":91,"column":null}},"23":{"start":{"line":94,"column":8},"end":{"line":94,"column":null}},"24":{"start":{"line":96,"column":26},"end":{"line":99,"column":null}},"25":{"start":{"line":96,"column":10},"end":{"line":99,"column":null}},"26":{"start":{"line":100,"column":10},"end":{"line":100,"column":null}},"27":{"start":{"line":101,"column":10},"end":{"line":103,"column":null}},"28":{"start":{"line":105,"column":8},"end":{"line":105,"column":23}},"29":{"start":{"line":107,"column":12},"end":{"line":120,"column":null}},"30":{"start":{"line":122,"column":26},"end":{"line":130,"column":null}},"31":{"start":{"line":122,"column":12},"end":{"line":130,"column":null}},"32":{"start":{"line":131,"column":6},"end":{"line":136,"column":null}},"33":{"start":{"line":132,"column":14},"end":{"line":132,"column":null}},"34":{"start":{"line":133,"column":8},"end":{"line":135,"column":null}},"35":{"start":{"line":138,"column":12},"end":{"line":143,"column":null}},"36":{"start":{"line":145,"column":6},"end":{"line":145,"column":null}},"37":{"start":{"line":147,"column":6},"end":{"line":147,"column":null}},"38":{"start":{"line":150,"column":10},"end":{"line":168,"column":null}},"39":{"start":{"line":170,"column":20},"end":{"line":175,"column":null}},"40":{"start":{"line":170,"column":10},"end":{"line":175,"column":null}},"41":{"start":{"line":177,"column":4},"end":{"line":182,"column":null}},"42":{"start":{"line":178,"column":12},"end":{"line":178,"column":null}},"43":{"start":{"line":179,"column":6},"end":{"line":181,"column":null}},"44":{"start":{"line":184,"column":10},"end":{"line":189,"column":null}},"45":{"start":{"line":191,"column":4},"end":{"line":191,"column":null}},"46":{"start":{"line":193,"column":4},"end":{"line":193,"column":null}},"47":{"start":{"line":195,"column":4},"end":{"line":195,"column":null}},"48":{"start":{"line":196,"column":4},"end":{"line":196,"column":null}},"49":{"start":{"line":53,"column":0},"end":{"line":53,"column":33}},"50":{"start":{"line":201,"column":2},"end":{"line":205,"column":null}},"51":{"start":{"line":202,"column":4},"end":{"line":204,"column":null}},"52":{"start":{"line":203,"column":6},"end":{"line":203,"column":null}},"53":{"start":{"line":209,"column":14},"end":{"line":209,"column":32}},"54":{"start":{"line":211,"column":2},"end":{"line":214,"column":null}},"55":{"start":{"line":216,"column":2},"end":{"line":216,"column":null}}},"fnMap":{"0":{"name":"(anonymous_13)","decl":{"start":{"line":5,"column":0},"end":{"line":5,"column":5}},"loc":{"start":{"line":5,"column":8},"end":{"line":9,"column":1}}},"1":{"name":"(anonymous_14)","decl":{"start":{"line":17,"column":0},"end":{"line":17,"column":12}},"loc":{"start":{"line":17,"column":32},"end":{"line":19,"column":1}}},"2":{"name":"upsertUser","decl":{"start":{"line":53,"column":0},"end":{"line":53,"column":33}},"loc":{"start":{"line":53,"column":49},"end":{"line":198,"column":null}}},"3":{"name":"assertEnv","decl":{"start":{"line":200,"column":0},"end":{"line":200,"column":null}},"loc":{"start":{"line":200,"column":0},"end":{"line":206,"column":1}}},"4":{"name":"handleError","decl":{"start":{"line":208,"column":0},"end":{"line":208,"column":21}},"loc":{"start":{"line":208,"column":51},"end":{"line":217,"column":1}}}},"branchMap":{"0":{"loc":{"start":{"line":5,"column":5},"end":{"line":5,"column":8}},"type":"binary-expr","locations":[{"start":{"line":5,"column":5},"end":{"line":5,"column":8}},{"start":{"line":5,"column":5},"end":{"line":5,"column":null}}]},"1":{"loc":{"start":{"line":17,"column":12},"end":{"line":17,"column":32}},"type":"binary-expr","locations":[{"start":{"line":17,"column":12},"end":{"line":17,"column":32}},{"start":{"line":17,"column":12},"end":{"line":17,"column":null}}]},"2":{"loc":{"start":{"line":59,"column":4},"end":{"line":63,"column":null}},"type":"if","locations":[{"start":{"line":59,"column":4},"end":{"line":63,"column":null}},{"start":{"line":59,"column":4},"end":{"line":63,"column":null}}]},"3":{"loc":{"start":{"line":65,"column":4},"end":{"line":69,"column":null}},"type":"if","locations":[{"start":{"line":65,"column":4},"end":{"line":69,"column":null}},{"start":{"line":65,"column":4},"end":{"line":69,"column":null}}]},"4":{"loc":{"start":{"line":75,"column":4},"end":{"line":79,"column":null}},"type":"if","locations":[{"start":{"line":75,"column":4},"end":{"line":79,"column":null}},{"start":{"line":75,"column":4},"end":{"line":79,"column":null}}]},"5":{"loc":{"start":{"line":105,"column":8},"end":{"line":105,"column":23}},"type":"if","locations":[{"start":{"line":105,"column":8},"end":{"line":105,"column":23}},{"start":{"line":105,"column":8},"end":{"line":105,"column":23}}]},"6":{"loc":{"start":{"line":131,"column":6},"end":{"line":136,"column":null}},"type":"if","locations":[{"start":{"line":131,"column":6},"end":{"line":136,"column":null}},{"start":{"line":131,"column":6},"end":{"line":136,"column":null}}]},"7":{"loc":{"start":{"line":177,"column":4},"end":{"line":182,"column":null}},"type":"if","locations":[{"start":{"line":177,"column":4},"end":{"line":182,"column":null}},{"start":{"line":177,"column":4},"end":{"line":182,"column":null}}]},"8":{"loc":{"start":{"line":202,"column":4},"end":{"line":204,"column":null}},"type":"if","locations":[{"start":{"line":202,"column":4},"end":{"line":204,"column":null}},{"start":{"line":202,"column":4},"end":{"line":204,"column":null}}]}},"s":{"0":2,"1":2,"2":2,"3":2,"4":2,"5":2,"6":2,"7":2,"8":9,"9":9,"10":7,"11":1,"12":6,"13":1,"14":5,"15":5,"16":5,"17":5,"18":1,"19":4,"20":4,"21":4,"22":4,"23":4,"24":4,"25":4,"26":4,"27":4,"28":6,"29":2,"30":2,"31":2,"32":2,"33":1,"34":1,"35":1,"36":1,"37":1,"38":2,"39":2,"40":2,"41":2,"42":1,"43":1,"44":1,"45":1,"46":1,"47":7,"48":7,"49":2,"50":9,"51":25,"52":2,"53":4,"54":4,"55":4},"f":{"0":2,"1":2,"2":9,"3":9,"4":4},"b":{"0":[2,2],"1":[2,2],"2":[1,6],"3":[1,5],"4":[1,4],"5":[2,2],"6":[1,1],"7":[1,1],"8":[2,23]}}
,"/Users/arivero/lh/serverless/services/winteam-sync/src/handlers/helpers/validations.ts": {"path":"/Users/arivero/lh/serverless/services/winteam-sync/src/handlers/helpers/validations.ts","statementMap":{"0":{"start":{"line":1,"column":0},"end":{"line":1,"column":54}},"1":{"start":{"line":3,"column":13},"end":{"line":15,"column":null}},"2":{"start":{"line":3,"column":32},"end":{"line":3,"column":39}},"3":{"start":{"line":3,"column":41},"end":{"line":3,"column":45}},"4":{"start":{"line":4,"column":2},"end":{"line":14,"column":null}},"5":{"start":{"line":5,"column":16},"end":{"line":7,"column":6}},"6":{"start":{"line":9,"column":4},"end":{"line":11,"column":null}},"7":{"start":{"line":13,"column":4},"end":{"line":13,"column":null}}},"fnMap":{"0":{"name":"(anonymous_0)","decl":{"start":{"line":3,"column":29},"end":{"line":3,"column":30}},"loc":{"start":{"line":3,"column":66},"end":{"line":15,"column":1}}}},"branchMap":{"0":{"loc":{"start":{"line":4,"column":2},"end":{"line":14,"column":null}},"type":"if","locations":[{"start":{"line":4,"column":2},"end":{"line":14,"column":null}},{"start":{"line":4,"column":2},"end":{"line":14,"column":null}}]}},"s":{"0":3,"1":3,"2":17,"3":17,"4":17,"5":2,"6":2,"7":2},"f":{"0":17},"b":{"0":[2,15]}}
,"/Users/arivero/lh/serverless/services/winteam-sync/src/handlers/winteamEvents/handleJobEvent.ts": {"path":"/Users/arivero/lh/serverless/services/winteam-sync/src/handlers/winteamEvents/handleJobEvent.ts","statementMap":{"0":{"start":{"line":2,"column":0},"end":{"line":2,"column":60}},"1":{"start":{"line":3,"column":0},"end":{"line":3,"column":61}},"2":{"start":{"line":4,"column":0},"end":{"line":4,"column":33}},"3":{"start":{"line":5,"column":0},"end":{"line":5,"column":37}},"4":{"start":{"line":8,"column":0},"end":{"line":8,"column":null}},"5":{"start":{"line":9,"column":2},"end":{"line":9,"column":null}},"6":{"start":{"line":10,"column":2},"end":{"line":10,"column":null}},"7":{"start":{"line":11,"column":2},"end":{"line":11,"column":null}},"8":{"start":{"line":12,"column":2},"end":{"line":12,"column":null}},"9":{"start":{"line":13,"column":2},"end":{"line":13,"column":null}},"10":{"start":{"line":14,"column":2},"end":{"line":14,"column":null}},"11":{"start":{"line":30,"column":30},"end":{"line":30,"column":33}},"12":{"start":{"line":33,"column":2},"end":{"line":33,"column":9}},"13":{"start":{"line":34,"column":2},"end":{"line":34,"column":6}},"14":{"start":{"line":36,"column":10},"end":{"line":36,"column":20}},"15":{"start":{"line":38,"column":2},"end":{"line":38,"column":null}},"16":{"start":{"line":40,"column":2},"end":{"line":44,"column":null}},"17":{"start":{"line":41,"column":4},"end":{"line":43,"column":null}},"18":{"start":{"line":46,"column":14},"end":{"line":46,"column":null}},"19":{"start":{"line":46,"column":8},"end":{"line":46,"column":null}},"20":{"start":{"line":48,"column":2},"end":{"line":56,"column":null}},"21":{"start":{"line":49,"column":10},"end":{"line":49,"column":null}},"22":{"start":{"line":51,"column":4},"end":{"line":53,"column":null}},"23":{"start":{"line":55,"column":4},"end":{"line":55,"column":null}},"24":{"start":{"line":58,"column":8},"end":{"line":58,"column":null}},"25":{"start":{"line":60,"column":24},"end":{"line":63,"column":null}},"26":{"start":{"line":60,"column":8},"end":{"line":63,"column":null}},"27":{"start":{"line":64,"column":8},"end":{"line":64,"column":null}},"28":{"start":{"line":67,"column":8},"end":{"line":67,"column":null}},"29":{"start":{"line":69,"column":8},"end":{"line":71,"column":null}},"30":{"start":{"line":73,"column":34},"end":{"line":80,"column":null}},"31":{"start":{"line":73,"column":8},"end":{"line":80,"column":null}},"32":{"start":{"line":82,"column":8},"end":{"line":82,"column":null}},"33":{"start":{"line":84,"column":6},"end":{"line":84,"column":21}},"34":{"start":{"line":85,"column":10},"end":{"line":85,"column":null}},"35":{"start":{"line":87,"column":28},"end":{"line":92,"column":null}},"36":{"start":{"line":87,"column":10},"end":{"line":92,"column":null}},"37":{"start":{"line":94,"column":4},"end":{"line":94,"column":null}},"38":{"start":{"line":97,"column":22},"end":{"line":102,"column":null}},"39":{"start":{"line":97,"column":8},"end":{"line":102,"column":null}},"40":{"start":{"line":104,"column":2},"end":{"line":104,"column":null}},"41":{"start":{"line":32,"column":0},"end":{"line":32,"column":45}},"42":{"start":{"line":158,"column":14},"end":{"line":158,"column":46}},"43":{"start":{"line":159,"column":14},"end":{"line":159,"column":47}},"44":{"start":{"line":160,"column":23},"end":{"line":160,"column":40}},"45":{"start":{"line":162,"column":24},"end":{"line":162,"column":67}},"46":{"start":{"line":164,"column":2},"end":{"line":186,"column":null}},"47":{"start":{"line":190,"column":2},"end":{"line":194,"column":null}},"48":{"start":{"line":191,"column":4},"end":{"line":193,"column":null}},"49":{"start":{"line":192,"column":6},"end":{"line":192,"column":null}},"50":{"start":{"line":199,"column":26},"end":{"line":202,"column":null}},"51":{"start":{"line":199,"column":8},"end":{"line":202,"column":null}},"52":{"start":{"line":203,"column":8},"end":{"line":211,"column":null}},"53":{"start":{"line":213,"column":14},"end":{"line":213,"column":null}},"54":{"start":{"line":213,"column":8},"end":{"line":213,"column":null}},"55":{"start":{"line":214,"column":2},"end":{"line":214,"column":null}},"56":{"start":{"line":218,"column":14},"end":{"line":218,"column":32}},"57":{"start":{"line":220,"column":2},"end":{"line":223,"column":null}},"58":{"start":{"line":225,"column":2},"end":{"line":225,"column":null}}},"fnMap":{"0":{"name":"(anonymous_14)","decl":{"start":{"line":8,"column":0},"end":{"line":8,"column":5}},"loc":{"start":{"line":8,"column":8},"end":{"line":15,"column":1}}},"1":{"name":"handleJobEvent","decl":{"start":{"line":32,"column":0},"end":{"line":32,"column":45}},"loc":{"start":{"line":35,"column":17},"end":{"line":105,"column":null}}},"2":{"name":"mapJobToArea","decl":{"start":{"line":157,"column":0},"end":{"line":157,"column":22}},"loc":{"start":{"line":157,"column":30},"end":{"line":187,"column":1}}},"3":{"name":"assertEnv","decl":{"start":{"line":189,"column":0},"end":{"line":189,"column":null}},"loc":{"start":{"line":189,"column":0},"end":{"line":195,"column":1}}},"4":{"name":"getJob","decl":{"start":{"line":198,"column":0},"end":{"line":198,"column":22}},"loc":{"start":{"line":198,"column":35},"end":{"line":215,"column":null}}},"5":{"name":"handleError","decl":{"start":{"line":217,"column":0},"end":{"line":217,"column":21}},"loc":{"start":{"line":217,"column":51},"end":{"line":226,"column":1}}}},"branchMap":{"0":{"loc":{"start":{"line":8,"column":5},"end":{"line":8,"column":8}},"type":"binary-expr","locations":[{"start":{"line":8,"column":5},"end":{"line":8,"column":8}},{"start":{"line":8,"column":5},"end":{"line":8,"column":null}}]},"1":{"loc":{"start":{"line":97,"column":22},"end":{"line":102,"column":null}},"type":"switch","locations":[{"start":{"line":97,"column":22},"end":{"line":102,"column":null}}]},"2":{"loc":{"start":{"line":40,"column":2},"end":{"line":44,"column":null}},"type":"if","locations":[{"start":{"line":40,"column":2},"end":{"line":44,"column":null}},{"start":{"line":40,"column":2},"end":{"line":44,"column":null}}]},"3":{"loc":{"start":{"line":48,"column":2},"end":{"line":56,"column":null}},"type":"if","locations":[{"start":{"line":48,"column":2},"end":{"line":56,"column":null}},{"start":{"line":48,"column":2},"end":{"line":56,"column":null}}]},"4":{"loc":{"start":{"line":84,"column":6},"end":{"line":84,"column":21}},"type":"if","locations":[{"start":{"line":84,"column":6},"end":{"line":84,"column":21}},{"start":{"line":84,"column":6},"end":{"line":84,"column":21}}]},"5":{"loc":{"start":{"line":191,"column":4},"end":{"line":193,"column":null}},"type":"if","locations":[{"start":{"line":191,"column":4},"end":{"line":193,"column":null}},{"start":{"line":191,"column":4},"end":{"line":193,"column":null}}]},"6":{"loc":{"start":{"line":199,"column":26},"end":{"line":202,"column":null}},"type":"switch","locations":[{"start":{"line":199,"column":26},"end":{"line":202,"column":null}}]}},"s":{"0":2,"1":2,"2":2,"3":2,"4":2,"5":2,"6":2,"7":2,"8":2,"9":2,"10":2,"11":2,"12":9,"13":9,"14":9,"15":9,"16":4,"17":1,"18":3,"19":3,"20":3,"21":1,"22":1,"23":1,"24":2,"25":2,"26":2,"27":2,"28":2,"29":2,"30":2,"31":2,"32":2,"33":3,"34":1,"35":1,"36":1,"37":1,"38":1,"39":1,"40":1,"41":2,"42":2,"43":2,"44":2,"45":2,"46":2,"47":9,"48":41,"49":5,"50":3,"51":3,"52":3,"53":3,"54":3,"55":3,"56":6,"57":6,"58":6},"f":{"0":2,"1":9,"2":2,"3":9,"4":3,"5":6},"b":{"0":[2,2],"1":[1],"2":[1,3],"3":[1,2],"4":[1,1],"5":[5,36],"6":[3]}}
,"/Users/arivero/lh/serverless/services/winteam-sync/src/handlers/winteamEvents/subscriber.ts": {"path":"/Users/arivero/lh/serverless/services/winteam-sync/src/handlers/winteamEvents/subscriber.ts","statementMap":{"0":{"start":{"line":3,"column":0},"end":{"line":3,"column":null}},"1":{"start":{"line":6,"column":0},"end":{"line":6,"column":65}},"2":{"start":{"line":7,"column":0},"end":{"line":7,"column":54}},"3":{"start":{"line":9,"column":0},"end":{"line":9,"column":null}},"4":{"start":{"line":10,"column":2},"end":{"line":10,"column":null}},"5":{"start":{"line":11,"column":2},"end":{"line":11,"column":null}},"6":{"start":{"line":12,"column":2},"end":{"line":12,"column":null}},"7":{"start":{"line":16,"column":0},"end":{"line":16,"column":null}},"8":{"start":{"line":17,"column":2},"end":{"line":17,"column":null}},"9":{"start":{"line":18,"column":2},"end":{"line":18,"column":null}},"10":{"start":{"line":25,"column":16},"end":{"line":28,"column":null}},"11":{"start":{"line":31,"column":2},"end":{"line":31,"column":51}},"12":{"start":{"line":34,"column":2},"end":{"line":44,"column":null}},"13":{"start":{"line":35,"column":10},"end":{"line":37,"column":null}},"14":{"start":{"line":39,"column":4},"end":{"line":41,"column":null}},"15":{"start":{"line":43,"column":4},"end":{"line":43,"column":null}},"16":{"start":{"line":45,"column":2},"end":{"line":45,"column":null}},"17":{"start":{"line":47,"column":2},"end":{"line":64,"column":null}},"18":{"start":{"line":48,"column":4},"end":{"line":48,"column":null}},"19":{"start":{"line":50,"column":10},"end":{"line":52,"column":null}},"20":{"start":{"line":54,"column":4},"end":{"line":54,"column":null}},"21":{"start":{"line":55,"column":4},"end":{"line":63,"column":null}},"22":{"start":{"line":65,"column":8},"end":{"line":65,"column":null}},"23":{"start":{"line":66,"column":2},"end":{"line":72,"column":null}},"24":{"start":{"line":67,"column":10},"end":{"line":67,"column":null}},"25":{"start":{"line":69,"column":4},"end":{"line":69,"column":null}},"26":{"start":{"line":71,"column":4},"end":{"line":71,"column":null}},"27":{"start":{"line":74,"column":2},"end":{"line":81,"column":null}},"28":{"start":{"line":75,"column":10},"end":{"line":75,"column":null}},"29":{"start":{"line":78,"column":4},"end":{"line":78,"column":null}},"30":{"start":{"line":80,"column":4},"end":{"line":80,"column":null}},"31":{"start":{"line":83,"column":8},"end":{"line":83,"column":null}},"32":{"start":{"line":84,"column":2},"end":{"line":84,"column":null}},"33":{"start":{"line":33,"column":0},"end":{"line":33,"column":26}}},"fnMap":{"0":{"name":"(anonymous_13)","decl":{"start":{"line":9,"column":0},"end":{"line":9,"column":12}},"loc":{"start":{"line":9,"column":28},"end":{"line":13,"column":1}}},"1":{"name":"(anonymous_14)","decl":{"start":{"line":16,"column":0},"end":{"line":16,"column":12}},"loc":{"start":{"line":16,"column":22},"end":{"line":19,"column":1}}},"2":{"name":"run","decl":{"start":{"line":33,"column":0},"end":{"line":33,"column":26}},"loc":{"start":{"line":33,"column":60},"end":{"line":85,"column":null}}}},"branchMap":{"0":{"loc":{"start":{"line":9,"column":12},"end":{"line":9,"column":28}},"type":"binary-expr","locations":[{"start":{"line":9,"column":12},"end":{"line":9,"column":28}},{"start":{"line":9,"column":12},"end":{"line":9,"column":null}}]},"1":{"loc":{"start":{"line":16,"column":12},"end":{"line":16,"column":22}},"type":"binary-expr","locations":[{"start":{"line":16,"column":12},"end":{"line":16,"column":22}},{"start":{"line":16,"column":12},"end":{"line":16,"column":null}}]},"2":{"loc":{"start":{"line":34,"column":2},"end":{"line":44,"column":null}},"type":"if","locations":[{"start":{"line":34,"column":2},"end":{"line":44,"column":null}},{"start":{"line":34,"column":2},"end":{"line":44,"column":null}}]},"3":{"loc":{"start":{"line":47,"column":2},"end":{"line":64,"column":null}},"type":"if","locations":[{"start":{"line":47,"column":2},"end":{"line":64,"column":null}},{"start":{"line":47,"column":2},"end":{"line":64,"column":null}}]},"4":{"loc":{"start":{"line":47,"column":6},"end":{"line":47,"column":17}},"type":"binary-expr","locations":[{"start":{"line":47,"column":6},"end":{"line":47,"column":17}},{"start":{"line":47,"column":21},"end":{"line":47,"column":66}}]},"5":{"loc":{"start":{"line":66,"column":2},"end":{"line":72,"column":null}},"type":"if","locations":[{"start":{"line":66,"column":2},"end":{"line":72,"column":null}},{"start":{"line":66,"column":2},"end":{"line":72,"column":null}}]},"6":{"loc":{"start":{"line":74,"column":2},"end":{"line":81,"column":null}},"type":"if","locations":[{"start":{"line":74,"column":2},"end":{"line":81,"column":null}},{"start":{"line":74,"column":2},"end":{"line":81,"column":null}}]}},"s":{"0":1,"1":1,"2":1,"3":1,"4":1,"5":1,"6":1,"7":1,"8":1,"9":1,"10":1,"11":1,"12":8,"13":1,"14":1,"15":1,"16":7,"17":7,"18":1,"19":1,"20":1,"21":1,"22":6,"23":6,"24":2,"25":2,"26":2,"27":4,"28":2,"29":2,"30":2,"31":2,"32":2,"33":1},"f":{"0":1,"1":1,"2":8},"b":{"0":[1,1],"1":[1,1],"2":[1,7],"3":[1,6],"4":[7,7],"5":[2,4],"6":[2,2]}}
,"/Users/arivero/lh/serverless/services/winteam-sync/src/handlers/winteamEvents/__fixtures__/lighthouseLocation.ts": {"path":"/Users/arivero/lh/serverless/services/winteam-sync/src/handlers/winteamEvents/__fixtures__/lighthouseLocation.ts","statementMap":{"0":{"start":{"line":1,"column":27},"end":{"line":94,"column":null}},"1":{"start":{"line":96,"column":0},"end":{"line":96,"column":null}}},"fnMap":{},"branchMap":{},"s":{"0":1,"1":1},"f":{},"b":{}}
,"/Users/arivero/lh/serverless/services/winteam-sync/src/handlers/winteamEvents/employee/handleEmployeeEvent.ts": {"path":"/Users/arivero/lh/serverless/services/winteam-sync/src/handlers/winteamEvents/employee/handleEmployeeEvent.ts","statementMap":{"0":{"start":{"line":2,"column":0},"end":{"line":2,"column":51}},"1":{"start":{"line":3,"column":0},"end":{"line":3,"column":32}},"2":{"start":{"line":4,"column":0},"end":{"line":4,"column":65}},"3":{"start":{"line":5,"column":0},"end":{"line":5,"column":63}},"4":{"start":{"line":6,"column":0},"end":{"line":6,"column":57}},"5":{"start":{"line":8,"column":0},"end":{"line":8,"column":null}},"6":{"start":{"line":9,"column":2},"end":{"line":9,"column":null}},"7":{"start":{"line":10,"column":2},"end":{"line":10,"column":null}},"8":{"start":{"line":11,"column":2},"end":{"line":11,"column":null}},"9":{"start":{"line":14,"column":0},"end":{"line":14,"column":null}},"10":{"start":{"line":15,"column":2},"end":{"line":15,"column":null}},"11":{"start":{"line":16,"column":2},"end":{"line":16,"column":null}},"12":{"start":{"line":19,"column":24},"end":{"line":23,"column":null}},"13":{"start":{"line":48,"column":2},"end":{"line":48,"column":9}},"14":{"start":{"line":49,"column":2},"end":{"line":49,"column":6}},"15":{"start":{"line":51,"column":2},"end":{"line":51,"column":null}},"16":{"start":{"line":53,"column":2},"end":{"line":53,"column":null}},"17":{"start":{"line":54,"column":2},"end":{"line":54,"column":null}},"18":{"start":{"line":56,"column":8},"end":{"line":56,"column":null}},"19":{"start":{"line":58,"column":39},"end":{"line":60,"column":null}},"20":{"start":{"line":58,"column":8},"end":{"line":60,"column":null}},"21":{"start":{"line":62,"column":2},"end":{"line":70,"column":null}},"22":{"start":{"line":63,"column":10},"end":{"line":63,"column":null}},"23":{"start":{"line":65,"column":4},"end":{"line":67,"column":null}},"24":{"start":{"line":69,"column":4},"end":{"line":69,"column":null}},"25":{"start":{"line":72,"column":2},"end":{"line":72,"column":null}},"26":{"start":{"line":47,"column":0},"end":{"line":47,"column":50}},"27":{"start":{"line":76,"column":2},"end":{"line":80,"column":null}},"28":{"start":{"line":77,"column":4},"end":{"line":79,"column":null}},"29":{"start":{"line":78,"column":6},"end":{"line":78,"column":null}},"30":{"start":{"line":84,"column":8},"end":{"line":84,"column":null}},"31":{"start":{"line":85,"column":8},"end":{"line":85,"column":null}},"32":{"start":{"line":86,"column":8},"end":{"line":86,"column":null}},"33":{"start":{"line":87,"column":39},"end":{"line":92,"column":null}},"34":{"start":{"line":87,"column":8},"end":{"line":92,"column":null}},"35":{"start":{"line":93,"column":2},"end":{"line":93,"column":null}},"36":{"start":{"line":83,"column":0},"end":{"line":83,"column":39}},"37":{"start":{"line":97,"column":14},"end":{"line":97,"column":32}},"38":{"start":{"line":99,"column":2},"end":{"line":102,"column":null}},"39":{"start":{"line":104,"column":2},"end":{"line":104,"column":null}}},"fnMap":{"0":{"name":"(anonymous_14)","decl":{"start":{"line":8,"column":0},"end":{"line":8,"column":5}},"loc":{"start":{"line":8,"column":21},"end":{"line":12,"column":1}}},"1":{"name":"(anonymous_15)","decl":{"start":{"line":14,"column":0},"end":{"line":14,"column":5}},"loc":{"start":{"line":14,"column":8},"end":{"line":17,"column":1}}},"2":{"name":"handleEmployeeEvent","decl":{"start":{"line":47,"column":0},"end":{"line":47,"column":50}},"loc":{"start":{"line":50,"column":22},"end":{"line":73,"column":null}}},"3":{"name":"assertEnv","decl":{"start":{"line":75,"column":0},"end":{"line":75,"column":null}},"loc":{"start":{"line":75,"column":0},"end":{"line":81,"column":1}}},"4":{"name":"getWinteamTenant","decl":{"start":{"line":83,"column":0},"end":{"line":83,"column":39}},"loc":{"start":{"line":83,"column":65},"end":{"line":94,"column":null}}},"5":{"name":"handleError","decl":{"start":{"line":96,"column":0},"end":{"line":96,"column":21}},"loc":{"start":{"line":96,"column":51},"end":{"line":105,"column":1}}}},"branchMap":{"0":{"loc":{"start":{"line":8,"column":5},"end":{"line":8,"column":21}},"type":"binary-expr","locations":[{"start":{"line":8,"column":5},"end":{"line":8,"column":21}},{"start":{"line":8,"column":5},"end":{"line":8,"column":null}}]},"1":{"loc":{"start":{"line":14,"column":5},"end":{"line":14,"column":8}},"type":"binary-expr","locations":[{"start":{"line":14,"column":5},"end":{"line":14,"column":8}},{"start":{"line":14,"column":5},"end":{"line":14,"column":null}}]},"2":{"loc":{"start":{"line":62,"column":2},"end":{"line":70,"column":null}},"type":"if","locations":[{"start":{"line":62,"column":2},"end":{"line":70,"column":null}},{"start":{"line":62,"column":2},"end":{"line":70,"column":null}}]},"3":{"loc":{"start":{"line":77,"column":4},"end":{"line":79,"column":null}},"type":"if","locations":[{"start":{"line":77,"column":4},"end":{"line":79,"column":null}},{"start":{"line":77,"column":4},"end":{"line":79,"column":null}}]}},"s":{"0":2,"1":2,"2":2,"3":2,"4":2,"5":2,"6":2,"7":2,"8":2,"9":2,"10":2,"11":2,"12":2,"13":7,"14":7,"15":7,"16":5,"17":5,"18":4,"19":4,"20":4,"21":4,"22":1,"23":1,"24":1,"25":3,"26":2,"27":7,"28":13,"29":2,"30":5,"31":5,"32":5,"33":5,"34":5,"35":5,"36":2,"37":2,"38":2,"39":2},"f":{"0":2,"1":2,"2":7,"3":7,"4":5,"5":2},"b":{"0":[2,2],"1":[2,2],"2":[1,3],"3":[2,11]}}
,"/Users/arivero/lh/serverless/services/winteam-sync/src/handlers/winteamEvents/employee/handleFullLoadEmployees.ts": {"path":"/Users/arivero/lh/serverless/services/winteam-sync/src/handlers/winteamEvents/employee/handleFullLoadEmployees.ts","statementMap":{"0":{"start":{"line":1,"column":0},"end":{"line":1,"column":62}},"1":{"start":{"line":2,"column":0},"end":{"line":2,"column":49}},"2":{"start":{"line":3,"column":0},"end":{"line":3,"column":29}},"3":{"start":{"line":4,"column":0},"end":{"line":4,"column":51}},"4":{"start":{"line":5,"column":0},"end":{"line":5,"column":70}},"5":{"start":{"line":15,"column":0},"end":{"line":15,"column":null}},"6":{"start":{"line":16,"column":2},"end":{"line":16,"column":null}},"7":{"start":{"line":17,"column":2},"end":{"line":17,"column":null}},"8":{"start":{"line":18,"column":2},"end":{"line":18,"column":null}},"9":{"start":{"line":25,"column":21},"end":{"line":25,"column":49}},"10":{"start":{"line":30,"column":4},"end":{"line":30,"column":11}},"11":{"start":{"line":30,"column":13},"end":{"line":30,"column":17}},"12":{"start":{"line":34,"column":4},"end":{"line":34,"column":null}},"13":{"start":{"line":35,"column":12},"end":{"line":35,"column":42}},"14":{"start":{"line":37,"column":10},"end":{"line":39,"column":null}},"15":{"start":{"line":38,"column":11},"end":{"line":38,"column":null}},"16":{"start":{"line":41,"column":4},"end":{"line":43,"column":null}},"17":{"start":{"line":42,"column":6},"end":{"line":42,"column":null}},"18":{"start":{"line":45,"column":4},"end":{"line":45,"column":null}},"19":{"start":{"line":47,"column":31},"end":{"line":51,"column":null}},"20":{"start":{"line":48,"column":41},"end":{"line":48,"column":70}},"21":{"start":{"line":47,"column":10},"end":{"line":51,"column":null}},"22":{"start":{"line":53,"column":10},"end":{"line":57,"column":null}},"23":{"start":{"line":59,"column":34},"end":{"line":59,"column":null}},"24":{"start":{"line":59,"column":10},"end":{"line":59,"column":null}},"25":{"start":{"line":60,"column":24},"end":{"line":62,"column":null}},"26":{"start":{"line":60,"column":10},"end":{"line":62,"column":null}},"27":{"start":{"line":64,"column":4},"end":{"line":64,"column":null}},"28":{"start":{"line":65,"column":4},"end":{"line":65,"column":null}},"29":{"start":{"line":67,"column":4},"end":{"line":71,"column":null}},"30":{"start":{"line":68,"column":6},"end":{"line":70,"column":null}},"31":{"start":{"line":73,"column":10},"end":{"line":73,"column":null}},"32":{"start":{"line":75,"column":4},"end":{"line":95,"column":null}},"33":{"start":{"line":76,"column":39},"end":{"line":94,"column":8}},"34":{"start":{"line":77,"column":8},"end":{"line":77,"column":null}},"35":{"start":{"line":78,"column":12},"end":{"line":78,"column":13}},"36":{"start":{"line":79,"column":30},"end":{"line":82,"column":null}},"37":{"start":{"line":79,"column":16},"end":{"line":82,"column":null}},"38":{"start":{"line":84,"column":18},"end":{"line":84,"column":27}},"39":{"start":{"line":86,"column":10},"end":{"line":88,"column":null}},"40":{"start":{"line":91,"column":8},"end":{"line":91,"column":null}},"41":{"start":{"line":93,"column":8},"end":{"line":93,"column":null}},"42":{"start":{"line":97,"column":10},"end":{"line":97,"column":null}},"43":{"start":{"line":99,"column":10},"end":{"line":99,"column":null}},"44":{"start":{"line":101,"column":4},"end":{"line":105,"column":null}},"45":{"start":{"line":106,"column":4},"end":{"line":106,"column":null}},"46":{"start":{"line":108,"column":4},"end":{"line":108,"column":null}},"47":{"start":{"line":110,"column":4},"end":{"line":112,"column":null}},"48":{"start":{"line":114,"column":4},"end":{"line":114,"column":null}},"49":{"start":{"line":115,"column":4},"end":{"line":115,"column":null}},"50":{"start":{"line":116,"column":4},"end":{"line":116,"column":null}},"51":{"start":{"line":29,"column":0},"end":{"line":29,"column":null}},"52":{"start":{"line":121,"column":14},"end":{"line":121,"column":25}},"53":{"start":{"line":122,"column":18},"end":{"line":122,"column":43}},"54":{"start":{"line":123,"column":2},"end":{"line":129,"column":null}},"55":{"start":{"line":133,"column":26},"end":{"line":136,"column":null}},"56":{"start":{"line":133,"column":8},"end":{"line":136,"column":null}},"57":{"start":{"line":138,"column":8},"end":{"line":138,"column":null}},"58":{"start":{"line":139,"column":8},"end":{"line":143,"column":null}},"59":{"start":{"line":145,"column":8},"end":{"line":148,"column":null}},"60":{"start":{"line":150,"column":2},"end":{"line":152,"column":null}},"61":{"start":{"line":152,"column":30},"end":{"line":152,"column":34}}},"fnMap":{"0":{"name":"(anonymous_13)","decl":{"start":{"line":15,"column":0},"end":{"line":15,"column":5}},"loc":{"start":{"line":15,"column":8},"end":{"line":19,"column":1}}},"1":{"name":"handleFullLoadEmployees","decl":{"start":{"line":29,"column":0},"end":{"line":29,"column":null}},"loc":{"start":{"line":31,"column":15},"end":{"line":118,"column":null}}},"2":{"name":"(anonymous_17)","decl":{"start":{"line":38,"column":6},"end":{"line":38,"column":7}},"loc":{"start":{"line":38,"column":7},"end":{"line":38,"column":12}}},"3":{"name":"(anonymous_18)","decl":{"start":{"line":48,"column":36},"end":{"line":48,"column":37}},"loc":{"start":{"line":48,"column":37},"end":{"line":48,"column":42}}},"4":{"name":"(anonymous_19)","decl":{"start":{"line":76,"column":12},"end":{"line":76,"column":19}},"loc":{"start":{"line":76,"column":39},"end":{"line":94,"column":8}}},"5":{"name":"(anonymous_20)","decl":{"start":{"line":76,"column":39},"end":{"line":76,"column":null}},"loc":{"start":{"line":76,"column":39},"end":{"line":94,"column":8}}},"6":{"name":"log","decl":{"start":{"line":120,"column":0},"end":{"line":120,"column":13}},"loc":{"start":{"line":120,"column":17},"end":{"line":130,"column":1}}},"7":{"name":"streamFromHttp","decl":{"start":{"line":132,"column":0},"end":{"line":132,"column":30}},"loc":{"start":{"line":132,"column":53},"end":{"line":153,"column":null}}},"8":{"name":"(anonymous_26)","decl":{"start":{"line":152,"column":13},"end":{"line":152,"column":14}},"loc":{"start":{"line":152,"column":25},"end":{"line":152,"column":33}}}},"branchMap":{"0":{"loc":{"start":{"line":15,"column":5},"end":{"line":15,"column":8}},"type":"binary-expr","locations":[{"start":{"line":15,"column":5},"end":{"line":15,"column":8}},{"start":{"line":15,"column":5},"end":{"line":15,"column":null}}]},"1":{"loc":{"start":{"line":41,"column":4},"end":{"line":43,"column":null}},"type":"if","locations":[{"start":{"line":41,"column":4},"end":{"line":43,"column":null}},{"start":{"line":41,"column":4},"end":{"line":43,"column":null}}]},"2":{"loc":{"start":{"line":67,"column":4},"end":{"line":71,"column":null}},"type":"if","locations":[{"start":{"line":67,"column":4},"end":{"line":71,"column":null}},{"start":{"line":67,"column":4},"end":{"line":71,"column":null}}]},"3":{"loc":{"start":{"line":78,"column":12},"end":{"line":78,"column":13}},"type":"if","locations":[{"start":{"line":78,"column":12},"end":{"line":78,"column":13}},{"start":{"line":78,"column":12},"end":{"line":78,"column":13}}]},"4":{"loc":{"start":{"line":87,"column":15},"end":{"line":87,"column":33}},"type":"cond-expr","locations":[{"start":{"line":87,"column":15},"end":{"line":87,"column":33}},{"start":{"line":88,"column":15},"end":{"line":88,"column":33}}]},"5":{"loc":{"start":{"line":86,"column":10},"end":{"line":86,"column":14}},"type":"binary-expr","locations":[{"start":{"line":86,"column":10},"end":{"line":86,"column":14}},{"start":{"line":86,"column":18},"end":{"line":86,"column":35}}]},"6":{"loc":{"start":{"line":133,"column":26},"end":{"line":136,"column":null}},"type":"switch","locations":[{"start":{"line":133,"column":26},"end":{"line":136,"column":null}}]}},"s":{"0":3,"1":3,"2":3,"3":3,"4":3,"5":3,"6":3,"7":3,"8":3,"9":3,"10":5,"11":5,"12":5,"13":5,"14":5,"15":10,"16":5,"17":1,"18":4,"19":4,"20":8,"21":4,"22":4,"23":4,"24":4,"25":4,"26":4,"27":4,"28":4,"29":4,"30":1,"31":3,"32":6,"33":42,"34":42,"35":56,"36":28,"37":28,"38":28,"39":28,"40":42,"41":42,"42":3,"43":3,"44":3,"45":3,"46":3,"47":3,"48":2,"49":2,"50":2,"51":3,"52":11,"53":11,"54":11,"55":4,"56":4,"57":4,"58":4,"59":4,"60":4,"61":4},"f":{"0":3,"1":5,"2":10,"3":8,"4":42,"5":42,"6":11,"7":4,"8":4},"b":{"0":[3,3],"1":[1,4],"2":[1,3],"3":[14,28],"4":[15,13],"5":[28,28],"6":[4]}}
,"/Users/arivero/lh/serverless/services/winteam-sync/src/handlers/winteamEvents/employee/handleSingleLoadEmployee.ts": {"path":"/Users/arivero/lh/serverless/services/winteam-sync/src/handlers/winteamEvents/employee/handleSingleLoadEmployee.ts","statementMap":{"0":{"start":{"line":2,"column":0},"end":{"line":2,"column":62}},"1":{"start":{"line":3,"column":0},"end":{"line":3,"column":61}},"2":{"start":{"line":4,"column":0},"end":{"line":4,"column":70}},"3":{"start":{"line":5,"column":0},"end":{"line":5,"column":57}},"4":{"start":{"line":16,"column":0},"end":{"line":16,"column":null}},"5":{"start":{"line":17,"column":2},"end":{"line":17,"column":null}},"6":{"start":{"line":18,"column":2},"end":{"line":18,"column":null}},"7":{"start":{"line":19,"column":2},"end":{"line":19,"column":null}},"8":{"start":{"line":29,"column":4},"end":{"line":29,"column":11}},"9":{"start":{"line":29,"column":13},"end":{"line":29,"column":17}},"10":{"start":{"line":32,"column":2},"end":{"line":32,"column":null}},"11":{"start":{"line":34,"column":10},"end":{"line":34,"column":30}},"12":{"start":{"line":36,"column":36},"end":{"line":41,"column":null}},"13":{"start":{"line":38,"column":39},"end":{"line":38,"column":68}},"14":{"start":{"line":36,"column":8},"end":{"line":41,"column":null}},"15":{"start":{"line":43,"column":2},"end":{"line":43,"column":null}},"16":{"start":{"line":44,"column":2},"end":{"line":44,"column":null}},"17":{"start":{"line":46,"column":2},"end":{"line":54,"column":null}},"18":{"start":{"line":47,"column":10},"end":{"line":47,"column":null}},"19":{"start":{"line":49,"column":4},"end":{"line":51,"column":null}},"20":{"start":{"line":53,"column":4},"end":{"line":53,"column":null}},"21":{"start":{"line":56,"column":8},"end":{"line":58,"column":null}},"22":{"start":{"line":57,"column":9},"end":{"line":57,"column":null}},"23":{"start":{"line":60,"column":32},"end":{"line":60,"column":null}},"24":{"start":{"line":60,"column":8},"end":{"line":60,"column":null}},"25":{"start":{"line":61,"column":22},"end":{"line":63,"column":null}},"26":{"start":{"line":61,"column":8},"end":{"line":63,"column":null}},"27":{"start":{"line":65,"column":2},"end":{"line":65,"column":null}},"28":{"start":{"line":66,"column":2},"end":{"line":66,"column":null}},"29":{"start":{"line":67,"column":2},"end":{"line":69,"column":null}},"30":{"start":{"line":68,"column":4},"end":{"line":68,"column":null}},"31":{"start":{"line":71,"column":2},"end":{"line":74,"column":null}},"32":{"start":{"line":28,"column":0},"end":{"line":28,"column":null}},"33":{"start":{"line":78,"column":26},"end":{"line":81,"column":null}},"34":{"start":{"line":78,"column":8},"end":{"line":81,"column":null}},"35":{"start":{"line":82,"column":8},"end":{"line":90,"column":null}},"36":{"start":{"line":92,"column":19},"end":{"line":92,"column":null}},"37":{"start":{"line":92,"column":8},"end":{"line":92,"column":null}},"38":{"start":{"line":93,"column":2},"end":{"line":93,"column":null}}},"fnMap":{"0":{"name":"(anonymous_12)","decl":{"start":{"line":16,"column":0},"end":{"line":16,"column":5}},"loc":{"start":{"line":16,"column":8},"end":{"line":20,"column":1}}},"1":{"name":"handleSingleLoadEmployee","decl":{"start":{"line":28,"column":0},"end":{"line":28,"column":null}},"loc":{"start":{"line":30,"column":15},"end":{"line":75,"column":null}}},"2":{"name":"(anonymous_16)","decl":{"start":{"line":38,"column":34},"end":{"line":38,"column":35}},"loc":{"start":{"line":38,"column":35},"end":{"line":38,"column":40}}},"3":{"name":"(anonymous_17)","decl":{"start":{"line":57,"column":4},"end":{"line":57,"column":5}},"loc":{"start":{"line":57,"column":5},"end":{"line":57,"column":10}}},"4":{"name":"getEmployee","decl":{"start":{"line":77,"column":0},"end":{"line":77,"column":27}},"loc":{"start":{"line":77,"column":70},"end":{"line":94,"column":null}}}},"branchMap":{"0":{"loc":{"start":{"line":16,"column":5},"end":{"line":16,"column":8}},"type":"binary-expr","locations":[{"start":{"line":16,"column":5},"end":{"line":16,"column":8}},{"start":{"line":16,"column":5},"end":{"line":16,"column":null}}]},"1":{"loc":{"start":{"line":46,"column":2},"end":{"line":54,"column":null}},"type":"if","locations":[{"start":{"line":46,"column":2},"end":{"line":54,"column":null}},{"start":{"line":46,"column":2},"end":{"line":54,"column":null}}]},"2":{"loc":{"start":{"line":67,"column":2},"end":{"line":69,"column":null}},"type":"if","locations":[{"start":{"line":67,"column":2},"end":{"line":69,"column":null}},{"start":{"line":67,"column":2},"end":{"line":69,"column":null}}]},"3":{"loc":{"start":{"line":78,"column":26},"end":{"line":81,"column":null}},"type":"switch","locations":[{"start":{"line":78,"column":26},"end":{"line":81,"column":null}}]}},"s":{"0":3,"1":3,"2":3,"3":3,"4":3,"5":3,"6":3,"7":3,"8":7,"9":7,"10":7,"11":6,"12":6,"13":12,"14":6,"15":6,"16":6,"17":6,"18":1,"19":1,"20":1,"21":5,"22":10,"23":5,"24":5,"25":5,"26":5,"27":5,"28":5,"29":5,"30":2,"31":3,"32":3,"33":6,"34":6,"35":6,"36":6,"37":6,"38":6},"f":{"0":3,"1":7,"2":12,"3":10,"4":6},"b":{"0":[3,3],"1":[1,5],"2":[2,3],"3":[6]}}
,"/Users/arivero/lh/serverless/services/winteam-sync/src/handlers/winteamEvents/employee/__fixtures__/employees.ts": {"path":"/Users/arivero/lh/serverless/services/winteam-sync/src/handlers/winteamEvents/employee/__fixtures__/employees.ts","statementMap":{"0":{"start":{"line":1,"column":18},"end":{"line":342,"column":null}},"1":{"start":{"line":344,"column":0},"end":{"line":344,"column":null}}},"fnMap":{},"branchMap":{},"s":{"0":1,"1":1},"f":{},"b":{}}
}
