TN:
SF:/Users/arivero/lh/serverless/services/winteam-sync/src/handlers/helpers/upsertUser.ts
FN:5,(anonymous_13)
FN:17,(anonymous_14)
FN:53,upsertUser
FN:200,assertEnv
FN:208,handleError
FNF:5
FNH:5
FNDA:2,(anonymous_13)
FNDA:2,(anonymous_14)
FNDA:9,upsertUser
FNDA:9,assertEnv
FNDA:4,handleError
DA:1,2
DA:3,2
DA:5,2
DA:6,2
DA:7,2
DA:8,2
DA:17,2
DA:18,2
DA:53,2
DA:55,9
DA:57,9
DA:59,7
DA:60,1
DA:65,6
DA:66,1
DA:71,5
DA:72,5
DA:73,5
DA:75,5
DA:76,1
DA:81,4
DA:85,4
DA:94,4
DA:96,4
DA:100,4
DA:101,4
DA:105,6
DA:107,2
DA:122,2
DA:131,2
DA:132,1
DA:133,1
DA:138,1
DA:145,1
DA:147,1
DA:150,2
DA:170,2
DA:177,2
DA:178,1
DA:179,1
DA:184,1
DA:191,1
DA:193,1
DA:195,7
DA:196,7
DA:201,9
DA:202,25
DA:203,2
DA:209,4
DA:211,4
DA:216,4
LF:51
LH:51
BRDA:5,0,0,2
BRDA:5,0,1,2
BRDA:17,1,0,2
BRDA:17,1,1,2
BRDA:59,2,0,1
BRDA:59,2,1,6
BRDA:65,3,0,1
BRDA:65,3,1,5
BRDA:75,4,0,1
BRDA:75,4,1,4
BRDA:105,5,0,2
BRDA:105,5,1,2
BRDA:131,6,0,1
BRDA:131,6,1,1
BRDA:177,7,0,1
BRDA:177,7,1,1
BRDA:202,8,0,2
BRDA:202,8,1,23
BRF:18
BRH:18
end_of_record
TN:
SF:/Users/arivero/lh/serverless/services/winteam-sync/src/handlers/helpers/validations.ts
FN:3,(anonymous_0)
FNF:1
FNH:1
FNDA:17,(anonymous_0)
DA:1,3
DA:3,17
DA:4,17
DA:5,2
DA:9,2
DA:13,2
LF:6
LH:6
BRDA:4,0,0,2
BRDA:4,0,1,15
BRF:2
BRH:2
end_of_record
TN:
SF:/Users/arivero/lh/serverless/services/winteam-sync/src/handlers/winteamEvents/handleJobEvent.ts
FN:8,(anonymous_14)
FN:32,handleJobEvent
FN:157,mapJobToArea
FN:189,assertEnv
FN:198,getJob
FN:217,handleError
FNF:6
FNH:6
FNDA:2,(anonymous_14)
FNDA:9,handleJobEvent
FNDA:2,mapJobToArea
FNDA:9,assertEnv
FNDA:3,getJob
FNDA:6,handleError
DA:2,2
DA:3,2
DA:4,2
DA:5,2
DA:8,2
DA:9,2
DA:10,2
DA:11,2
DA:12,2
DA:13,2
DA:14,2
DA:30,2
DA:32,2
DA:33,9
DA:34,9
DA:36,9
DA:38,9
DA:40,4
DA:41,1
DA:46,3
DA:48,3
DA:49,1
DA:51,1
DA:55,1
DA:58,2
DA:60,2
DA:64,2
DA:67,2
DA:69,2
DA:73,2
DA:82,2
DA:84,3
DA:85,1
DA:87,1
DA:94,1
DA:97,1
DA:104,1
DA:158,2
DA:159,2
DA:160,2
DA:162,2
DA:164,2
DA:190,9
DA:191,41
DA:192,5
DA:199,3
DA:203,3
DA:213,3
DA:214,3
DA:218,6
DA:220,6
DA:225,6
LF:52
LH:52
BRDA:8,0,0,2
BRDA:8,0,1,2
BRDA:97,1,0,1
BRDA:40,2,0,1
BRDA:40,2,1,3
BRDA:48,3,0,1
BRDA:48,3,1,2
BRDA:84,4,0,1
BRDA:84,4,1,1
BRDA:191,5,0,5
BRDA:191,5,1,36
BRDA:199,6,0,3
BRF:12
BRH:12
end_of_record
TN:
SF:/Users/arivero/lh/serverless/services/winteam-sync/src/handlers/winteamEvents/subscriber.ts
FN:9,(anonymous_13)
FN:16,(anonymous_14)
FN:33,run
FNF:3
FNH:3
FNDA:1,(anonymous_13)
FNDA:1,(anonymous_14)
FNDA:8,run
DA:3,1
DA:6,1
DA:7,1
DA:9,1
DA:10,1
DA:11,1
DA:12,1
DA:16,1
DA:17,1
DA:18,1
DA:25,1
DA:31,1
DA:33,1
DA:34,8
DA:35,1
DA:39,1
DA:43,1
DA:45,7
DA:47,7
DA:48,1
DA:50,1
DA:54,1
DA:55,1
DA:65,6
DA:66,6
DA:67,2
DA:69,2
DA:71,2
DA:74,4
DA:75,2
DA:78,2
DA:80,2
DA:83,2
DA:84,2
LF:34
LH:34
BRDA:9,0,0,1
BRDA:9,0,1,1
BRDA:16,1,0,1
BRDA:16,1,1,1
BRDA:34,2,0,1
BRDA:34,2,1,7
BRDA:47,3,0,1
BRDA:47,3,1,6
BRDA:47,4,0,7
BRDA:47,4,1,7
BRDA:66,5,0,2
BRDA:66,5,1,4
BRDA:74,6,0,2
BRDA:74,6,1,2
BRF:14
BRH:14
end_of_record
TN:
SF:/Users/arivero/lh/serverless/services/winteam-sync/src/handlers/winteamEvents/__fixtures__/lighthouseLocation.ts
FNF:0
FNH:0
DA:1,1
DA:96,1
LF:2
LH:2
BRF:0
BRH:0
end_of_record
TN:
SF:/Users/arivero/lh/serverless/services/winteam-sync/src/handlers/winteamEvents/employee/handleEmployeeEvent.ts
FN:8,(anonymous_14)
FN:14,(anonymous_15)
FN:47,handleEmployeeEvent
FN:75,assertEnv
FN:83,getWinteamTenant
FN:96,handleError
FNF:6
FNH:6
FNDA:2,(anonymous_14)
FNDA:2,(anonymous_15)
FNDA:7,handleEmployeeEvent
FNDA:7,assertEnv
FNDA:5,getWinteamTenant
FNDA:2,handleError
DA:2,2
DA:3,2
DA:4,2
DA:5,2
DA:6,2
DA:8,2
DA:9,2
DA:10,2
DA:11,2
DA:14,2
DA:15,2
DA:16,2
DA:19,2
DA:47,2
DA:48,7
DA:49,7
DA:51,7
DA:53,5
DA:54,5
DA:56,4
DA:58,4
DA:62,4
DA:63,1
DA:65,1
DA:69,1
DA:72,3
DA:76,7
DA:77,13
DA:78,2
DA:83,2
DA:84,5
DA:85,5
DA:86,5
DA:87,5
DA:93,5
DA:97,2
DA:99,2
DA:104,2
LF:38
LH:38
BRDA:8,0,0,2
BRDA:8,0,1,2
BRDA:14,1,0,2
BRDA:14,1,1,2
BRDA:62,2,0,1
BRDA:62,2,1,3
BRDA:77,3,0,2
BRDA:77,3,1,11
BRF:8
BRH:8
end_of_record
TN:
SF:/Users/arivero/lh/serverless/services/winteam-sync/src/handlers/winteamEvents/employee/handleFullLoadEmployees.ts
FN:15,(anonymous_13)
FN:29,handleFullLoadEmployees
FN:38,(anonymous_17)
FN:48,(anonymous_18)
FN:76,(anonymous_19)
FN:76,(anonymous_20)
FN:120,log
FN:132,streamFromHttp
FN:152,(anonymous_26)
FNF:9
FNH:9
FNDA:3,(anonymous_13)
FNDA:5,handleFullLoadEmployees
FNDA:10,(anonymous_17)
FNDA:8,(anonymous_18)
FNDA:42,(anonymous_19)
FNDA:42,(anonymous_20)
FNDA:11,log
FNDA:4,streamFromHttp
FNDA:4,(anonymous_26)
DA:1,3
DA:2,3
DA:3,3
DA:4,3
DA:5,3
DA:15,3
DA:16,3
DA:17,3
DA:18,3
DA:25,3
DA:29,3
DA:30,5
DA:34,5
DA:35,5
DA:37,5
DA:38,10
DA:41,5
DA:42,1
DA:45,4
DA:47,4
DA:48,8
DA:53,4
DA:59,4
DA:60,4
DA:64,4
DA:65,4
DA:67,4
DA:68,1
DA:73,3
DA:75,6
DA:76,42
DA:77,42
DA:78,56
DA:79,28
DA:84,28
DA:86,28
DA:91,42
DA:93,42
DA:97,3
DA:99,3
DA:101,3
DA:106,3
DA:108,3
DA:110,3
DA:114,2
DA:115,2
DA:116,2
DA:121,11
DA:122,11
DA:123,11
DA:133,4
DA:138,4
DA:139,4
DA:145,4
DA:150,4
DA:152,4
LF:56
LH:56
BRDA:15,0,0,3
BRDA:15,0,1,3
BRDA:41,1,0,1
BRDA:41,1,1,4
BRDA:67,2,0,1
BRDA:67,2,1,3
BRDA:78,3,0,14
BRDA:78,3,1,28
BRDA:87,4,0,15
BRDA:87,4,1,13
BRDA:86,5,0,28
BRDA:86,5,1,28
BRDA:133,6,0,4
BRF:13
BRH:13
end_of_record
TN:
SF:/Users/arivero/lh/serverless/services/winteam-sync/src/handlers/winteamEvents/employee/handleSingleLoadEmployee.ts
FN:16,(anonymous_12)
FN:28,handleSingleLoadEmployee
FN:38,(anonymous_16)
FN:57,(anonymous_17)
FN:77,getEmployee
FNF:5
FNH:5
FNDA:3,(anonymous_12)
FNDA:7,handleSingleLoadEmployee
FNDA:12,(anonymous_16)
FNDA:10,(anonymous_17)
FNDA:6,getEmployee
DA:2,3
DA:3,3
DA:4,3
DA:5,3
DA:16,3
DA:17,3
DA:18,3
DA:19,3
DA:28,3
DA:29,7
DA:32,7
DA:34,6
DA:36,6
DA:38,12
DA:43,6
DA:44,6
DA:46,6
DA:47,1
DA:49,1
DA:53,1
DA:56,5
DA:57,10
DA:60,5
DA:61,5
DA:65,5
DA:66,5
DA:67,5
DA:68,2
DA:71,3
DA:78,6
DA:82,6
DA:92,6
DA:93,6
LF:33
LH:33
BRDA:16,0,0,3
BRDA:16,0,1,3
BRDA:46,1,0,1
BRDA:46,1,1,5
BRDA:67,2,0,2
BRDA:67,2,1,3
BRDA:78,3,0,6
BRF:7
BRH:7
end_of_record
TN:
SF:/Users/arivero/lh/serverless/services/winteam-sync/src/handlers/winteamEvents/employee/__fixtures__/employees.ts
FNF:0
FNH:0
DA:1,1
DA:344,1
LF:2
LH:2
BRF:0
BRH:0
end_of_record
