{"/Users/arivero/lh/serverless/services/activity-report-service/jest.setup.js": {"path":"/Users/arivero/lh/serverless/services/activity-report-service/jest.setup.js","statementMap":{"0":{"start":{"line":2,"column":0},"end":{"line":2,"column":25}},"1":{"start":{"line":3,"column":0},"end":{"line":3,"column":25}},"2":{"start":{"line":4,"column":0},"end":{"line":4,"column":24}},"3":{"start":{"line":5,"column":0},"end":{"line":5,"column":24}}},"fnMap":{},"branchMap":{},"s":{"0":29,"1":29,"2":29,"3":29},"f":{},"b":{},"_coverageSchema":"332fd63041d2c1bcb487cc26dd0d5f7d97098a6c","hash":"ae30e82aed3e688fcc65bc52e79c012b0b10b011"}
,"/Users/arivero/lh/serverless/services/activity-report-service/src/handlers/email-processor/fixtures.ts": {"path":"/Users/arivero/lh/serverless/services/activity-report-service/src/handlers/email-processor/fixtures.ts","statementMap":{"0":{"start":{"line":1,"column":13},"end":{"line":1,"column":42}},"1":{"start":{"line":2,"column":13},"end":{"line":2,"column":40}},"2":{"start":{"line":4,"column":13},"end":{"line":7,"column":1}},"3":{"start":{"line":9,"column":13},"end":{"line":84,"column":1}},"4":{"start":{"line":86,"column":13},"end":{"line":123,"column":1}},"5":{"start":{"line":125,"column":13},"end":{"line":128,"column":1}},"6":{"start":{"line":130,"column":13},"end":{"line":139,"column":1}},"7":{"start":{"line":141,"column":13},"end":{"line":146,"column":1}},"8":{"start":{"line":148,"column":13},"end":{"line":153,"column":1}}},"fnMap":{},"branchMap":{},"s":{"0":1,"1":1,"2":1,"3":1,"4":1,"5":1,"6":1,"7":1,"8":1},"f":{},"b":{}}
,"/Users/arivero/lh/serverless/services/activity-report-service/src/handlers/email-processor/index.ts": {"path":"/Users/arivero/lh/serverless/services/activity-report-service/src/handlers/email-processor/index.ts","statementMap":{"0":{"start":{"line":1,"column":0},"end":{"line":1,"column":40}},"1":{"start":{"line":2,"column":0},"end":{"line":13,"column":17}},"2":{"start":{"line":15,"column":0},"end":{"line":15,"column":52}},"3":{"start":{"line":17,"column":0},"end":{"line":22,"column":21}},"4":{"start":{"line":45,"column":8},"end":{"line":45,"column":49}},"5":{"start":{"line":46,"column":8},"end":{"line":46,"column":69}},"6":{"start":{"line":47,"column":8},"end":{"line":47,"column":77}},"7":{"start":{"line":49,"column":2},"end":{"line":49,"column":36}},"8":{"start":{"line":51,"column":23},"end":{"line":51,"column":48}},"9":{"start":{"line":51,"column":8},"end":{"line":51,"column":48}},"10":{"start":{"line":52,"column":8},"end":{"line":52,"column":49}},"11":{"start":{"line":54,"column":8},"end":{"line":66,"column":3}},"12":{"start":{"line":68,"column":21},"end":{"line":68,"column":66}},"13":{"start":{"line":68,"column":8},"end":{"line":68,"column":66}},"14":{"start":{"line":70,"column":2},"end":{"line":70,"column":40}},"15":{"start":{"line":71,"column":24},"end":{"line":71,"column":62}},"16":{"start":{"line":71,"column":8},"end":{"line":71,"column":62}},"17":{"start":{"line":72,"column":2},"end":{"line":72,"column":65}},"18":{"start":{"line":74,"column":8},"end":{"line":76,"column":10}},"19":{"start":{"line":75,"column":4},"end":{"line":75,"column":43}},"20":{"start":{"line":78,"column":2},"end":{"line":80,"column":4}},"21":{"start":{"line":85,"column":8},"end":{"line":85,"column":71}},"22":{"start":{"line":87,"column":34},"end":{"line":null,"column":-1}},"23":{"start":{"line":87,"column":13},"end":{"line":87,"column":17}},"24":{"start":{"line":89,"column":51},"end":{"line":89,"column":77}},"25":{"start":{"line":89,"column":12},"end":{"line":89,"column":77}},"26":{"start":{"line":91,"column":6},"end":{"line":91,"column":32}},"27":{"start":{"line":91,"column":24},"end":{"line":91,"column":32}},"28":{"start":{"line":93,"column":40},"end":{"line":96,"column":8}},"29":{"start":{"line":93,"column":12},"end":{"line":96,"column":8}},"30":{"start":{"line":98,"column":12},"end":{"line":101,"column":7}},"31":{"start":{"line":103,"column":20},"end":{"line":103,"column":55}},"32":{"start":{"line":103,"column":12},"end":{"line":103,"column":55}},"33":{"start":{"line":105,"column":6},"end":{"line":105,"column":26}},"34":{"start":{"line":105,"column":18},"end":{"line":105,"column":26}},"35":{"start":{"line":107,"column":6},"end":{"line":107,"column":28}},"36":{"start":{"line":109,"column":6},"end":{"line":113,"column":8}},"37":{"start":{"line":116,"column":6},"end":{"line":116,"column":14}},"38":{"start":{"line":87,"column":21},"end":{"line":87,"column":34}},"39":{"start":{"line":44,"column":0},"end":{"line":119,"column":1}},"40":{"start":{"line":124,"column":29},"end":{"line":124,"column":67}},"41":{"start":{"line":124,"column":8},"end":{"line":124,"column":67}},"42":{"start":{"line":126,"column":2},"end":{"line":132,"column":14}},"43":{"start":{"line":121,"column":0},"end":{"line":133,"column":1}},"44":{"start":{"line":144,"column":4},"end":{"line":146,"column":13}},"45":{"start":{"line":148,"column":20},"end":{"line":148,"column":55}},"46":{"start":{"line":148,"column":8},"end":{"line":148,"column":55}},"47":{"start":{"line":149,"column":8},"end":{"line":149,"column":71}},"48":{"start":{"line":150,"column":8},"end":{"line":150,"column":64}},"49":{"start":{"line":152,"column":8},"end":{"line":168,"column":14}},"50":{"start":{"line":154,"column":6},"end":{"line":156,"column":7}},"51":{"start":{"line":155,"column":8},"end":{"line":155,"column":19}},"52":{"start":{"line":158,"column":6},"end":{"line":165,"column":29}},"53":{"start":{"line":159,"column":23},"end":{"line":159,"column":56}},"54":{"start":{"line":160,"column":27},"end":{"line":160,"column":45}},"55":{"start":{"line":162,"column":10},"end":{"line":163,"column":48}},"56":{"start":{"line":164,"column":8},"end":{"line":164,"column":28}},"57":{"start":{"line":170,"column":2},"end":{"line":170,"column":22}},"58":{"start":{"line":140,"column":0},"end":{"line":171,"column":1}},"59":{"start":{"line":182,"column":2},"end":{"line":185,"column":3}},"60":{"start":{"line":189,"column":19},"end":{"line":189,"column":72}},"61":{"start":{"line":190,"column":21},"end":{"line":190,"column":70}},"62":{"start":{"line":191,"column":18},"end":{"line":191,"column":50}},"63":{"start":{"line":193,"column":2},"end":{"line":193,"column":67}},"64":{"start":{"line":193,"column":55},"end":{"line":193,"column":67}},"65":{"start":{"line":198,"column":25},"end":{"line":201,"column":12}},"66":{"start":{"line":203,"column":2},"end":{"line":203,"column":52}},"67":{"start":{"line":203,"column":40},"end":{"line":203,"column":52}},"68":{"start":{"line":205,"column":2},"end":{"line":205,"column":13}},"69":{"start":{"line":188,"column":0},"end":{"line":206,"column":1}}},"fnMap":{"0":{"name":"emailProcessor","decl":{"start":{"line":44,"column":22},"end":{"line":44,"column":36}},"loc":{"start":{"line":44,"column":61},"end":{"line":119,"column":1}}},"1":{"name":"(anonymous_18)","decl":{"start":{"line":74,"column":31},"end":{"line":74,"column":31}},"loc":{"start":{"line":74,"column":42},"end":{"line":75,"column":43}}},"2":{"name":"fetchApplicationLocations","decl":{"start":{"line":121,"column":22},"end":{"line":121,"column":47}},"loc":{"start":{"line":122,"column":21},"end":{"line":133,"column":1}}},"3":{"name":"getUserLocations","decl":{"start":{"line":140,"column":22},"end":{"line":140,"column":38}},"loc":{"start":{"line":141,"column":27},"end":{"line":171,"column":1}}},"4":{"name":"(anonymous_25)","decl":{"start":{"line":153,"column":11},"end":{"line":153,"column":11}},"loc":{"start":{"line":153,"column":25},"end":{"line":166,"column":5}}},"5":{"name":"(anonymous_26)","decl":{"start":{"line":158,"column":18},"end":{"line":158,"column":18}},"loc":{"start":{"line":158,"column":34},"end":{"line":165,"column":7}}},"6":{"name":"isLocationPermission","decl":{"start":{"line":179,"column":9},"end":{"line":179,"column":29}},"loc":{"start":{"line":179,"column":45},"end":{"line":186,"column":1}}},"7":{"name":"userMatchesTimezoneHour","decl":{"start":{"line":188,"column":16},"end":{"line":188,"column":39}},"loc":{"start":{"line":188,"column":66},"end":{"line":206,"column":1}}}},"branchMap":{"0":{"loc":{"start":{"line":46,"column":29},"end":{"line":46,"column":61}},"type":"cond-expr","locations":[{"start":{"line":46,"column":29},"end":{"line":46,"column":61}},{"start":{"line":46,"column":64},"end":{"line":46,"column":69}}]},"1":{"loc":{"start":{"line":47,"column":38},"end":{"line":47,"column":64}},"type":"cond-expr","locations":[{"start":{"line":47,"column":38},"end":{"line":47,"column":64}},{"start":{"line":47,"column":67},"end":{"line":47,"column":77}}]},"2":{"loc":{"start":{"line":91,"column":6},"end":{"line":91,"column":32}},"type":"if","locations":[{"start":{"line":91,"column":6},"end":{"line":91,"column":32}},{"start":{"line":91,"column":6},"end":{"line":91,"column":32}}]},"3":{"loc":{"start":{"line":105,"column":6},"end":{"line":105,"column":26}},"type":"if","locations":[{"start":{"line":105,"column":6},"end":{"line":105,"column":26}},{"start":{"line":105,"column":6},"end":{"line":105,"column":26}}]},"4":{"loc":{"start":{"line":154,"column":6},"end":{"line":156,"column":7}},"type":"if","locations":[{"start":{"line":154,"column":6},"end":{"line":156,"column":7}},{"start":{"line":154,"column":6},"end":{"line":156,"column":7}}]},"5":{"loc":{"start":{"line":162,"column":10},"end":{"line":162,"column":41}},"type":"binary-expr","locations":[{"start":{"line":162,"column":10},"end":{"line":162,"column":41}},{"start":{"line":163,"column":10},"end":{"line":163,"column":48}}]},"6":{"loc":{"start":{"line":183,"column":4},"end":{"line":183,"column":27}},"type":"binary-expr","locations":[{"start":{"line":183,"column":4},"end":{"line":183,"column":27}},{"start":{"line":184,"column":5},"end":{"line":184,"column":26}},{"start":{"line":184,"column":30},"end":{"line":184,"column":55}}]},"7":{"loc":{"start":{"line":191,"column":18},"end":{"line":191,"column":28}},"type":"binary-expr","locations":[{"start":{"line":191,"column":18},"end":{"line":191,"column":28}},{"start":{"line":191,"column":32},"end":{"line":191,"column":50}}]},"8":{"loc":{"start":{"line":193,"column":2},"end":{"line":193,"column":67}},"type":"if","locations":[{"start":{"line":193,"column":2},"end":{"line":193,"column":67}},{"start":{"line":193,"column":2},"end":{"line":193,"column":67}}]},"9":{"loc":{"start":{"line":193,"column":6},"end":{"line":193,"column":14}},"type":"binary-expr","locations":[{"start":{"line":193,"column":6},"end":{"line":193,"column":14}},{"start":{"line":193,"column":18},"end":{"line":193,"column":32}},{"start":{"line":193,"column":36},"end":{"line":193,"column":53}}]},"10":{"loc":{"start":{"line":203,"column":2},"end":{"line":203,"column":52}},"type":"if","locations":[{"start":{"line":203,"column":2},"end":{"line":203,"column":52}},{"start":{"line":203,"column":2},"end":{"line":203,"column":52}}]}},"s":{"0":1,"1":1,"2":1,"3":1,"4":6,"5":6,"6":6,"7":6,"8":6,"9":6,"10":6,"11":6,"12":6,"13":6,"14":5,"15":5,"16":5,"17":5,"18":5,"19":15,"20":5,"21":5,"22":5,"23":9,"24":9,"25":9,"26":8,"27":2,"28":6,"29":6,"30":6,"31":6,"32":6,"33":6,"34":2,"35":8,"36":1,"37":1,"38":9,"39":1,"40":4,"41":4,"42":4,"43":1,"44":6,"45":6,"46":6,"47":6,"48":6,"49":6,"50":16,"51":9,"52":7,"53":7,"54":7,"55":7,"56":7,"57":6,"58":1,"59":3,"60":23,"61":23,"62":23,"63":23,"64":2,"65":21,"66":21,"67":9,"68":12,"69":1},"f":{"0":6,"1":15,"2":4,"3":6,"4":16,"5":7,"6":3,"7":23},"b":{"0":[5,1],"1":[1,5],"2":[2,6],"3":[2,4],"4":[9,7],"5":[7,4],"6":[3,3,3],"7":[23,22],"8":[2,21],"9":[23,21,21],"10":[9,12]}}
,"/Users/arivero/lh/serverless/services/activity-report-service/src/handlers/finalise-location-report/index.ts": {"path":"/Users/arivero/lh/serverless/services/activity-report-service/src/handlers/finalise-location-report/index.ts","statementMap":{"0":{"start":{"line":1,"column":0},"end":{"line":1,"column":52}},"1":{"start":{"line":4,"column":8},"end":{"line":4,"column":47}},"2":{"start":{"line":5,"column":8},"end":{"line":5,"column":57}},"3":{"start":{"line":7,"column":10},"end":{"line":7,"column":38}},"4":{"start":{"line":8,"column":10},"end":{"line":8,"column":55}},"5":{"start":{"line":10,"column":21},"end":{"line":10,"column":59}},"6":{"start":{"line":10,"column":8},"end":{"line":10,"column":59}},"7":{"start":{"line":12,"column":2},"end":{"line":12,"column":74}},"8":{"start":{"line":13,"column":2},"end":{"line":13,"column":78}},"9":{"start":{"line":15,"column":8},"end":{"line":15,"column":30}},"10":{"start":{"line":17,"column":2},"end":{"line":37,"column":3}},"11":{"start":{"line":39,"column":2},"end":{"line":39,"column":62}},"12":{"start":{"line":3,"column":0},"end":{"line":40,"column":1}},"13":{"start":{"line":42,"column":0},"end":{"line":42,"column":37}}},"fnMap":{"0":{"name":"finaliseLocationReport","decl":{"start":{"line":3,"column":22},"end":{"line":3,"column":44}},"loc":{"start":{"line":3,"column":50},"end":{"line":40,"column":1}}}},"branchMap":{"0":{"loc":{"start":{"line":5,"column":27},"end":{"line":5,"column":49}},"type":"cond-expr","locations":[{"start":{"line":5,"column":27},"end":{"line":5,"column":49}},{"start":{"line":5,"column":52},"end":{"line":5,"column":57}}]}},"s":{"0":1,"1":2,"2":2,"3":2,"4":2,"5":2,"6":2,"7":2,"8":2,"9":2,"10":4,"11":2,"12":1,"13":1},"f":{"0":2},"b":{"0":[1,1]}}
,"/Users/arivero/lh/serverless/services/activity-report-service/src/handlers/finalise-shift-report/index.ts": {"path":"/Users/arivero/lh/serverless/services/activity-report-service/src/handlers/finalise-shift-report/index.ts","statementMap":{"0":{"start":{"line":1,"column":0},"end":{"line":1,"column":52}},"1":{"start":{"line":4,"column":8},"end":{"line":4,"column":47}},"2":{"start":{"line":5,"column":8},"end":{"line":5,"column":57}},"3":{"start":{"line":7,"column":10},"end":{"line":7,"column":35}},"4":{"start":{"line":8,"column":10},"end":{"line":8,"column":55}},"5":{"start":{"line":10,"column":21},"end":{"line":10,"column":56}},"6":{"start":{"line":10,"column":8},"end":{"line":10,"column":56}},"7":{"start":{"line":12,"column":2},"end":{"line":12,"column":65}},"8":{"start":{"line":13,"column":2},"end":{"line":13,"column":69}},"9":{"start":{"line":15,"column":8},"end":{"line":15,"column":30}},"10":{"start":{"line":17,"column":2},"end":{"line":37,"column":3}},"11":{"start":{"line":39,"column":2},"end":{"line":39,"column":53}},"12":{"start":{"line":3,"column":0},"end":{"line":40,"column":1}},"13":{"start":{"line":42,"column":0},"end":{"line":42,"column":34}}},"fnMap":{"0":{"name":"finaliseShiftReport","decl":{"start":{"line":3,"column":22},"end":{"line":3,"column":41}},"loc":{"start":{"line":3,"column":47},"end":{"line":40,"column":1}}}},"branchMap":{"0":{"loc":{"start":{"line":5,"column":27},"end":{"line":5,"column":49}},"type":"cond-expr","locations":[{"start":{"line":5,"column":27},"end":{"line":5,"column":49}},{"start":{"line":5,"column":52},"end":{"line":5,"column":57}}]}},"s":{"0":1,"1":2,"2":2,"3":2,"4":2,"5":2,"6":2,"7":2,"8":2,"9":2,"10":4,"11":2,"12":1,"13":1},"f":{"0":2},"b":{"0":[1,1]}}
,"/Users/arivero/lh/serverless/services/activity-report-service/src/handlers/get-shift-data/fixtures.ts": {"path":"/Users/arivero/lh/serverless/services/activity-report-service/src/handlers/get-shift-data/fixtures.ts","statementMap":{"0":{"start":{"line":1,"column":13},"end":{"line":3,"column":1}},"1":{"start":{"line":5,"column":13},"end":{"line":17,"column":1}},"2":{"start":{"line":19,"column":13},"end":{"line":25,"column":1}},"3":{"start":{"line":27,"column":13},"end":{"line":28,"column":61}},"4":{"start":{"line":30,"column":13},"end":{"line":34,"column":1}},"5":{"start":{"line":36,"column":13},"end":{"line":43,"column":1}},"6":{"start":{"line":45,"column":13},"end":{"line":56,"column":1}}},"fnMap":{},"branchMap":{},"s":{"0":1,"1":1,"2":1,"3":1,"4":1,"5":1,"6":1},"f":{},"b":{}}
,"/Users/arivero/lh/serverless/services/activity-report-service/src/handlers/get-shift-data/index.ts": {"path":"/Users/arivero/lh/serverless/services/activity-report-service/src/handlers/get-shift-data/index.ts","statementMap":{"0":{"start":{"line":1,"column":0},"end":{"line":1,"column":34}},"1":{"start":{"line":2,"column":0},"end":{"line":2,"column":34}},"2":{"start":{"line":4,"column":0},"end":{"line":8,"column":21}},"3":{"start":{"line":11,"column":8},"end":{"line":11,"column":47}},"4":{"start":{"line":12,"column":8},"end":{"line":12,"column":57}},"5":{"start":{"line":14,"column":15},"end":{"line":14,"column":49}},"6":{"start":{"line":14,"column":8},"end":{"line":14,"column":49}},"7":{"start":{"line":16,"column":10},"end":{"line":16,"column":63}},"8":{"start":{"line":17,"column":8},"end":{"line":17,"column":73}},"9":{"start":{"line":19,"column":6},"end":{"line":19,"column":17}},"10":{"start":{"line":20,"column":26},"end":{"line":20,"column":58}},"11":{"start":{"line":20,"column":10},"end":{"line":20,"column":58}},"12":{"start":{"line":21,"column":24},"end":{"line":21,"column":50}},"13":{"start":{"line":21,"column":10},"end":{"line":21,"column":50}},"14":{"start":{"line":23,"column":10},"end":{"line":23,"column":55}},"15":{"start":{"line":24,"column":10},"end":{"line":27,"column":6}},"16":{"start":{"line":29,"column":4},"end":{"line":34,"column":5}},"17":{"start":{"line":37,"column":2},"end":{"line":37,"column":23}},"18":{"start":{"line":10,"column":0},"end":{"line":38,"column":1}},"19":{"start":{"line":40,"column":28},"end":{"line":40,"column":41}},"20":{"start":{"line":40,"column":43},"end":{"line":40,"column":50}},"21":{"start":{"line":41,"column":15},"end":{"line":41,"column":25}},"22":{"start":{"line":42,"column":15},"end":{"line":42,"column":43}},"23":{"start":{"line":43,"column":16},"end":{"line":43,"column":42}},"24":{"start":{"line":44,"column":14},"end":{"line":44,"column":40}},"25":{"start":{"line":45,"column":15},"end":{"line":45,"column":29}},"26":{"start":{"line":47,"column":21},"end":{"line":47,"column":87}},"27":{"start":{"line":48,"column":24},"end":{"line":48,"column":93}},"28":{"start":{"line":50,"column":2},"end":{"line":50,"column":38}},"29":{"start":{"line":53,"column":0},"end":{"line":53,"column":27}}},"fnMap":{"0":{"name":"getShiftData","decl":{"start":{"line":10,"column":22},"end":{"line":10,"column":34}},"loc":{"start":{"line":10,"column":40},"end":{"line":38,"column":1}}},"1":{"name":"getMergedPdfPath","decl":{"start":{"line":40,"column":9},"end":{"line":40,"column":25}},"loc":{"start":{"line":40,"column":52},"end":{"line":51,"column":1}}}},"branchMap":{"0":{"loc":{"start":{"line":12,"column":27},"end":{"line":12,"column":49}},"type":"cond-expr","locations":[{"start":{"line":12,"column":27},"end":{"line":12,"column":49}},{"start":{"line":12,"column":52},"end":{"line":12,"column":57}}]}},"s":{"0":1,"1":1,"2":1,"3":3,"4":3,"5":3,"6":3,"7":3,"8":3,"9":1,"10":2,"11":2,"12":2,"13":2,"14":2,"15":2,"16":2,"17":1,"18":1,"19":2,"20":2,"21":2,"22":2,"23":2,"24":2,"25":2,"26":2,"27":2,"28":2,"29":1},"f":{"0":3,"1":2},"b":{"0":[1,2]}}
,"/Users/arivero/lh/serverless/services/activity-report-service/src/handlers/location-processor/index.ts": {"path":"/Users/arivero/lh/serverless/services/activity-report-service/src/handlers/location-processor/index.ts","statementMap":{"0":{"start":{"line":1,"column":0},"end":{"line":1,"column":29}},"1":{"start":{"line":2,"column":0},"end":{"line":2,"column":35}},"2":{"start":{"line":3,"column":0},"end":{"line":3,"column":40}},"3":{"start":{"line":4,"column":0},"end":{"line":4,"column":57}},"4":{"start":{"line":5,"column":0},"end":{"line":5,"column":75}},"5":{"start":{"line":7,"column":0},"end":{"line":7,"column":64}},"6":{"start":{"line":16,"column":19},"end":{"line":16,"column":21}},"7":{"start":{"line":17,"column":20},"end":{"line":17,"column":24}},"8":{"start":{"line":19,"column":13},"end":{"line":19,"column":50}},"9":{"start":{"line":21,"column":0},"end":{"line":21,"column":32}},"10":{"start":{"line":24,"column":2},"end":{"line":26,"column":3}},"11":{"start":{"line":25,"column":4},"end":{"line":25,"column":80}},"12":{"start":{"line":28,"column":8},"end":{"line":28,"column":47}},"13":{"start":{"line":29,"column":8},"end":{"line":29,"column":57}},"14":{"start":{"line":30,"column":8},"end":{"line":30,"column":77}},"15":{"start":{"line":32,"column":2},"end":{"line":32,"column":36}},"16":{"start":{"line":33,"column":23},"end":{"line":33,"column":48}},"17":{"start":{"line":33,"column":8},"end":{"line":33,"column":48}},"18":{"start":{"line":35,"column":2},"end":{"line":35,"column":45}},"19":{"start":{"line":36,"column":31},"end":{"line":40,"column":3}},"20":{"start":{"line":39,"column":6},"end":{"line":39,"column":69}},"21":{"start":{"line":39,"column":37},"end":{"line":39,"column":68}},"22":{"start":{"line":36,"column":8},"end":{"line":40,"column":3}},"23":{"start":{"line":42,"column":6},"end":{"line":45,"column":3}},"24":{"start":{"line":47,"column":8},"end":{"line":47,"column":59}},"25":{"start":{"line":49,"column":2},"end":{"line":51,"column":4}},"26":{"start":{"line":58,"column":34},"end":{"line":null,"column":-1}},"27":{"start":{"line":59,"column":10},"end":{"line":59,"column":58}},"28":{"start":{"line":61,"column":4},"end":{"line":61,"column":59}},"29":{"start":{"line":63,"column":4},"end":{"line":63,"column":38}},"30":{"start":{"line":65,"column":4},"end":{"line":65,"column":61}},"31":{"start":{"line":68,"column":4},"end":{"line":68,"column":37}},"32":{"start":{"line":71,"column":2},"end":{"line":73,"column":3}},"33":{"start":{"line":23,"column":0},"end":{"line":74,"column":1}},"34":{"start":{"line":77,"column":2},"end":{"line":77,"column":46}},"35":{"start":{"line":77,"column":37},"end":{"line":77,"column":46}},"36":{"start":{"line":79,"column":20},"end":{"line":79,"column":53}},"37":{"start":{"line":80,"column":18},"end":{"line":80,"column":50}},"38":{"start":{"line":82,"column":2},"end":{"line":119,"column":3}},"39":{"start":{"line":85,"column":6},"end":{"line":114,"column":8}},"40":{"start":{"line":87,"column":10},"end":{"line":87,"column":13}},"41":{"start":{"line":88,"column":10},"end":{"line":88,"column":35}},"42":{"start":{"line":89,"column":10},"end":{"line":89,"column":21}},"43":{"start":{"line":90,"column":10},"end":{"line":90,"column":18}},"44":{"start":{"line":94,"column":8},"end":{"line":94,"column":59}},"45":{"start":{"line":94,"column":53},"end":{"line":94,"column":59}},"46":{"start":{"line":96,"column":16},"end":{"line":96,"column":21}},"47":{"start":{"line":101,"column":31},"end":{"line":104,"column":18}},"48":{"start":{"line":106,"column":8},"end":{"line":113,"column":9}},"49":{"start":{"line":107,"column":10},"end":{"line":112,"column":12}},"50":{"start":{"line":116,"column":6},"end":{"line":116,"column":18}},"51":{"start":{"line":76,"column":0},"end":{"line":120,"column":1}},"52":{"start":{"line":123,"column":26},"end":{"line":123,"column":60}},"53":{"start":{"line":125,"column":2},"end":{"line":129,"column":3}},"54":{"start":{"line":126,"column":4},"end":{"line":128,"column":5}},"55":{"start":{"line":131,"column":18},"end":{"line":134,"column":3}},"56":{"start":{"line":136,"column":2},"end":{"line":136,"column":66}},"57":{"start":{"line":122,"column":0},"end":{"line":137,"column":1}}},"fnMap":{"0":{"name":"locationProcessor","decl":{"start":{"line":23,"column":22},"end":{"line":23,"column":39}},"loc":{"start":{"line":23,"column":45},"end":{"line":74,"column":1}}},"1":{"name":"(anonymous_16)","decl":{"start":{"line":38,"column":4},"end":{"line":38,"column":3}},"loc":{"start":{"line":38,"column":15},"end":{"line":39,"column":69}}},"2":{"name":"(anonymous_17)","decl":{"start":{"line":39,"column":31},"end":{"line":39,"column":36}},"loc":{"start":{"line":39,"column":31},"end":{"line":39,"column":68}}},"3":{"name":"parseApplicationLocations","decl":{"start":{"line":76,"column":16},"end":{"line":76,"column":41}},"loc":{"start":{"line":76,"column":72},"end":{"line":120,"column":1}}},"4":{"name":"(anonymous_19)","decl":{"start":{"line":84,"column":4},"end":{"line":84,"column":4}},"loc":{"start":{"line":84,"column":21},"end":{"line":117,"column":5}}},"5":{"name":"(anonymous_20)","decl":{"start":{"line":85,"column":22},"end":{"line":85,"column":21}},"loc":{"start":{"line":85,"column":30},"end":{"line":114,"column":7}}},"6":{"name":"processLocation","decl":{"start":{"line":122,"column":16},"end":{"line":122,"column":31}},"loc":{"start":{"line":122,"column":40},"end":{"line":137,"column":1}}}},"branchMap":{"0":{"loc":{"start":{"line":24,"column":2},"end":{"line":26,"column":3}},"type":"if","locations":[{"start":{"line":24,"column":2},"end":{"line":26,"column":3}},{"start":{"line":24,"column":2},"end":{"line":26,"column":3}}]},"1":{"loc":{"start":{"line":29,"column":27},"end":{"line":29,"column":49}},"type":"cond-expr","locations":[{"start":{"line":29,"column":27},"end":{"line":29,"column":49}},{"start":{"line":29,"column":52},"end":{"line":29,"column":57}}]},"2":{"loc":{"start":{"line":30,"column":38},"end":{"line":30,"column":64}},"type":"cond-expr","locations":[{"start":{"line":30,"column":38},"end":{"line":30,"column":64}},{"start":{"line":30,"column":67},"end":{"line":30,"column":77}}]},"3":{"loc":{"start":{"line":77,"column":2},"end":{"line":77,"column":46}},"type":"if","locations":[{"start":{"line":77,"column":2},"end":{"line":77,"column":46}},{"start":{"line":77,"column":2},"end":{"line":77,"column":46}}]},"4":{"loc":{"start":{"line":94,"column":8},"end":{"line":94,"column":59}},"type":"if","locations":[{"start":{"line":94,"column":8},"end":{"line":94,"column":59}},{"start":{"line":94,"column":8},"end":{"line":94,"column":59}}]},"5":{"loc":{"start":{"line":94,"column":12},"end":{"line":94,"column":38}},"type":"binary-expr","locations":[{"start":{"line":94,"column":12},"end":{"line":94,"column":38}},{"start":{"line":94,"column":42},"end":{"line":94,"column":51}}]},"6":{"loc":{"start":{"line":106,"column":8},"end":{"line":113,"column":9}},"type":"if","locations":[{"start":{"line":106,"column":8},"end":{"line":113,"column":9}},{"start":{"line":106,"column":8},"end":{"line":113,"column":9}}]},"7":{"loc":{"start":{"line":125,"column":2},"end":{"line":129,"column":3}},"type":"if","locations":[{"start":{"line":125,"column":2},"end":{"line":129,"column":3}},{"start":{"line":125,"column":2},"end":{"line":129,"column":3}}]}},"s":{"0":1,"1":1,"2":1,"3":1,"4":1,"5":1,"6":1,"7":1,"8":1,"9":1,"10":4,"11":1,"12":3,"13":3,"14":3,"15":3,"16":3,"17":3,"18":2,"19":2,"20":2,"21":2,"22":2,"23":2,"24":2,"25":2,"26":2,"27":2,"28":2,"29":2,"30":2,"31":4,"32":2,"33":1,"34":9,"35":1,"36":8,"37":8,"38":8,"39":9,"40":20,"41":20,"42":20,"43":20,"44":20,"45":6,"46":14,"47":14,"48":14,"49":6,"50":9,"51":1,"52":4,"53":4,"54":1,"55":3,"56":3,"57":1},"f":{"0":4,"1":2,"2":2,"3":9,"4":9,"5":20,"6":4},"b":{"0":[1,3],"1":[2,1],"2":[2,1],"3":[1,8],"4":[6,14],"5":[20,14],"6":[6,8],"7":[1,3]}}
,"/Users/arivero/lh/serverless/services/activity-report-service/src/handlers/merge-pdfs/index.ts": {"path":"/Users/arivero/lh/serverless/services/activity-report-service/src/handlers/merge-pdfs/index.ts","statementMap":{"0":{"start":{"line":1,"column":0},"end":{"line":1,"column":29}},"1":{"start":{"line":2,"column":0},"end":{"line":2,"column":34}},"2":{"start":{"line":3,"column":0},"end":{"line":3,"column":30}},"3":{"start":{"line":4,"column":0},"end":{"line":4,"column":32}},"4":{"start":{"line":6,"column":0},"end":{"line":6,"column":60}},"5":{"start":{"line":17,"column":8},"end":{"line":17,"column":47}},"6":{"start":{"line":18,"column":8},"end":{"line":18,"column":57}},"7":{"start":{"line":20,"column":10},"end":{"line":20,"column":43}},"8":{"start":{"line":21,"column":10},"end":{"line":21,"column":50}},"9":{"start":{"line":23,"column":8},"end":{"line":23,"column":31}},"10":{"start":{"line":24,"column":8},"end":{"line":24,"column":43}},"11":{"start":{"line":26,"column":2},"end":{"line":26,"column":58}},"12":{"start":{"line":27,"column":20},"end":{"line":27,"column":51}},"13":{"start":{"line":27,"column":8},"end":{"line":27,"column":51}},"14":{"start":{"line":29,"column":20},"end":{"line":33,"column":3}},"15":{"start":{"line":29,"column":8},"end":{"line":33,"column":3}},"16":{"start":{"line":35,"column":19},"end":{"line":35,"column":61}},"17":{"start":{"line":35,"column":8},"end":{"line":35,"column":61}},"18":{"start":{"line":37,"column":8},"end":{"line":37,"column":25}},"19":{"start":{"line":38,"column":8},"end":{"line":38,"column":43}},"20":{"start":{"line":39,"column":8},"end":{"line":39,"column":42}},"21":{"start":{"line":40,"column":8},"end":{"line":40,"column":40}},"22":{"start":{"line":41,"column":8},"end":{"line":41,"column":29}},"23":{"start":{"line":43,"column":8},"end":{"line":43,"column":70}},"24":{"start":{"line":44,"column":8},"end":{"line":44,"column":76}},"25":{"start":{"line":46,"column":8},"end":{"line":46,"column":48}},"26":{"start":{"line":47,"column":8},"end":{"line":47,"column":45}},"27":{"start":{"line":49,"column":17},"end":{"line":49,"column":45}},"28":{"start":{"line":49,"column":8},"end":{"line":49,"column":45}},"29":{"start":{"line":51,"column":2},"end":{"line":51,"column":49}},"30":{"start":{"line":52,"column":2},"end":{"line":58,"column":4}},"31":{"start":{"line":59,"column":2},"end":{"line":59,"column":48}},"32":{"start":{"line":61,"column":2},"end":{"line":61,"column":56}},"33":{"start":{"line":62,"column":2},"end":{"line":62,"column":33}},"34":{"start":{"line":63,"column":2},"end":{"line":63,"column":38}},"35":{"start":{"line":65,"column":2},"end":{"line":65,"column":14}},"36":{"start":{"line":16,"column":0},"end":{"line":66,"column":1}},"37":{"start":{"line":68,"column":0},"end":{"line":68,"column":24}}},"fnMap":{"0":{"name":"mergePdfs","decl":{"start":{"line":16,"column":22},"end":{"line":16,"column":31}},"loc":{"start":{"line":16,"column":37},"end":{"line":66,"column":1}}}},"branchMap":{"0":{"loc":{"start":{"line":18,"column":27},"end":{"line":18,"column":49}},"type":"cond-expr","locations":[{"start":{"line":18,"column":27},"end":{"line":18,"column":49}},{"start":{"line":18,"column":52},"end":{"line":18,"column":57}}]},"1":{"loc":{"start":{"line":20,"column":29},"end":{"line":20,"column":31}},"type":"cond-expr","locations":[{"start":{"line":20,"column":29},"end":{"line":20,"column":31}},{"start":{"line":20,"column":31},"end":{"line":20,"column":30}}]},"2":{"loc":{"start":{"line":21,"column":24},"end":{"line":21,"column":26}},"type":"cond-expr","locations":[{"start":{"line":21,"column":24},"end":{"line":21,"column":26}},{"start":{"line":21,"column":26},"end":{"line":21,"column":25}}]}},"s":{"0":1,"1":1,"2":1,"3":1,"4":1,"5":5,"6":5,"7":5,"8":5,"9":5,"10":5,"11":5,"12":5,"13":5,"14":5,"15":5,"16":3,"17":3,"18":3,"19":3,"20":3,"21":3,"22":3,"23":3,"24":3,"25":3,"26":3,"27":3,"28":3,"29":3,"30":6,"31":3,"32":3,"33":6,"34":3,"35":3,"36":1,"37":1},"f":{"0":5},"b":{"0":[1,4],"1":[2,3],"2":[2,3]}}
,"/Users/arivero/lh/serverless/services/activity-report-service/src/handlers/merge-report-pdfs/fixtures.ts": {"path":"/Users/arivero/lh/serverless/services/activity-report-service/src/handlers/merge-report-pdfs/fixtures.ts","statementMap":{"0":{"start":{"line":1,"column":13},"end":{"line":15,"column":1}},"1":{"start":{"line":17,"column":13},"end":{"line":17,"column":30}},"2":{"start":{"line":18,"column":13},"end":{"line":18,"column":41}},"3":{"start":{"line":19,"column":13},"end":{"line":19,"column":39}},"4":{"start":{"line":20,"column":13},"end":{"line":20,"column":63}},"5":{"start":{"line":21,"column":13},"end":{"line":21,"column":67}},"6":{"start":{"line":22,"column":13},"end":{"line":23,"column":99}},"7":{"start":{"line":24,"column":13},"end":{"line":24,"column":42}}},"fnMap":{},"branchMap":{},"s":{"0":1,"1":1,"2":1,"3":1,"4":1,"5":1,"6":1,"7":1},"f":{},"b":{}}
,"/Users/arivero/lh/serverless/services/activity-report-service/src/handlers/merge-report-pdfs/index.ts": {"path":"/Users/arivero/lh/serverless/services/activity-report-service/src/handlers/merge-report-pdfs/index.ts","statementMap":{"0":{"start":{"line":1,"column":0},"end":{"line":1,"column":29}},"1":{"start":{"line":2,"column":0},"end":{"line":2,"column":30}},"2":{"start":{"line":3,"column":0},"end":{"line":3,"column":32}},"3":{"start":{"line":5,"column":0},"end":{"line":5,"column":60}},"4":{"start":{"line":16,"column":8},"end":{"line":16,"column":47}},"5":{"start":{"line":17,"column":8},"end":{"line":17,"column":57}},"6":{"start":{"line":20,"column":4},"end":{"line":21,"column":13}},"7":{"start":{"line":24,"column":10},"end":{"line":24,"column":33}},"8":{"start":{"line":25,"column":10},"end":{"line":25,"column":45}},"9":{"start":{"line":27,"column":4},"end":{"line":27,"column":60}},"10":{"start":{"line":28,"column":4},"end":{"line":28,"column":35}},"11":{"start":{"line":30,"column":4},"end":{"line":30,"column":37}},"12":{"start":{"line":31,"column":22},"end":{"line":31,"column":79}},"13":{"start":{"line":31,"column":10},"end":{"line":31,"column":79}},"14":{"start":{"line":33,"column":4},"end":{"line":33,"column":38}},"15":{"start":{"line":34,"column":21},"end":{"line":34,"column":63}},"16":{"start":{"line":34,"column":10},"end":{"line":34,"column":63}},"17":{"start":{"line":36,"column":10},"end":{"line":36,"column":50}},"18":{"start":{"line":38,"column":4},"end":{"line":38,"column":38}},"19":{"start":{"line":39,"column":19},"end":{"line":39,"column":47}},"20":{"start":{"line":39,"column":10},"end":{"line":39,"column":47}},"21":{"start":{"line":41,"column":4},"end":{"line":41,"column":42}},"22":{"start":{"line":42,"column":4},"end":{"line":48,"column":6}},"23":{"start":{"line":50,"column":4},"end":{"line":50,"column":58}},"24":{"start":{"line":51,"column":4},"end":{"line":51,"column":35}},"25":{"start":{"line":53,"column":4},"end":{"line":53,"column":23}},"26":{"start":{"line":55,"column":4},"end":{"line":58,"column":6}},"27":{"start":{"line":60,"column":4},"end":{"line":60,"column":13}},"28":{"start":{"line":15,"column":0},"end":{"line":62,"column":1}},"29":{"start":{"line":64,"column":0},"end":{"line":64,"column":30}}},"fnMap":{"0":{"name":"mergeReportPdfs","decl":{"start":{"line":15,"column":22},"end":{"line":15,"column":37}},"loc":{"start":{"line":15,"column":43},"end":{"line":62,"column":1}}}},"branchMap":{"0":{"loc":{"start":{"line":17,"column":27},"end":{"line":17,"column":49}},"type":"cond-expr","locations":[{"start":{"line":17,"column":27},"end":{"line":17,"column":49}},{"start":{"line":17,"column":52},"end":{"line":17,"column":57}}]}},"s":{"0":1,"1":1,"2":1,"3":1,"4":5,"5":5,"6":5,"7":5,"8":5,"9":5,"10":10,"11":5,"12":5,"13":5,"14":3,"15":3,"16":3,"17":3,"18":3,"19":3,"20":3,"21":3,"22":6,"23":3,"24":6,"25":3,"26":2,"27":2,"28":1,"29":1},"f":{"0":5},"b":{"0":[1,4]}}
,"/Users/arivero/lh/serverless/services/activity-report-service/src/handlers/setup-dar/index.ts": {"path":"/Users/arivero/lh/serverless/services/activity-report-service/src/handlers/setup-dar/index.ts","statementMap":{"0":{"start":{"line":1,"column":0},"end":{"line":1,"column":34}},"1":{"start":{"line":3,"column":0},"end":{"line":7,"column":21}},"2":{"start":{"line":10,"column":8},"end":{"line":10,"column":47}},"3":{"start":{"line":11,"column":8},"end":{"line":11,"column":57}},"4":{"start":{"line":13,"column":15},"end":{"line":13,"column":44}},"5":{"start":{"line":13,"column":8},"end":{"line":13,"column":44}},"6":{"start":{"line":15,"column":10},"end":{"line":15,"column":48}},"7":{"start":{"line":16,"column":8},"end":{"line":16,"column":73}},"8":{"start":{"line":18,"column":6},"end":{"line":18,"column":17}},"9":{"start":{"line":19,"column":26},"end":{"line":19,"column":61}},"10":{"start":{"line":19,"column":10},"end":{"line":19,"column":61}},"11":{"start":{"line":20,"column":24},"end":{"line":20,"column":50}},"12":{"start":{"line":20,"column":10},"end":{"line":20,"column":50}},"13":{"start":{"line":22,"column":4},"end":{"line":22,"column":54}},"14":{"start":{"line":25,"column":2},"end":{"line":25,"column":23}},"15":{"start":{"line":9,"column":0},"end":{"line":26,"column":1}},"16":{"start":{"line":28,"column":0},"end":{"line":28,"column":23}}},"fnMap":{"0":{"name":"setupDar","decl":{"start":{"line":9,"column":22},"end":{"line":9,"column":30}},"loc":{"start":{"line":9,"column":36},"end":{"line":26,"column":1}}}},"branchMap":{"0":{"loc":{"start":{"line":11,"column":27},"end":{"line":11,"column":49}},"type":"cond-expr","locations":[{"start":{"line":11,"column":27},"end":{"line":11,"column":49}},{"start":{"line":11,"column":52},"end":{"line":11,"column":57}}]}},"s":{"0":1,"1":1,"2":5,"3":5,"4":5,"5":5,"6":4,"7":4,"8":1,"9":3,"10":3,"11":2,"12":2,"13":2,"14":1,"15":1,"16":1},"f":{"0":5},"b":{"0":[1,4]}}
,"/Users/arivero/lh/serverless/services/activity-report-service/src/handlers/shift-email-processor/fixtures.ts": {"path":"/Users/arivero/lh/serverless/services/activity-report-service/src/handlers/shift-email-processor/fixtures.ts","statementMap":{"0":{"start":{"line":1,"column":13},"end":{"line":1,"column":42}},"1":{"start":{"line":2,"column":13},"end":{"line":2,"column":40}},"2":{"start":{"line":4,"column":13},"end":{"line":7,"column":1}},"3":{"start":{"line":9,"column":13},"end":{"line":62,"column":1}},"4":{"start":{"line":64,"column":13},"end":{"line":73,"column":1}},"5":{"start":{"line":75,"column":13},"end":{"line":80,"column":1}},"6":{"start":{"line":82,"column":13},"end":{"line":141,"column":1}},"7":{"start":{"line":143,"column":13},"end":{"line":176,"column":1}}},"fnMap":{},"branchMap":{},"s":{"0":1,"1":1,"2":1,"3":1,"4":1,"5":1,"6":1,"7":1},"f":{},"b":{}}
,"/Users/arivero/lh/serverless/services/activity-report-service/src/handlers/shift-email-processor/index.ts": {"path":"/Users/arivero/lh/serverless/services/activity-report-service/src/handlers/shift-email-processor/index.ts","statementMap":{"0":{"start":{"line":1,"column":0},"end":{"line":1,"column":52}},"1":{"start":{"line":2,"column":0},"end":{"line":2,"column":35}},"2":{"start":{"line":3,"column":0},"end":{"line":3,"column":60}},"3":{"start":{"line":4,"column":0},"end":{"line":4,"column":40}},"4":{"start":{"line":7,"column":0},"end":{"line":12,"column":21}},"5":{"start":{"line":23,"column":8},"end":{"line":23,"column":49}},"6":{"start":{"line":24,"column":8},"end":{"line":24,"column":69}},"7":{"start":{"line":25,"column":8},"end":{"line":25,"column":77}},"8":{"start":{"line":26,"column":23},"end":{"line":26,"column":48}},"9":{"start":{"line":26,"column":8},"end":{"line":26,"column":48}},"10":{"start":{"line":27,"column":8},"end":{"line":27,"column":49}},"11":{"start":{"line":29,"column":8},"end":{"line":40,"column":3}},"12":{"start":{"line":42,"column":21},"end":{"line":42,"column":66}},"13":{"start":{"line":42,"column":8},"end":{"line":42,"column":66}},"14":{"start":{"line":44,"column":2},"end":{"line":44,"column":40}},"15":{"start":{"line":45,"column":16},"end":{"line":45,"column":54}},"16":{"start":{"line":45,"column":8},"end":{"line":45,"column":54}},"17":{"start":{"line":46,"column":2},"end":{"line":46,"column":80}},"18":{"start":{"line":48,"column":8},"end":{"line":50,"column":3}},"19":{"start":{"line":48,"column":39},"end":{"line":48,"column":78}},"20":{"start":{"line":51,"column":2},"end":{"line":53,"column":4}},"21":{"start":{"line":55,"column":2},"end":{"line":55,"column":34}},"22":{"start":{"line":56,"column":22},"end":{"line":58,"column":3}},"23":{"start":{"line":57,"column":4},"end":{"line":57,"column":71}},"24":{"start":{"line":57,"column":35},"end":{"line":57,"column":70}},"25":{"start":{"line":56,"column":8},"end":{"line":58,"column":3}},"26":{"start":{"line":60,"column":2},"end":{"line":60,"column":30}},"27":{"start":{"line":61,"column":17},"end":{"line":63,"column":3}},"28":{"start":{"line":62,"column":4},"end":{"line":62,"column":52}},"29":{"start":{"line":61,"column":8},"end":{"line":63,"column":3}},"30":{"start":{"line":65,"column":2},"end":{"line":65,"column":29}},"31":{"start":{"line":66,"column":18},"end":{"line":66,"column":80}},"32":{"start":{"line":66,"column":63},"end":{"line":66,"column":79}},"33":{"start":{"line":66,"column":8},"end":{"line":66,"column":80}},"34":{"start":{"line":67,"column":2},"end":{"line":67,"column":16}},"35":{"start":{"line":22,"column":0},"end":{"line":68,"column":1}},"36":{"start":{"line":71,"column":19},"end":{"line":71,"column":72}},"37":{"start":{"line":72,"column":21},"end":{"line":72,"column":67}},"38":{"start":{"line":73,"column":18},"end":{"line":73,"column":50}},"39":{"start":{"line":75,"column":2},"end":{"line":75,"column":67}},"40":{"start":{"line":75,"column":55},"end":{"line":75,"column":67}},"41":{"start":{"line":77,"column":25},"end":{"line":80,"column":12}},"42":{"start":{"line":82,"column":2},"end":{"line":82,"column":52}},"43":{"start":{"line":82,"column":40},"end":{"line":82,"column":52}},"44":{"start":{"line":84,"column":2},"end":{"line":84,"column":13}},"45":{"start":{"line":70,"column":0},"end":{"line":85,"column":1}}},"fnMap":{"0":{"name":"shiftEmailProcessor","decl":{"start":{"line":22,"column":22},"end":{"line":22,"column":41}},"loc":{"start":{"line":22,"column":66},"end":{"line":68,"column":1}}},"1":{"name":"(anonymous_16)","decl":{"start":{"line":48,"column":31},"end":{"line":48,"column":30}},"loc":{"start":{"line":48,"column":35},"end":{"line":48,"column":78}}},"2":{"name":"(anonymous_17)","decl":{"start":{"line":56,"column":56},"end":{"line":56,"column":55}},"loc":{"start":{"line":56,"column":60},"end":{"line":57,"column":71}}},"3":{"name":"(anonymous_18)","decl":{"start":{"line":57,"column":29},"end":{"line":57,"column":34}},"loc":{"start":{"line":57,"column":29},"end":{"line":57,"column":70}}},"4":{"name":"(anonymous_19)","decl":{"start":{"line":61,"column":58},"end":{"line":61,"column":57}},"loc":{"start":{"line":61,"column":62},"end":{"line":62,"column":52}}},"5":{"name":"(anonymous_20)","decl":{"start":{"line":66,"column":54},"end":{"line":66,"column":53}},"loc":{"start":{"line":66,"column":59},"end":{"line":66,"column":79}}},"6":{"name":"userMatchesTimezoneHour","decl":{"start":{"line":70,"column":16},"end":{"line":70,"column":39}},"loc":{"start":{"line":70,"column":66},"end":{"line":85,"column":1}}}},"branchMap":{"0":{"loc":{"start":{"line":24,"column":29},"end":{"line":24,"column":61}},"type":"cond-expr","locations":[{"start":{"line":24,"column":29},"end":{"line":24,"column":61}},{"start":{"line":24,"column":64},"end":{"line":24,"column":69}}]},"1":{"loc":{"start":{"line":25,"column":38},"end":{"line":25,"column":64}},"type":"cond-expr","locations":[{"start":{"line":25,"column":38},"end":{"line":25,"column":64}},{"start":{"line":25,"column":67},"end":{"line":25,"column":77}}]},"2":{"loc":{"start":{"line":73,"column":18},"end":{"line":73,"column":28}},"type":"binary-expr","locations":[{"start":{"line":73,"column":18},"end":{"line":73,"column":28}},{"start":{"line":73,"column":32},"end":{"line":73,"column":50}}]},"3":{"loc":{"start":{"line":75,"column":2},"end":{"line":75,"column":67}},"type":"if","locations":[{"start":{"line":75,"column":2},"end":{"line":75,"column":67}},{"start":{"line":75,"column":2},"end":{"line":75,"column":67}}]},"4":{"loc":{"start":{"line":75,"column":6},"end":{"line":75,"column":14}},"type":"binary-expr","locations":[{"start":{"line":75,"column":6},"end":{"line":75,"column":14}},{"start":{"line":75,"column":18},"end":{"line":75,"column":32}},{"start":{"line":75,"column":36},"end":{"line":75,"column":53}}]},"5":{"loc":{"start":{"line":82,"column":2},"end":{"line":82,"column":52}},"type":"if","locations":[{"start":{"line":82,"column":2},"end":{"line":82,"column":52}},{"start":{"line":82,"column":2},"end":{"line":82,"column":52}}]}},"s":{"0":1,"1":1,"2":1,"3":1,"4":1,"5":5,"6":5,"7":5,"8":5,"9":5,"10":5,"11":5,"12":5,"13":5,"14":4,"15":4,"16":4,"17":4,"18":4,"19":8,"20":4,"21":4,"22":4,"23":4,"24":4,"25":4,"26":4,"27":4,"28":3,"29":4,"30":4,"31":4,"32":2,"33":4,"34":4,"35":1,"36":16,"37":16,"38":16,"39":16,"40":2,"41":14,"42":14,"43":7,"44":7,"45":1},"f":{"0":5,"1":8,"2":4,"3":4,"4":3,"5":2,"6":16},"b":{"0":[3,2],"1":[2,3],"2":[16,15],"3":[2,14],"4":[16,14,14],"5":[7,7]}}
,"/Users/arivero/lh/serverless/services/activity-report-service/src/helpers/index.ts": {"path":"/Users/arivero/lh/serverless/services/activity-report-service/src/helpers/index.ts","statementMap":{"0":{"start":{"line":1,"column":0},"end":{"line":1,"column":25}},"1":{"start":{"line":18,"column":9},"end":{"line":18,"column":11}},"2":{"start":{"line":3,"column":0},"end":{"line":3,"column":69}},"3":{"start":{"line":3,"column":9},"end":{"line":3,"column":32}},"4":{"start":{"line":4,"column":0},"end":{"line":4,"column":63}},"5":{"start":{"line":4,"column":9},"end":{"line":4,"column":29}},"6":{"start":{"line":5,"column":0},"end":{"line":5,"column":41}},"7":{"start":{"line":5,"column":9},"end":{"line":5,"column":19}},"8":{"start":{"line":6,"column":0},"end":{"line":6,"column":52}},"9":{"start":{"line":6,"column":9},"end":{"line":6,"column":24}},"10":{"start":{"line":7,"column":0},"end":{"line":7,"column":52}},"11":{"start":{"line":7,"column":9},"end":{"line":7,"column":24}},"12":{"start":{"line":8,"column":0},"end":{"line":8,"column":61}},"13":{"start":{"line":8,"column":9},"end":{"line":8,"column":28}},"14":{"start":{"line":9,"column":0},"end":{"line":9,"column":50}},"15":{"start":{"line":9,"column":9},"end":{"line":9,"column":23}},"16":{"start":{"line":10,"column":0},"end":{"line":10,"column":41}},"17":{"start":{"line":10,"column":9},"end":{"line":10,"column":19}},"18":{"start":{"line":11,"column":0},"end":{"line":11,"column":47}},"19":{"start":{"line":11,"column":9},"end":{"line":11,"column":22}},"20":{"start":{"line":12,"column":0},"end":{"line":12,"column":55}},"21":{"start":{"line":12,"column":9},"end":{"line":12,"column":26}},"22":{"start":{"line":13,"column":0},"end":{"line":13,"column":49}},"23":{"start":{"line":13,"column":9},"end":{"line":13,"column":23}},"24":{"start":{"line":14,"column":0},"end":{"line":14,"column":67}},"25":{"start":{"line":14,"column":9},"end":{"line":14,"column":31}},"26":{"start":{"line":15,"column":0},"end":{"line":15,"column":61}},"27":{"start":{"line":15,"column":9},"end":{"line":15,"column":28}},"28":{"start":{"line":16,"column":0},"end":{"line":16,"column":50}},"29":{"start":{"line":16,"column":9},"end":{"line":16,"column":23}},"30":{"start":{"line":17,"column":0},"end":{"line":17,"column":48}},"31":{"start":{"line":17,"column":9},"end":{"line":17,"column":23}},"32":{"start":{"line":19,"column":0},"end":{"line":19,"column":39}},"33":{"start":{"line":19,"column":9},"end":{"line":19,"column":18}}},"fnMap":{},"branchMap":{},"s":{"0":7,"1":7,"2":7,"3":7,"4":7,"5":7,"6":7,"7":7,"8":7,"9":7,"10":7,"11":7,"12":7,"13":7,"14":7,"15":7,"16":7,"17":7,"18":7,"19":7,"20":7,"21":7,"22":7,"23":7,"24":7,"25":7,"26":7,"27":7,"28":7,"29":7,"30":7,"31":7,"32":7,"33":7},"f":{},"b":{}}
,"/Users/arivero/lh/serverless/services/activity-report-service/src/helpers/build-email/index.ts": {"path":"/Users/arivero/lh/serverless/services/activity-report-service/src/helpers/build-email/index.ts","statementMap":{"0":{"start":{"line":1,"column":0},"end":{"line":1,"column":35}},"1":{"start":{"line":2,"column":0},"end":{"line":12,"column":17}},"2":{"start":{"line":13,"column":0},"end":{"line":13,"column":40}},"3":{"start":{"line":24,"column":0},"end":{"line":24,"column":68}},"4":{"start":{"line":28,"column":32},"end":{"line":32,"column":1}},"5":{"start":{"line":34,"column":28},"end":{"line":38,"column":1}},"6":{"start":{"line":47,"column":6},"end":{"line":53,"column":15}},"7":{"start":{"line":55,"column":10},"end":{"line":55,"column":59}},"8":{"start":{"line":56,"column":10},"end":{"line":56,"column":44}},"9":{"start":{"line":57,"column":10},"end":{"line":59,"column":37}},"10":{"start":{"line":61,"column":10},"end":{"line":61,"column":71}},"11":{"start":{"line":63,"column":10},"end":{"line":66,"column":25}},"12":{"start":{"line":68,"column":10},"end":{"line":68,"column":54}},"13":{"start":{"line":69,"column":10},"end":{"line":69,"column":53}},"14":{"start":{"line":71,"column":10},"end":{"line":71,"column":68}},"15":{"start":{"line":72,"column":10},"end":{"line":72,"column":59}},"16":{"start":{"line":74,"column":18},"end":{"line":79,"column":5}},"17":{"start":{"line":75,"column":6},"end":{"line":78,"column":8}},"18":{"start":{"line":74,"column":10},"end":{"line":79,"column":5}},"19":{"start":{"line":81,"column":10},"end":{"line":81,"column":49}},"20":{"start":{"line":82,"column":10},"end":{"line":82,"column":51}},"21":{"start":{"line":84,"column":10},"end":{"line":85,"column":60}},"22":{"start":{"line":87,"column":4},"end":{"line":97,"column":5}},"23":{"start":{"line":91,"column":6},"end":{"line":95,"column":8}},"24":{"start":{"line":96,"column":6},"end":{"line":96,"column":18}},"25":{"start":{"line":99,"column":10},"end":{"line":99,"column":32}},"26":{"start":{"line":101,"column":10},"end":{"line":112,"column":6}},"27":{"start":{"line":114,"column":4},"end":{"line":124,"column":5}},"28":{"start":{"line":126,"column":4},"end":{"line":126,"column":61}},"29":{"start":{"line":127,"column":4},"end":{"line":127,"column":16}},"30":{"start":{"line":44,"column":0},"end":{"line":129,"column":1}}},"fnMap":{"0":{"name":"buildEmail","decl":{"start":{"line":44,"column":22},"end":{"line":44,"column":32}},"loc":{"start":{"line":44,"column":52},"end":{"line":129,"column":1}}},"1":{"name":"(anonymous_18)","decl":{"start":{"line":74,"column":48},"end":{"line":74,"column":47}},"loc":{"start":{"line":74,"column":56},"end":{"line":78,"column":8}}}},"branchMap":{"0":{"loc":{"start":{"line":58,"column":8},"end":{"line":58,"column":32}},"type":"cond-expr","locations":[{"start":{"line":58,"column":8},"end":{"line":58,"column":32}},{"start":{"line":59,"column":8},"end":{"line":59,"column":37}}]},"1":{"loc":{"start":{"line":85,"column":6},"end":{"line":85,"column":30}},"type":"binary-expr","locations":[{"start":{"line":85,"column":6},"end":{"line":85,"column":30}},{"start":{"line":85,"column":34},"end":{"line":85,"column":60}}]},"2":{"loc":{"start":{"line":87,"column":4},"end":{"line":97,"column":5}},"type":"if","locations":[{"start":{"line":87,"column":4},"end":{"line":97,"column":5}},{"start":{"line":87,"column":4},"end":{"line":97,"column":5}}]},"3":{"loc":{"start":{"line":88,"column":6},"end":{"line":88,"column":30}},"type":"binary-expr","locations":[{"start":{"line":88,"column":6},"end":{"line":88,"column":30}},{"start":{"line":89,"column":7},"end":{"line":89,"column":34}},{"start":{"line":89,"column":38},"end":{"line":89,"column":52}}]},"4":{"loc":{"start":{"line":115,"column":10},"end":{"line":115,"column":30}},"type":"binary-expr","locations":[{"start":{"line":115,"column":10},"end":{"line":115,"column":30}},{"start":{"line":115,"column":34},"end":{"line":115,"column":58}}]}},"s":{"0":8,"1":8,"2":8,"3":8,"4":8,"5":8,"6":9,"7":9,"8":9,"9":9,"10":9,"11":9,"12":9,"13":9,"14":9,"15":9,"16":9,"17":15,"18":9,"19":8,"20":8,"21":8,"22":8,"23":1,"24":1,"25":7,"26":7,"27":7,"28":1,"29":1,"30":8},"f":{"0":9,"1":15},"b":{"0":[8,1],"1":[8,2],"2":[1,7],"3":[8,2,1],"4":[7,1]}}
,"/Users/arivero/lh/serverless/services/activity-report-service/src/helpers/build-location-summary-pdf/index.ts": {"path":"/Users/arivero/lh/serverless/services/activity-report-service/src/helpers/build-location-summary-pdf/index.ts","statementMap":{"0":{"start":{"line":1,"column":0},"end":{"line":1,"column":52}},"1":{"start":{"line":2,"column":0},"end":{"line":2,"column":34}},"2":{"start":{"line":4,"column":0},"end":{"line":4,"column":68}},"3":{"start":{"line":7,"column":8},"end":{"line":7,"column":34}},"4":{"start":{"line":8,"column":16},"end":{"line":8,"column":50}},"5":{"start":{"line":10,"column":24},"end":{"line":10,"column":71}},"6":{"start":{"line":10,"column":8},"end":{"line":10,"column":71}},"7":{"start":{"line":11,"column":8},"end":{"line":11,"column":52}},"8":{"start":{"line":12,"column":2},"end":{"line":12,"column":51}},"9":{"start":{"line":14,"column":2},"end":{"line":14,"column":19}},"10":{"start":{"line":6,"column":0},"end":{"line":15,"column":1}},"11":{"start":{"line":17,"column":37},"end":{"line":17,"column":45}},"12":{"start":{"line":18,"column":15},"end":{"line":18,"column":25}},"13":{"start":{"line":19,"column":15},"end":{"line":19,"column":43}},"14":{"start":{"line":20,"column":16},"end":{"line":20,"column":42}},"15":{"start":{"line":21,"column":14},"end":{"line":21,"column":40}},"16":{"start":{"line":22,"column":15},"end":{"line":22,"column":29}},"17":{"start":{"line":24,"column":10},"end":{"line":24,"column":25}},"18":{"start":{"line":25,"column":21},"end":{"line":25,"column":70}},"19":{"start":{"line":26,"column":24},"end":{"line":26,"column":66}},"20":{"start":{"line":27,"column":2},"end":{"line":27,"column":38}}},"fnMap":{"0":{"name":"buildLocationSummaryPdf","decl":{"start":{"line":6,"column":22},"end":{"line":6,"column":45}},"loc":{"start":{"line":6,"column":50},"end":{"line":15,"column":1}}},"1":{"name":"getLocationSummaryPdfPath","decl":{"start":{"line":17,"column":9},"end":{"line":17,"column":34}},"loc":{"start":{"line":17,"column":47},"end":{"line":28,"column":1}}}},"branchMap":{},"s":{"0":8,"1":8,"2":8,"3":1,"4":1,"5":1,"6":1,"7":1,"8":2,"9":1,"10":8,"11":1,"12":1,"13":1,"14":1,"15":1,"16":1,"17":1,"18":1,"19":1,"20":1},"f":{"0":1,"1":1},"b":{}}
,"/Users/arivero/lh/serverless/services/activity-report-service/src/helpers/build-shift-email/fixtures.ts": {"path":"/Users/arivero/lh/serverless/services/activity-report-service/src/helpers/build-shift-email/fixtures.ts","statementMap":{"0":{"start":{"line":1,"column":13},"end":{"line":1,"column":33}},"1":{"start":{"line":3,"column":13},"end":{"line":6,"column":1}},"2":{"start":{"line":8,"column":13},"end":{"line":11,"column":1}},"3":{"start":{"line":13,"column":13},"end":{"line":19,"column":1}},"4":{"start":{"line":21,"column":13},"end":{"line":27,"column":1}},"5":{"start":{"line":29,"column":13},"end":{"line":35,"column":1}},"6":{"start":{"line":37,"column":13},"end":{"line":41,"column":1}},"7":{"start":{"line":43,"column":13},"end":{"line":47,"column":1}},"8":{"start":{"line":49,"column":13},"end":{"line":76,"column":1}},"9":{"start":{"line":78,"column":13},"end":{"line":108,"column":1}},"10":{"start":{"line":110,"column":13},"end":{"line":127,"column":1}}},"fnMap":{},"branchMap":{},"s":{"0":1,"1":1,"2":1,"3":1,"4":1,"5":1,"6":1,"7":1,"8":1,"9":1,"10":1},"f":{},"b":{}}
,"/Users/arivero/lh/serverless/services/activity-report-service/src/helpers/build-shift-email/index.ts": {"path":"/Users/arivero/lh/serverless/services/activity-report-service/src/helpers/build-shift-email/index.ts","statementMap":{"0":{"start":{"line":1,"column":0},"end":{"line":1,"column":35}},"1":{"start":{"line":2,"column":0},"end":{"line":13,"column":17}},"2":{"start":{"line":14,"column":0},"end":{"line":14,"column":31}},"3":{"start":{"line":15,"column":0},"end":{"line":15,"column":40}},"4":{"start":{"line":17,"column":0},"end":{"line":17,"column":62}},"5":{"start":{"line":28,"column":32},"end":{"line":32,"column":1}},"6":{"start":{"line":34,"column":40},"end":{"line":34,"column":51}},"7":{"start":{"line":34,"column":53},"end":{"line":34,"column":61}},"8":{"start":{"line":37,"column":6},"end":{"line":43,"column":19}},"9":{"start":{"line":45,"column":10},"end":{"line":45,"column":59}},"10":{"start":{"line":46,"column":10},"end":{"line":46,"column":44}},"11":{"start":{"line":47,"column":10},"end":{"line":49,"column":34}},"12":{"start":{"line":51,"column":10},"end":{"line":51,"column":71}},"13":{"start":{"line":53,"column":10},"end":{"line":56,"column":25}},"14":{"start":{"line":58,"column":10},"end":{"line":58,"column":54}},"15":{"start":{"line":59,"column":10},"end":{"line":59,"column":53}},"16":{"start":{"line":61,"column":10},"end":{"line":61,"column":68}},"17":{"start":{"line":63,"column":23},"end":{"line":69,"column":5}},"18":{"start":{"line":64,"column":6},"end":{"line":68,"column":8}},"19":{"start":{"line":63,"column":10},"end":{"line":69,"column":5}},"20":{"start":{"line":71,"column":10},"end":{"line":75,"column":5}},"21":{"start":{"line":77,"column":10},"end":{"line":77,"column":45}},"22":{"start":{"line":78,"column":10},"end":{"line":78,"column":32}},"23":{"start":{"line":80,"column":10},"end":{"line":89,"column":6}},"24":{"start":{"line":91,"column":4},"end":{"line":101,"column":5}},"25":{"start":{"line":103,"column":4},"end":{"line":103,"column":65}},"26":{"start":{"line":104,"column":4},"end":{"line":104,"column":16}},"27":{"start":{"line":34,"column":0},"end":{"line":106,"column":1}}},"fnMap":{"0":{"name":"buildShiftEmail","decl":{"start":{"line":34,"column":22},"end":{"line":34,"column":37}},"loc":{"start":{"line":34,"column":63},"end":{"line":106,"column":1}}},"1":{"name":"(anonymous_18)","decl":{"start":{"line":63,"column":50},"end":{"line":63,"column":49}},"loc":{"start":{"line":63,"column":55},"end":{"line":68,"column":8}}}},"branchMap":{"0":{"loc":{"start":{"line":48,"column":8},"end":{"line":48,"column":29}},"type":"cond-expr","locations":[{"start":{"line":48,"column":8},"end":{"line":48,"column":29}},{"start":{"line":49,"column":8},"end":{"line":49,"column":34}}]},"1":{"loc":{"start":{"line":92,"column":10},"end":{"line":92,"column":30}},"type":"binary-expr","locations":[{"start":{"line":92,"column":10},"end":{"line":92,"column":30}},{"start":{"line":92,"column":34},"end":{"line":92,"column":58}}]}},"s":{"0":8,"1":8,"2":8,"3":8,"4":8,"5":8,"6":8,"7":8,"8":8,"9":8,"10":8,"11":8,"12":8,"13":8,"14":8,"15":8,"16":8,"17":8,"18":15,"19":8,"20":7,"21":7,"22":7,"23":7,"24":7,"25":1,"26":1,"27":8},"f":{"0":8,"1":15},"b":{"0":[7,1],"1":[7,1]}}
,"/Users/arivero/lh/serverless/services/activity-report-service/src/helpers/build-shift-summary-pdf/fixtures.ts": {"path":"/Users/arivero/lh/serverless/services/activity-report-service/src/helpers/build-shift-summary-pdf/fixtures.ts","statementMap":{"0":{"start":{"line":1,"column":13},"end":{"line":1,"column":42}},"1":{"start":{"line":2,"column":13},"end":{"line":2,"column":53}},"2":{"start":{"line":3,"column":13},"end":{"line":3,"column":55}},"3":{"start":{"line":5,"column":13},"end":{"line":5,"column":58}},"4":{"start":{"line":6,"column":13},"end":{"line":6,"column":51}},"5":{"start":{"line":7,"column":13},"end":{"line":7,"column":42}},"6":{"start":{"line":8,"column":13},"end":{"line":9,"column":104}},"7":{"start":{"line":11,"column":13},"end":{"line":51,"column":1}},"8":{"start":{"line":53,"column":13},"end":{"line":66,"column":1}},"9":{"start":{"line":68,"column":21},"end":{"line":68,"column":72}}},"fnMap":{},"branchMap":{},"s":{"0":1,"1":1,"2":1,"3":1,"4":1,"5":1,"6":1,"7":1,"8":1,"9":1},"f":{},"b":{}}
,"/Users/arivero/lh/serverless/services/activity-report-service/src/helpers/build-shift-summary-pdf/index.ts": {"path":"/Users/arivero/lh/serverless/services/activity-report-service/src/helpers/build-shift-summary-pdf/index.ts","statementMap":{"0":{"start":{"line":1,"column":0},"end":{"line":1,"column":49}},"1":{"start":{"line":2,"column":0},"end":{"line":2,"column":34}},"2":{"start":{"line":4,"column":0},"end":{"line":4,"column":68}},"3":{"start":{"line":7,"column":8},"end":{"line":7,"column":34}},"4":{"start":{"line":8,"column":16},"end":{"line":8,"column":50}},"5":{"start":{"line":10,"column":24},"end":{"line":10,"column":68}},"6":{"start":{"line":10,"column":8},"end":{"line":10,"column":68}},"7":{"start":{"line":11,"column":8},"end":{"line":11,"column":49}},"8":{"start":{"line":12,"column":2},"end":{"line":12,"column":51}},"9":{"start":{"line":14,"column":2},"end":{"line":14,"column":19}},"10":{"start":{"line":6,"column":0},"end":{"line":15,"column":1}},"11":{"start":{"line":17,"column":34},"end":{"line":17,"column":47}},"12":{"start":{"line":17,"column":49},"end":{"line":17,"column":54}},"13":{"start":{"line":18,"column":15},"end":{"line":18,"column":25}},"14":{"start":{"line":19,"column":15},"end":{"line":19,"column":43}},"15":{"start":{"line":20,"column":16},"end":{"line":20,"column":42}},"16":{"start":{"line":21,"column":14},"end":{"line":21,"column":40}},"17":{"start":{"line":22,"column":15},"end":{"line":22,"column":29}},"18":{"start":{"line":24,"column":10},"end":{"line":24,"column":22}},"19":{"start":{"line":25,"column":21},"end":{"line":25,"column":87}},"20":{"start":{"line":26,"column":24},"end":{"line":26,"column":83}},"21":{"start":{"line":27,"column":2},"end":{"line":27,"column":38}}},"fnMap":{"0":{"name":"buildShiftSummaryPdf","decl":{"start":{"line":6,"column":22},"end":{"line":6,"column":42}},"loc":{"start":{"line":6,"column":47},"end":{"line":15,"column":1}}},"1":{"name":"getShiftSummaryPdfPath","decl":{"start":{"line":17,"column":9},"end":{"line":17,"column":31}},"loc":{"start":{"line":17,"column":56},"end":{"line":28,"column":1}}}},"branchMap":{},"s":{"0":8,"1":8,"2":8,"3":1,"4":1,"5":1,"6":1,"7":1,"8":2,"9":1,"10":8,"11":1,"12":1,"13":1,"14":1,"15":1,"16":1,"17":1,"18":1,"19":1,"20":1,"21":1},"f":{"0":1,"1":1},"b":{}}
,"/Users/arivero/lh/serverless/services/activity-report-service/src/helpers/concat-pdfs/index.ts": {"path":"/Users/arivero/lh/serverless/services/activity-report-service/src/helpers/concat-pdfs/index.ts","statementMap":{"0":{"start":{"line":1,"column":0},"end":{"line":1,"column":31}},"1":{"start":{"line":4,"column":0},"end":{"line":4,"column":50}},"2":{"start":{"line":7,"column":8},"end":{"line":7,"column":31}},"3":{"start":{"line":8,"column":8},"end":{"line":8,"column":49}},"4":{"start":{"line":10,"column":8},"end":{"line":10,"column":49}},"5":{"start":{"line":11,"column":2},"end":{"line":11,"column":79}},"6":{"start":{"line":11,"column":15},"end":{"line":11,"column":67}},"7":{"start":{"line":12,"column":2},"end":{"line":12,"column":17}},"8":{"start":{"line":14,"column":2},"end":{"line":14,"column":17}},"9":{"start":{"line":6,"column":0},"end":{"line":15,"column":1}}},"fnMap":{"0":{"name":"concatPdfs","decl":{"start":{"line":6,"column":22},"end":{"line":6,"column":32}},"loc":{"start":{"line":6,"column":57},"end":{"line":15,"column":1}}},"1":{"name":"(anonymous_16)","decl":{"start":{"line":11,"column":7},"end":{"line":11,"column":6}},"loc":{"start":{"line":11,"column":11},"end":{"line":11,"column":67}}}},"branchMap":{},"s":{"0":8,"1":8,"2":1,"3":1,"4":1,"5":1,"6":1,"7":1,"8":1,"9":8},"f":{"0":1,"1":1},"b":{}}
,"/Users/arivero/lh/serverless/services/activity-report-service/src/helpers/create-summary-pdf/index.ts": {"path":"/Users/arivero/lh/serverless/services/activity-report-service/src/helpers/create-summary-pdf/index.ts","statementMap":{"0":{"start":{"line":1,"column":0},"end":{"line":1,"column":29}},"1":{"start":{"line":2,"column":0},"end":{"line":2,"column":32}},"2":{"start":{"line":4,"column":0},"end":{"line":4,"column":43}},"3":{"start":{"line":5,"column":0},"end":{"line":5,"column":26}},"4":{"start":{"line":19,"column":10},"end":{"line":19,"column":21}},"5":{"start":{"line":22,"column":19},"end":{"line":22,"column":54}},"6":{"start":{"line":23,"column":18},"end":{"line":23,"column":66}},"7":{"start":{"line":24,"column":21},"end":{"line":24,"column":42}},"8":{"start":{"line":27,"column":19},"end":{"line":27,"column":72}},"9":{"start":{"line":28,"column":24},"end":{"line":28,"column":78}},"10":{"start":{"line":30,"column":19},"end":{"line":33,"column":3}},"11":{"start":{"line":35,"column":2},"end":{"line":43,"column":3}},"12":{"start":{"line":18,"column":0},"end":{"line":44,"column":1}},"13":{"start":{"line":47,"column":8},"end":{"line":47,"column":31}},"14":{"start":{"line":48,"column":8},"end":{"line":48,"column":48}},"15":{"start":{"line":50,"column":17},"end":{"line":50,"column":50}},"16":{"start":{"line":50,"column":8},"end":{"line":50,"column":50}},"17":{"start":{"line":51,"column":2},"end":{"line":55,"column":4}},"18":{"start":{"line":46,"column":0},"end":{"line":56,"column":1}}},"fnMap":{"0":{"name":"buildConfig","decl":{"start":{"line":18,"column":16},"end":{"line":18,"column":27}},"loc":{"start":{"line":18,"column":32},"end":{"line":44,"column":1}}},"1":{"name":"createSummaryPdf","decl":{"start":{"line":46,"column":22},"end":{"line":46,"column":38}},"loc":{"start":{"line":46,"column":64},"end":{"line":56,"column":1}}}},"branchMap":{},"s":{"0":8,"1":8,"2":8,"3":8,"4":3,"5":3,"6":3,"7":3,"8":3,"9":3,"10":3,"11":3,"12":8,"13":1,"14":1,"15":1,"16":1,"17":2,"18":8},"f":{"0":3,"1":1},"b":{}}
,"/Users/arivero/lh/serverless/services/activity-report-service/src/helpers/data/fixtures.ts": {"path":"/Users/arivero/lh/serverless/services/activity-report-service/src/helpers/data/fixtures.ts","statementMap":{"0":{"start":{"line":1,"column":13},"end":{"line":3,"column":1}},"1":{"start":{"line":5,"column":13},"end":{"line":5,"column":61}},"2":{"start":{"line":7,"column":13},"end":{"line":7,"column":53}},"3":{"start":{"line":9,"column":13},"end":{"line":34,"column":1}},"4":{"start":{"line":36,"column":13},"end":{"line":64,"column":1}},"5":{"start":{"line":66,"column":13},"end":{"line":140,"column":1}},"6":{"start":{"line":142,"column":13},"end":{"line":147,"column":1}},"7":{"start":{"line":149,"column":13},"end":{"line":154,"column":1}},"8":{"start":{"line":156,"column":13},"end":{"line":161,"column":1}},"9":{"start":{"line":163,"column":13},"end":{"line":177,"column":1}},"10":{"start":{"line":179,"column":13},"end":{"line":226,"column":1}},"11":{"start":{"line":228,"column":13},"end":{"line":228,"column":55}},"12":{"start":{"line":229,"column":13},"end":{"line":229,"column":40}},"13":{"start":{"line":231,"column":13},"end":{"line":234,"column":1}},"14":{"start":{"line":236,"column":13},"end":{"line":240,"column":1}},"15":{"start":{"line":242,"column":13},"end":{"line":251,"column":1}},"16":{"start":{"line":253,"column":13},"end":{"line":287,"column":1}}},"fnMap":{},"branchMap":{},"s":{"0":1,"1":1,"2":1,"3":1,"4":1,"5":1,"6":1,"7":1,"8":1,"9":1,"10":1,"11":1,"12":1,"13":1,"14":1,"15":1,"16":1},"f":{},"b":{}}
,"/Users/arivero/lh/serverless/services/activity-report-service/src/helpers/data/index.ts": {"path":"/Users/arivero/lh/serverless/services/activity-report-service/src/helpers/data/index.ts","statementMap":{"0":{"start":{"line":1,"column":0},"end":{"line":1,"column":52}},"1":{"start":{"line":3,"column":39},"end":{"line":3,"column":41}},"2":{"start":{"line":3,"column":43},"end":{"line":3,"column":56}},"3":{"start":{"line":4,"column":2},"end":{"line":4,"column":32}},"4":{"start":{"line":6,"column":22},"end":{"line":8,"column":56}},"5":{"start":{"line":6,"column":8},"end":{"line":8,"column":56}},"6":{"start":{"line":10,"column":2},"end":{"line":10,"column":20}},"7":{"start":{"line":3,"column":0},"end":{"line":11,"column":1}},"8":{"start":{"line":14,"column":2},"end":{"line":14,"column":15}},"9":{"start":{"line":15,"column":2},"end":{"line":15,"column":12}},"10":{"start":{"line":16,"column":2},"end":{"line":16,"column":4}},"11":{"start":{"line":17,"column":2},"end":{"line":17,"column":5}},"12":{"start":{"line":18,"column":2},"end":{"line":18,"column":7}},"13":{"start":{"line":19,"column":2},"end":{"line":19,"column":8}},"14":{"start":{"line":21,"column":2},"end":{"line":21,"column":44}},"15":{"start":{"line":23,"column":8},"end":{"line":30,"column":3}},"16":{"start":{"line":32,"column":2},"end":{"line":32,"column":68}},"17":{"start":{"line":34,"column":15},"end":{"line":37,"column":14}},"18":{"start":{"line":34,"column":8},"end":{"line":37,"column":14}},"19":{"start":{"line":39,"column":2},"end":{"line":39,"column":13}},"20":{"start":{"line":13,"column":0},"end":{"line":40,"column":1}},"21":{"start":{"line":42,"column":34},"end":{"line":42,"column":36}},"22":{"start":{"line":42,"column":38},"end":{"line":42,"column":51}},"23":{"start":{"line":42,"column":53},"end":{"line":42,"column":56}},"24":{"start":{"line":42,"column":58},"end":{"line":42,"column":63}},"25":{"start":{"line":42,"column":65},"end":{"line":42,"column":71}},"26":{"start":{"line":43,"column":2},"end":{"line":43,"column":27}},"27":{"start":{"line":45,"column":8},"end":{"line":53,"column":3}},"28":{"start":{"line":55,"column":2},"end":{"line":55,"column":67}},"29":{"start":{"line":57,"column":15},"end":{"line":60,"column":14}},"30":{"start":{"line":57,"column":8},"end":{"line":60,"column":14}},"31":{"start":{"line":62,"column":2},"end":{"line":62,"column":13}},"32":{"start":{"line":42,"column":0},"end":{"line":63,"column":1}},"33":{"start":{"line":65,"column":36},"end":{"line":65,"column":38}},"34":{"start":{"line":65,"column":40},"end":{"line":65,"column":50}},"35":{"start":{"line":66,"column":2},"end":{"line":66,"column":29}},"36":{"start":{"line":67,"column":19},"end":{"line":69,"column":53}},"37":{"start":{"line":67,"column":8},"end":{"line":69,"column":53}},"38":{"start":{"line":71,"column":2},"end":{"line":73,"column":3}},"39":{"start":{"line":72,"column":4},"end":{"line":72,"column":54}},"40":{"start":{"line":74,"column":2},"end":{"line":76,"column":3}},"41":{"start":{"line":75,"column":4},"end":{"line":75,"column":63}},"42":{"start":{"line":78,"column":2},"end":{"line":78,"column":17}},"43":{"start":{"line":65,"column":0},"end":{"line":79,"column":1}},"44":{"start":{"line":81,"column":37},"end":{"line":81,"column":39}},"45":{"start":{"line":81,"column":41},"end":{"line":81,"column":54}},"46":{"start":{"line":82,"column":2},"end":{"line":82,"column":30}},"47":{"start":{"line":84,"column":20},"end":{"line":87,"column":14}},"48":{"start":{"line":84,"column":8},"end":{"line":87,"column":14}},"49":{"start":{"line":89,"column":2},"end":{"line":89,"column":18}},"50":{"start":{"line":81,"column":0},"end":{"line":90,"column":1}},"51":{"start":{"line":92,"column":33},"end":{"line":92,"column":35}},"52":{"start":{"line":92,"column":37},"end":{"line":92,"column":44}},"53":{"start":{"line":93,"column":2},"end":{"line":93,"column":26}},"54":{"start":{"line":94,"column":16},"end":{"line":96,"column":50}},"55":{"start":{"line":94,"column":8},"end":{"line":96,"column":50}},"56":{"start":{"line":98,"column":2},"end":{"line":100,"column":3}},"57":{"start":{"line":99,"column":4},"end":{"line":99,"column":48}},"58":{"start":{"line":102,"column":2},"end":{"line":102,"column":14}},"59":{"start":{"line":92,"column":0},"end":{"line":103,"column":1}},"60":{"start":{"line":105,"column":32},"end":{"line":105,"column":34}},"61":{"start":{"line":105,"column":36},"end":{"line":105,"column":42}},"62":{"start":{"line":106,"column":2},"end":{"line":106,"column":25}},"63":{"start":{"line":107,"column":15},"end":{"line":109,"column":49}},"64":{"start":{"line":107,"column":8},"end":{"line":109,"column":49}},"65":{"start":{"line":111,"column":2},"end":{"line":113,"column":3}},"66":{"start":{"line":112,"column":4},"end":{"line":112,"column":46}},"67":{"start":{"line":115,"column":2},"end":{"line":115,"column":13}},"68":{"start":{"line":105,"column":0},"end":{"line":116,"column":1}},"69":{"start":{"line":118,"column":33},"end":{"line":118,"column":35}},"70":{"start":{"line":118,"column":37},"end":{"line":118,"column":50}},"71":{"start":{"line":119,"column":2},"end":{"line":119,"column":26}},"72":{"start":{"line":121,"column":16},"end":{"line":124,"column":14}},"73":{"start":{"line":121,"column":8},"end":{"line":124,"column":14}},"74":{"start":{"line":126,"column":2},"end":{"line":126,"column":14}},"75":{"start":{"line":118,"column":0},"end":{"line":127,"column":1}}},"fnMap":{"0":{"name":"getApplication","decl":{"start":{"line":3,"column":22},"end":{"line":3,"column":36}},"loc":{"start":{"line":3,"column":58},"end":{"line":11,"column":1}}},"1":{"name":"getEntries","decl":{"start":{"line":13,"column":22},"end":{"line":13,"column":32}},"loc":{"start":{"line":20,"column":1},"end":{"line":40,"column":1}}},"2":{"name":"getEvents","decl":{"start":{"line":42,"column":22},"end":{"line":42,"column":31}},"loc":{"start":{"line":42,"column":73},"end":{"line":63,"column":1}}},"3":{"name":"getLocation","decl":{"start":{"line":65,"column":22},"end":{"line":65,"column":33}},"loc":{"start":{"line":65,"column":52},"end":{"line":79,"column":1}}},"4":{"name":"getLocations","decl":{"start":{"line":81,"column":22},"end":{"line":81,"column":34}},"loc":{"start":{"line":81,"column":56},"end":{"line":90,"column":1}}},"5":{"name":"getShift","decl":{"start":{"line":92,"column":22},"end":{"line":92,"column":30}},"loc":{"start":{"line":92,"column":46},"end":{"line":103,"column":1}}},"6":{"name":"getUser","decl":{"start":{"line":105,"column":22},"end":{"line":105,"column":29}},"loc":{"start":{"line":105,"column":44},"end":{"line":116,"column":1}}},"7":{"name":"getZones","decl":{"start":{"line":118,"column":22},"end":{"line":118,"column":30}},"loc":{"start":{"line":118,"column":52},"end":{"line":127,"column":1}}}},"branchMap":{"0":{"loc":{"start":{"line":71,"column":2},"end":{"line":73,"column":3}},"type":"if","locations":[{"start":{"line":71,"column":2},"end":{"line":73,"column":3}},{"start":{"line":71,"column":2},"end":{"line":73,"column":3}}]},"1":{"loc":{"start":{"line":74,"column":2},"end":{"line":76,"column":3}},"type":"if","locations":[{"start":{"line":74,"column":2},"end":{"line":76,"column":3}},{"start":{"line":74,"column":2},"end":{"line":76,"column":3}}]},"2":{"loc":{"start":{"line":98,"column":2},"end":{"line":100,"column":3}},"type":"if","locations":[{"start":{"line":98,"column":2},"end":{"line":100,"column":3}},{"start":{"line":98,"column":2},"end":{"line":100,"column":3}}]},"3":{"loc":{"start":{"line":111,"column":2},"end":{"line":113,"column":3}},"type":"if","locations":[{"start":{"line":111,"column":2},"end":{"line":113,"column":3}},{"start":{"line":111,"column":2},"end":{"line":113,"column":3}}]}},"s":{"0":9,"1":2,"2":2,"3":2,"4":2,"5":2,"6":2,"7":9,"8":7,"9":7,"10":7,"11":7,"12":7,"13":7,"14":7,"15":7,"16":7,"17":7,"18":7,"19":7,"20":9,"21":2,"22":2,"23":2,"24":2,"25":2,"26":2,"27":2,"28":2,"29":2,"30":2,"31":2,"32":9,"33":3,"34":3,"35":3,"36":3,"37":3,"38":3,"39":1,"40":2,"41":1,"42":1,"43":9,"44":3,"45":3,"46":3,"47":3,"48":3,"49":3,"50":9,"51":6,"52":6,"53":6,"54":6,"55":6,"56":6,"57":1,"58":5,"59":9,"60":3,"61":3,"62":3,"63":3,"64":3,"65":3,"66":1,"67":2,"68":9,"69":3,"70":3,"71":3,"72":3,"73":3,"74":3,"75":9},"f":{"0":2,"1":7,"2":2,"3":3,"4":3,"5":6,"6":3,"7":3},"b":{"0":[1,2],"1":[1,1],"2":[1,5],"3":[1,2]}}
,"/Users/arivero/lh/serverless/services/activity-report-service/src/helpers/download-files/index.ts": {"path":"/Users/arivero/lh/serverless/services/activity-report-service/src/helpers/download-files/index.ts","statementMap":{"0":{"start":{"line":1,"column":0},"end":{"line":1,"column":35}},"1":{"start":{"line":2,"column":0},"end":{"line":2,"column":30}},"2":{"start":{"line":3,"column":0},"end":{"line":3,"column":32}},"3":{"start":{"line":5,"column":0},"end":{"line":5,"column":26}},"4":{"start":{"line":16,"column":8},"end":{"line":16,"column":48}},"5":{"start":{"line":18,"column":8},"end":{"line":29,"column":4}},"6":{"start":{"line":19,"column":17},"end":{"line":22,"column":6}},"7":{"start":{"line":19,"column":10},"end":{"line":22,"column":6}},"8":{"start":{"line":24,"column":10},"end":{"line":24,"column":28}},"9":{"start":{"line":25,"column":10},"end":{"line":25,"column":56}},"10":{"start":{"line":26,"column":4},"end":{"line":26,"column":41}},"11":{"start":{"line":28,"column":4},"end":{"line":28,"column":19}},"12":{"start":{"line":31,"column":2},"end":{"line":31,"column":18}},"13":{"start":{"line":15,"column":0},"end":{"line":32,"column":1}}},"fnMap":{"0":{"name":"downloadFiles","decl":{"start":{"line":15,"column":22},"end":{"line":15,"column":35}},"loc":{"start":{"line":15,"column":71},"end":{"line":32,"column":1}}},"1":{"name":"(anonymous_16)","decl":{"start":{"line":18,"column":45},"end":{"line":18,"column":50}},"loc":{"start":{"line":18,"column":60},"end":{"line":29,"column":3}}}},"branchMap":{},"s":{"0":8,"1":8,"2":8,"3":8,"4":1,"5":1,"6":1,"7":1,"8":1,"9":1,"10":2,"11":1,"12":1,"13":8},"f":{"0":1,"1":1},"b":{}}
,"/Users/arivero/lh/serverless/services/activity-report-service/src/helpers/fetch-applications/index.ts": {"path":"/Users/arivero/lh/serverless/services/activity-report-service/src/helpers/fetch-applications/index.ts","statementMap":{"0":{"start":{"line":1,"column":0},"end":{"line":1,"column":52}},"1":{"start":{"line":4,"column":21},"end":{"line":4,"column":62}},"2":{"start":{"line":4,"column":8},"end":{"line":4,"column":62}},"3":{"start":{"line":6,"column":2},"end":{"line":6,"column":38}},"4":{"start":{"line":3,"column":0},"end":{"line":7,"column":1}}},"fnMap":{"0":{"name":"fetchApplications","decl":{"start":{"line":3,"column":22},"end":{"line":3,"column":39}},"loc":{"start":{"line":3,"column":39},"end":{"line":7,"column":1}}}},"branchMap":{},"s":{"0":8,"1":1,"2":1,"3":1,"4":8},"f":{"0":1},"b":{}}
,"/Users/arivero/lh/serverless/services/activity-report-service/src/helpers/fetch-locations/index.ts": {"path":"/Users/arivero/lh/serverless/services/activity-report-service/src/helpers/fetch-locations/index.ts","statementMap":{"0":{"start":{"line":1,"column":0},"end":{"line":1,"column":52}},"1":{"start":{"line":2,"column":0},"end":{"line":2,"column":43}},"2":{"start":{"line":5,"column":8},"end":{"line":5,"column":70}},"3":{"start":{"line":5,"column":38},"end":{"line":5,"column":69}},"4":{"start":{"line":7,"column":2},"end":{"line":11,"column":3}},"5":{"start":{"line":8,"column":4},"end":{"line":10,"column":5}},"6":{"start":{"line":13,"column":21},"end":{"line":13,"column":59}},"7":{"start":{"line":13,"column":8},"end":{"line":13,"column":59}},"8":{"start":{"line":15,"column":2},"end":{"line":24,"column":14}},"9":{"start":{"line":4,"column":0},"end":{"line":25,"column":1}}},"fnMap":{"0":{"name":"fetchLocations","decl":{"start":{"line":4,"column":22},"end":{"line":4,"column":36}},"loc":{"start":{"line":4,"column":56},"end":{"line":25,"column":1}}},"1":{"name":"(anonymous_16)","decl":{"start":{"line":5,"column":32},"end":{"line":5,"column":37}},"loc":{"start":{"line":5,"column":32},"end":{"line":5,"column":69}}}},"branchMap":{"0":{"loc":{"start":{"line":7,"column":2},"end":{"line":11,"column":3}},"type":"if","locations":[{"start":{"line":7,"column":2},"end":{"line":11,"column":3}},{"start":{"line":7,"column":2},"end":{"line":11,"column":3}}]},"1":{"loc":{"start":{"line":7,"column":6},"end":{"line":7,"column":18}},"type":"binary-expr","locations":[{"start":{"line":7,"column":6},"end":{"line":7,"column":18}},{"start":{"line":7,"column":22},"end":{"line":7,"column":44}}]}},"s":{"0":8,"1":8,"2":2,"3":2,"4":2,"5":1,"6":1,"7":1,"8":1,"9":8},"f":{"0":2,"1":2},"b":{"0":[1,1],"1":[2,1]}}
[...]
24}},"10":{"start":{"line":25,"column":2},"end":{"line":25,"column":36}},"11":{"start":{"line":27,"column":19},"end":{"line":27,"column":56}},"12":{"start":{"line":27,"column":8},"end":{"line":27,"column":56}},"13":{"start":{"line":28,"column":20},"end":{"line":28,"column":56}},"14":{"start":{"line":28,"column":8},"end":{"line":28,"column":56}},"15":{"start":{"line":29,"column":22},"end":{"line":29,"column":60}},"16":{"start":{"line":29,"column":8},"end":{"line":29,"column":60}},"17":{"start":{"line":30,"column":27},"end":{"line":30,"column":70}},"18":{"start":{"line":30,"column":8},"end":{"line":30,"column":70}},"19":{"start":{"line":31,"column":15},"end":{"line":31,"column":46}},"20":{"start":{"line":31,"column":8},"end":{"line":31,"column":46}},"21":{"start":{"line":32,"column":17},"end":{"line":39,"column":4}},"22":{"start":{"line":32,"column":8},"end":{"line":39,"column":4}},"23":{"start":{"line":41,"column":17},"end":{"line":41,"column":72}},"24":{"start":{"line":41,"column":8},"end":{"line":41,"column":72}},"25":{"start":{"line":42,"column":17},"end":{"line":49,"column":4}},"26":{"start":{"line":42,"column":8},"end":{"line":49,"column":4}},"27":{"start":{"line":50,"column":16},"end":{"line":57,"column":4}},"28":{"start":{"line":50,"column":8},"end":{"line":57,"column":4}},"29":{"start":{"line":58,"column":16},"end":{"line":58,"column":48}},"30":{"start":{"line":58,"column":8},"end":{"line":58,"column":48}},"31":{"start":{"line":60,"column":16},"end":{"line":60,"column":56}},"32":{"start":{"line":60,"column":8},"end":{"line":60,"column":56}},"33":{"start":{"line":62,"column":2},"end":{"line":76,"column":3}},"34":{"start":{"line":12,"column":0},"end":{"line":77,"column":1}},"35":{"start":{"line":79,"column":32},"end":{"line":79,"column":34}},"36":{"start":{"line":79,"column":36},"end":{"line":79,"column":44}},"37":{"start":{"line":80,"column":2},"end":{"line":80,"column":32}},"38":{"start":{"line":81,"column":23},"end":{"line":81,"column":49}},"39":{"start":{"line":83,"column":22},"end":{"line":85,"column":56}},"40":{"start":{"line":83,"column":8},"end":{"line":85,"column":56}},"41":{"start":{"line":87,"column":2},"end":{"line":87,"column":20}},"42":{"start":{"line":90,"column":37},"end":{"line":90,"column":39}},"43":{"start":{"line":90,"column":41},"end":{"line":90,"column":49}},"44":{"start":{"line":91,"column":2},"end":{"line":91,"column":37}},"45":{"start":{"line":92,"column":23},"end":{"line":92,"column":49}},"46":{"start":{"line":94,"column":27},"end":{"line":97,"column":14}},"47":{"start":{"line":94,"column":8},"end":{"line":97,"column":14}},"48":{"start":{"line":99,"column":2},"end":{"line":99,"column":25}},"49":{"start":{"line":102,"column":25},"end":{"line":102,"column":27}},"50":{"start":{"line":102,"column":29},"end":{"line":102,"column":37}},"51":{"start":{"line":103,"column":2},"end":{"line":103,"column":25}},"52":{"start":{"line":105,"column":9},"end":{"line":108,"column":14}},"53":{"start":{"line":110,"column":2},"end":{"line":113,"column":3}},"54":{"start":{"line":111,"column":4},"end":{"line":111,"column":67}},"55":{"start":{"line":112,"column":4},"end":{"line":112,"column":10}},"56":{"start":{"line":115,"column":15},"end":{"line":119,"column":4}},"57":{"start":{"line":115,"column":8},"end":{"line":119,"column":4}},"58":{"start":{"line":121,"column":2},"end":{"line":121,"column":13}},"59":{"start":{"line":124,"column":28},"end":{"line":124,"column":32}},"60":{"start":{"line":124,"column":34},"end":{"line":124,"column":44}},"61":{"start":{"line":124,"column":46},"end":{"line":124,"column":48}},"62":{"start":{"line":124,"column":50},"end":{"line":124,"column":53}},"63":{"start":{"line":124,"column":55},"end":{"line":124,"column":63}},"64":{"start":{"line":124,"column":65},"end":{"line":124,"column":70}},"65":{"start":{"line":125,"column":2},"end":{"line":125,"column":44}},"66":{"start":{"line":126,"column":15},"end":{"line":126,"column":66}},"67":{"start":{"line":128,"column":8},"end":{"line":135,"column":3}},"68":{"start":{"line":137,"column":8},"end":{"line":137,"column":39}},"69":{"start":{"line":138,"column":8},"end":{"line":150,"column":3}},"70":{"start":{"line":152,"column":8},"end":{"line":152,"column":77}},"71":{"start":{"line":153,"column":2},"end":{"line":153,"column":68}},"72":{"start":{"line":155,"column":15},"end":{"line":158,"column":14}},"73":{"start":{"line":155,"column":8},"end":{"line":158,"column":14}},"74":{"start":{"line":160,"column":2},"end":{"line":160,"column":13}},"75":{"start":{"line":163,"column":37},"end":{"line":163,"column":39}},"76":{"start":{"line":163,"column":41},"end":{"line":163,"column":44}},"77":{"start":{"line":163,"column":46},"end":{"line":163,"column":54}},"78":{"start":{"line":163,"column":56},"end":{"line":163,"column":61}},"79":{"start":{"line":164,"column":2},"end":{"line":164,"column":27}},"80":{"start":{"line":165,"column":15},"end":{"line":165,"column":66}},"81":{"start":{"line":167,"column":8},"end":{"line":175,"column":3}},"82":{"start":{"line":193,"column":8},"end":{"line":193,"column":29}},"83":{"start":{"line":194,"column":2},"end":{"line":194,"column":67}},"84":{"start":{"line":196,"column":15},"end":{"line":199,"column":14}},"85":{"start":{"line":196,"column":8},"end":{"line":199,"column":14}},"86":{"start":{"line":201,"column":2},"end":{"line":201,"column":13}},"87":{"start":{"line":204,"column":29},"end":{"line":204,"column":31}},"88":{"start":{"line":204,"column":33},"end":{"line":204,"column":43}},"89":{"start":{"line":205,"column":2},"end":{"line":205,"column":29}},"90":{"start":{"line":206,"column":19},"end":{"line":208,"column":53}},"91":{"start":{"line":206,"column":8},"end":{"line":208,"column":53}},"92":{"start":{"line":210,"column":2},"end":{"line":212,"column":3}},"93":{"start":{"line":211,"column":4},"end":{"line":211,"column":54}},"94":{"start":{"line":213,"column":2},"end":{"line":215,"column":3}},"95":{"start":{"line":214,"column":4},"end":{"line":214,"column":63}},"96":{"start":{"line":217,"column":2},"end":{"line":217,"column":17}},"97":{"start":{"line":220,"column":30},"end":{"line":220,"column":32}},"98":{"start":{"line":220,"column":34},"end":{"line":220,"column":42}},"99":{"start":{"line":221,"column":2},"end":{"line":221,"column":30}},"100":{"start":{"line":222,"column":23},"end":{"line":222,"column":49}},"101":{"start":{"line":224,"column":20},"end":{"line":227,"column":14}},"102":{"start":{"line":224,"column":8},"end":{"line":227,"column":14}},"103":{"start":{"line":229,"column":2},"end":{"line":229,"column":18}},"104":{"start":{"line":232,"column":26},"end":{"line":232,"column":28}},"105":{"start":{"line":232,"column":30},"end":{"line":232,"column":46}},"106":{"start":{"line":233,"column":2},"end":{"line":233,"column":26}},"107":{"start":{"line":235,"column":8},"end":{"line":235,"column":63}},"108":{"start":{"line":235,"column":36},"end":{"line":235,"column":44}},"109":{"start":{"line":237,"column":8},"end":{"line":237,"column":46}},"110":{"start":{"line":238,"column":8},"end":{"line":243,"column":3}},"111":{"start":{"line":244,"column":16},"end":{"line":247,"column":14}},"112":{"start":{"line":244,"column":8},"end":{"line":247,"column":14}},"113":{"start":{"line":249,"column":2},"end":{"line":249,"column":14}},"114":{"start":{"line":252,"column":26},"end":{"line":252,"column":28}},"115":{"start":{"line":252,"column":30},"end":{"line":252,"column":38}},"116":{"start":{"line":253,"column":2},"end":{"line":253,"column":26}},"117":{"start":{"line":254,"column":15},"end":{"line":254,"column":66}},"118":{"start":{"line":256,"column":16},"end":{"line":262,"column":14}},"119":{"start":{"line":256,"column":8},"end":{"line":262,"column":14}},"120":{"start":{"line":264,"column":2},"end":{"line":264,"column":14}}},"fnMap":{"0":{"name":"getSummaryData","decl":{"start":{"line":12,"column":22},"end":{"line":12,"column":36}},"loc":{"start":{"line":12,"column":44},"end":{"line":77,"column":1}}},"1":{"name":"getApplication","decl":{"start":{"line":79,"column":15},"end":{"line":79,"column":29}},"loc":{"start":{"line":79,"column":46},"end":{"line":88,"column":1}}},"2":{"name":"getApplicationUsers","decl":{"start":{"line":90,"column":15},"end":{"line":90,"column":34}},"loc":{"start":{"line":90,"column":51},"end":{"line":100,"column":1}}},"3":{"name":"getArea","decl":{"start":{"line":102,"column":15},"end":{"line":102,"column":22}},"loc":{"start":{"line":102,"column":39},"end":{"line":122,"column":1}}},"4":{"name":"getEntries","decl":{"start":{"line":124,"column":15},"end":{"line":124,"column":25}},"loc":{"start":{"line":124,"column":72},"end":{"line":161,"column":1}}},"5":{"name":"getEvents","decl":{"start":{"line":163,"column":15},"end":{"line":163,"column":24}},"loc":{"start":{"line":163,"column":63},"end":{"line":202,"column":1}}},"6":{"name":"getLocation","decl":{"start":{"line":204,"column":15},"end":{"line":204,"column":26}},"loc":{"start":{"line":204,"column":45},"end":{"line":218,"column":1}}},"7":{"name":"getLocations","decl":{"start":{"line":220,"column":15},"end":{"line":220,"column":27}},"loc":{"start":{"line":220,"column":44},"end":{"line":230,"column":1}}},"8":{"name":"getUsers","decl":{"start":{"line":232,"column":15},"end":{"line":232,"column":23}},"loc":{"start":{"line":232,"column":48},"end":{"line":250,"column":1}}},"9":{"name":"(anonymous_40)","decl":{"start":{"line":235,"column":22},"end":{"line":235,"column":22}},"loc":{"start":{"line":235,"column":31},"end":{"line":235,"column":44}}},"10":{"name":"getZones","decl":{"start":{"line":252,"column":15},"end":{"line":252,"column":23}},"loc":{"start":{"line":252,"column":40},"end":{"line":265,"column":1}}}},"branchMap":{"0":{"loc":{"start":{"line":15,"column":2},"end":{"line":17,"column":3}},"type":"if","locations":[{"start":{"line":15,"column":2},"end":{"line":17,"column":3}},{"start":{"line":15,"column":2},"end":{"line":17,"column":3}}]},"1":{"loc":{"start":{"line":15,"column":6},"end":{"line":15,"column":10}},"type":"binary-expr","locations":[{"start":{"line":15,"column":6},"end":{"line":15,"column":10}},{"start":{"line":15,"column":14},"end":{"line":15,"column":25}},{"start":{"line":15,"column":29},"end":{"line":15,"column":35}}]},"2":{"loc":{"start":{"line":107,"column":17},"end":{"line":107,"column":19}},"type":"cond-expr","locations":[{"start":{"line":107,"column":17},"end":{"line":107,"column":19}},{"start":{"line":107,"column":19},"end":{"line":107,"column":18}}]},"3":{"loc":{"start":{"line":110,"column":2},"end":{"line":113,"column":3}},"type":"if","locations":[{"start":{"line":110,"column":2},"end":{"line":113,"column":3}},{"start":{"line":110,"column":2},"end":{"line":113,"column":3}}]},"4":{"loc":{"start":{"line":137,"column":18},"end":{"line":137,"column":22}},"type":"binary-expr","locations":[{"start":{"line":137,"column":18},"end":{"line":137,"column":22}},{"start":{"line":137,"column":26},"end":{"line":137,"column":39}}]},"5":{"loc":{"start":{"line":138,"column":20},"end":{"line":138,"column":27}},"type":"binary-expr","locations":[{"start":{"line":138,"column":20},"end":{"line":138,"column":27}},{"start":{"line":138,"column":31},"end":{"line":150,"column":3}}]},"6":{"loc":{"start":{"line":146,"column":19},"end":{"line":146,"column":23}},"type":"binary-expr","locations":[{"start":{"line":146,"column":19},"end":{"line":146,"column":23}},{"start":{"line":146,"column":27},"end":{"line":146,"column":40}}]},"7":{"loc":{"start":{"line":152,"column":26},"end":{"line":152,"column":61}},"type":"cond-expr","locations":[{"start":{"line":152,"column":26},"end":{"line":152,"column":61}},{"start":{"line":152,"column":64},"end":{"line":152,"column":77}}]},"8":{"loc":{"start":{"line":210,"column":2},"end":{"line":212,"column":3}},"type":"if","locations":[{"start":{"line":210,"column":2},"end":{"line":212,"column":3}},{"start":{"line":210,"column":2},"end":{"line":212,"column":3}}]},"9":{"loc":{"start":{"line":213,"column":2},"end":{"line":215,"column":3}},"type":"if","locations":[{"start":{"line":213,"column":2},"end":{"line":215,"column":3}},{"start":{"line":213,"column":2},"end":{"line":215,"column":3}}]}},"s":{"0":8,"1":8,"2":17,"3":17,"4":1,"5":16,"6":16,"7":16,"8":16,"9":16,"10":16,"11":16,"12":16,"13":14,"14":14,"15":14,"16":14,"17":14,"18":14,"19":14,"20":14,"21":14,"22":14,"23":14,"24":14,"25":14,"26":14,"27":14,"28":14,"29":14,"30":14,"31":14,"32":14,"33":14,"34":8,"35":14,"36":14,"37":14,"38":14,"39":14,"40":14,"41":14,"42":14,"43":14,"44":14,"45":14,"46":14,"47":14,"48":14,"49":14,"50":14,"51":14,"52":14,"53":14,"54":12,"55":12,"56":2,"57":2,"58":2,"59":42,"60":42,"61":42,"62":42,"63":42,"64":42,"65":42,"66":42,"67":42,"68":42,"69":42,"70":42,"71":42,"72":42,"73":42,"74":42,"75":14,"76":14,"77":14,"78":14,"79":14,"80":14,"81":14,"82":14,"83":14,"84":14,"85":14,"86":14,"87":16,"88":16,"89":16,"90":16,"91":16,"92":16,"93":1,"94":15,"95":1,"96":14,"97":14,"98":14,"99":14,"100":14,"101":14,"102":14,"103":14,"104":14,"105":14,"106":14,"107":14,"108":3,"109":14,"110":14,"111":14,"112":14,"113":14,"114":14,"115":14,"116":14,"117":14,"118":14,"119":14,"120":14},"f":{"0":17,"1":14,"2":14,"3":14,"4":42,"5":14,"6":16,"7":14,"8":14,"9":3,"10":14},"b":{"0":[1,16],"1":[17,16,16],"2":[12,2],"3":[12,2],"4":[42,6],"5":[42,3],"6":[3,3],"7":[3,39],"8":[1,15],"9":[1,14]}}
,"/Users/arivero/lh/serverless/services/activity-report-service/src/helpers/get-user-details/index.ts": {"path":"/Users/arivero/lh/serverless/services/activity-report-service/src/helpers/get-user-details/index.ts","statementMap":{"0":{"start":{"line":1,"column":0},"end":{"line":1,"column":38}},"1":{"start":{"line":3,"column":0},"end":{"line":3,"column":52}},"2":{"start":{"line":51,"column":19},"end":{"line":56,"column":12}},"3":{"start":{"line":58,"column":24},"end":{"line":58,"column":61}},"4":{"start":{"line":58,"column":10},"end":{"line":58,"column":61}},"5":{"start":{"line":60,"column":10},"end":{"line":64,"column":5}},"6":{"start":{"line":65,"column":10},"end":{"line":68,"column":5}},"7":{"start":{"line":69,"column":10},"end":{"line":70,"column":69}},"8":{"start":{"line":72,"column":4},"end":{"line":79,"column":5}},"9":{"start":{"line":81,"column":4},"end":{"line":81,"column":64}},"10":{"start":{"line":82,"column":4},"end":{"line":82,"column":20}},"11":{"start":{"line":46,"column":0},"end":{"line":84,"column":1}},"12":{"start":{"line":87,"column":32},"end":{"line":87,"column":73}},"13":{"start":{"line":87,"column":8},"end":{"line":87,"column":73}},"14":{"start":{"line":89,"column":22},"end":{"line":91,"column":4}},"15":{"start":{"line":89,"column":8},"end":{"line":91,"column":4}},"16":{"start":{"line":93,"column":2},"end":{"line":93,"column":20}}},"fnMap":{"0":{"name":"getUserDetails","decl":{"start":{"line":46,"column":22},"end":{"line":46,"column":36}},"loc":{"start":{"line":47,"column":12},"end":{"line":84,"column":1}}},"1":{"name":"fetchApplication","decl":{"start":{"line":86,"column":15},"end":{"line":86,"column":31}},"loc":{"start":{"line":86,"column":53},"end":{"line":94,"column":1}}}},"branchMap":{"0":{"loc":{"start":{"line":70,"column":6},"end":{"line":70,"column":16}},"type":"binary-expr","locations":[{"start":{"line":70,"column":6},"end":{"line":70,"column":16}},{"start":{"line":70,"column":20},"end":{"line":70,"column":38}},{"start":{"line":70,"column":42},"end":{"line":70,"column":69}}]}},"s":{"0":9,"1":9,"2":6,"3":6,"4":6,"5":5,"6":5,"7":5,"8":5,"9":1,"10":1,"11":9,"12":6,"13":6,"14":6,"15":6,"16":5},"f":{"0":6,"1":6},"b":{"0":[5,5,5]}}
,"/Users/arivero/lh/serverless/services/activity-report-service/src/helpers/pdf-make/index.ts": {"path":"/Users/arivero/lh/serverless/services/activity-report-service/src/helpers/pdf-make/index.ts","statementMap":{"0":{"start":{"line":1,"column":0},"end":{"line":1,"column":47}},"1":{"start":{"line":2,"column":0},"end":{"line":2,"column":59}},"2":{"start":{"line":4,"column":0},"end":{"line":4,"column":34}},"3":{"start":{"line":5,"column":0},"end":{"line":12,"column":1}},"4":{"start":{"line":14,"column":0},"end":{"line":14,"column":22}}},"fnMap":{},"branchMap":{},"s":{"0":9,"1":9,"2":9,"3":9,"4":9},"f":{},"b":{}}
,"/Users/arivero/lh/serverless/services/activity-report-service/src/helpers/s3/index.ts": {"path":"/Users/arivero/lh/serverless/services/activity-report-service/src/helpers/s3/index.ts","statementMap":{"0":{"start":{"line":20,"column":32},"end":{"line":20,"column":38}},"1":{"start":{"line":20,"column":40},"end":{"line":20,"column":43}},"2":{"start":{"line":21,"column":2},"end":{"line":24,"column":4}},"3":{"start":{"line":26,"column":2},"end":{"line":31,"column":14}},"4":{"start":{"line":20,"column":0},"end":{"line":32,"column":1}},"5":{"start":{"line":36,"column":4},"end":{"line":36,"column":10}},"6":{"start":{"line":36,"column":12},"end":{"line":36,"column":21}},"7":{"start":{"line":36,"column":23},"end":{"line":36,"column":29}},"8":{"start":{"line":38,"column":17},"end":{"line":42,"column":3}},"9":{"start":{"line":44,"column":2},"end":{"line":44,"column":47}},"10":{"start":{"line":34,"column":0},"end":{"line":45,"column":1}},"11":{"start":{"line":49,"column":4},"end":{"line":49,"column":10}},"12":{"start":{"line":49,"column":12},"end":{"line":49,"column":18}},"13":{"start":{"line":49,"column":20},"end":{"line":49,"column":23}},"14":{"start":{"line":49,"column":25},"end":{"line":49,"column":36}},"15":{"start":{"line":49,"column":38},"end":{"line":49,"column":56}},"16":{"start":{"line":51,"column":17},"end":{"line":57,"column":3}},"17":{"start":{"line":59,"column":2},"end":{"line":62,"column":4}},"18":{"start":{"line":64,"column":2},"end":{"line":67,"column":60}},"19":{"start":{"line":67,"column":16},"end":{"line":67,"column":59}},"20":{"start":{"line":47,"column":0},"end":{"line":68,"column":1}}},"fnMap":{"0":{"name":"get","decl":{"start":{"line":20,"column":16},"end":{"line":20,"column":19}},"loc":{"start":{"line":20,"column":58},"end":{"line":32,"column":1}}},"1":{"name":"listObjects","decl":{"start":{"line":34,"column":16},"end":{"line":34,"column":27}},"loc":{"start":{"line":36,"column":52},"end":{"line":45,"column":1}}},"2":{"name":"put","decl":{"start":{"line":47,"column":16},"end":{"line":47,"column":19}},"loc":{"start":{"line":49,"column":71},"end":{"line":68,"column":1}}},"3":{"name":"(anonymous_3)","decl":{"start":{"line":67,"column":10},"end":{"line":67,"column":15}},"loc":{"start":{"line":67,"column":10},"end":{"line":67,"column":59}}}},"branchMap":{},"s":{"0":1,"1":1,"2":1,"3":1,"4":10,"5":1,"6":1,"7":1,"8":1,"9":1,"10":10,"11":1,"12":1,"13":1,"14":1,"15":1,"16":1,"17":1,"18":1,"19":1,"20":10},"f":{"0":1,"1":1,"2":1,"3":1},"b":{}}
,"/Users/arivero/lh/serverless/services/activity-report-service/src/helpers/send-email/index.ts": {"path":"/Users/arivero/lh/serverless/services/activity-report-service/src/helpers/send-email/index.ts","statementMap":{"0":{"start":{"line":1,"column":0},"end":{"line":1,"column":29}},"1":{"start":{"line":6,"column":10},"end":{"line":6,"column":58}},"2":{"start":{"line":7,"column":19},"end":{"line":7,"column":71}},"3":{"start":{"line":7,"column":10},"end":{"line":7,"column":71}},"4":{"start":{"line":9,"column":4},"end":{"line":9,"column":17}},"5":{"start":{"line":11,"column":4},"end":{"line":11,"column":59}},"6":{"start":{"line":12,"column":4},"end":{"line":12,"column":16}},"7":{"start":{"line":3,"column":0},"end":{"line":14,"column":1}}},"fnMap":{"0":{"name":"sendEmail","decl":{"start":{"line":3,"column":22},"end":{"line":3,"column":31}},"loc":{"start":{"line":3,"column":38},"end":{"line":14,"column":1}}}},"branchMap":{},"s":{"0":8,"1":2,"2":2,"3":2,"4":1,"5":1,"6":1,"7":8},"f":{"0":2},"b":{}}
,"/Users/arivero/lh/serverless/services/activity-report-service/test/fakeModule.js": {"path":"/Users/arivero/lh/serverless/services/activity-report-service/test/fakeModule.js","statementMap":{"0":{"start":{"line":1,"column":0},"end":{"line":1,"column":19}}},"fnMap":{},"branchMap":{},"s":{"0":7},"f":{},"b":{},"_coverageSchema":"332fd63041d2c1bcb487cc26dd0d5f7d97098a6c","hash":"ae244c51a6230cc8d6eec1f68bdf0fcd4e6b64ba"}
}
