TN:
SF:/Users/arivero/lh/serverless/services/activity-report-service/jest.setup.js
FNF:0
FNH:0
DA:2,29
DA:3,29
DA:4,29
DA:5,29
LF:4
LH:4
BRF:0
BRH:0
end_of_record
TN:
SF:/Users/arivero/lh/serverless/services/activity-report-service/src/handlers/email-processor/fixtures.ts
FNF:0
FNH:0
DA:1,1
DA:2,1
DA:4,1
DA:9,1
DA:86,1
DA:125,1
DA:130,1
DA:141,1
DA:148,1
LF:9
LH:9
BRF:0
BRH:0
end_of_record
TN:
SF:/Users/arivero/lh/serverless/services/activity-report-service/src/handlers/email-processor/index.ts
FN:44,emailProcessor
FN:74,(anonymous_18)
FN:121,fetchApplicationLocations
FN:140,getUserLocations
FN:153,(anonymous_25)
FN:158,(anonymous_26)
FN:179,isLocationPermission
FN:188,userMatchesTimezoneHour
FNF:8
FNH:8
FNDA:6,emailProcessor
FNDA:15,(anonymous_18)
FNDA:4,fetchApplicationLocations
FNDA:6,getUserLocations
FNDA:16,(anonymous_25)
FNDA:7,(anonymous_26)
FNDA:3,isLocationPermission
FNDA:23,userMatchesTimezoneHour
DA:1,1
DA:2,1
DA:15,1
DA:17,1
DA:44,1
DA:45,6
DA:46,6
DA:47,6
DA:49,6
DA:51,6
DA:52,6
DA:54,6
DA:68,6
DA:70,5
DA:71,5
DA:72,5
DA:74,5
DA:75,15
DA:78,5
DA:85,5
DA:87,9
DA:89,9
DA:91,8
DA:93,6
DA:98,6
DA:103,6
DA:105,6
DA:107,8
DA:109,1
DA:116,1
DA:121,1
DA:124,4
DA:126,4
DA:140,1
DA:144,6
DA:148,6
DA:149,6
DA:150,6
DA:152,6
DA:154,16
DA:155,9
DA:158,7
DA:159,7
DA:160,7
DA:162,7
DA:164,7
DA:170,6
DA:182,3
DA:188,1
DA:189,23
DA:190,23
DA:191,23
DA:193,23
DA:198,21
DA:203,21
DA:205,12
LF:56
LH:56
BRDA:46,0,0,5
BRDA:46,0,1,1
BRDA:47,1,0,1
BRDA:47,1,1,5
BRDA:91,2,0,2
BRDA:91,2,1,6
BRDA:105,3,0,2
BRDA:105,3,1,4
BRDA:154,4,0,9
BRDA:154,4,1,7
BRDA:162,5,0,7
BRDA:162,5,1,4
BRDA:183,6,0,3
BRDA:183,6,1,3
BRDA:183,6,2,3
BRDA:191,7,0,23
BRDA:191,7,1,22
BRDA:193,8,0,2
BRDA:193,8,1,21
BRDA:193,9,0,23
BRDA:193,9,1,21
BRDA:193,9,2,21
BRDA:203,10,0,9
BRDA:203,10,1,12
BRF:24
BRH:24
end_of_record
TN:
SF:/Users/arivero/lh/serverless/services/activity-report-service/src/handlers/finalise-location-report/index.ts
FN:3,finaliseLocationReport
FNF:1
FNH:1
FNDA:2,finaliseLocationReport
DA:1,1
DA:3,1
DA:4,2
DA:5,2
DA:7,2
DA:8,2
DA:10,2
DA:12,2
DA:13,2
DA:15,2
DA:17,4
DA:39,2
DA:42,1
LF:13
LH:13
BRDA:5,0,0,1
BRDA:5,0,1,1
BRF:2
BRH:2
end_of_record
TN:
SF:/Users/arivero/lh/serverless/services/activity-report-service/src/handlers/finalise-shift-report/index.ts
FN:3,finaliseShiftReport
FNF:1
FNH:1
FNDA:2,finaliseShiftReport
DA:1,1
DA:3,1
DA:4,2
DA:5,2
DA:7,2
DA:8,2
DA:10,2
DA:12,2
DA:13,2
DA:15,2
DA:17,4
DA:39,2
DA:42,1
LF:13
LH:13
BRDA:5,0,0,1
BRDA:5,0,1,1
BRF:2
BRH:2
end_of_record
TN:
SF:/Users/arivero/lh/serverless/services/activity-report-service/src/handlers/get-shift-data/fixtures.ts
FNF:0
FNH:0
DA:1,1
DA:5,1
DA:19,1
DA:27,1
DA:30,1
DA:36,1
DA:45,1
LF:7
LH:7
BRF:0
BRH:0
end_of_record
TN:
SF:/Users/arivero/lh/serverless/services/activity-report-service/src/handlers/get-shift-data/index.ts
FN:10,getShiftData
FN:40,getMergedPdfPath
FNF:2
FNH:2
FNDA:3,getShiftData
FNDA:2,getMergedPdfPath
DA:1,1
DA:2,1
DA:4,1
DA:10,1
DA:11,3
DA:12,3
DA:14,3
DA:16,3
DA:17,3
DA:19,1
DA:20,2
DA:21,2
DA:23,2
DA:24,2
DA:29,2
DA:37,1
DA:40,2
DA:41,2
DA:42,2
DA:43,2
DA:44,2
DA:45,2
DA:47,2
DA:48,2
DA:50,2
DA:53,1
LF:26
LH:26
BRDA:12,0,0,1
BRDA:12,0,1,2
BRF:2
BRH:2
end_of_record
TN:
SF:/Users/arivero/lh/serverless/services/activity-report-service/src/handlers/location-processor/index.ts
FN:23,locationProcessor
FN:38,(anonymous_16)
FN:39,(anonymous_17)
FN:76,parseApplicationLocations
FN:84,(anonymous_19)
FN:85,(anonymous_20)
FN:122,processLocation
FNF:7
FNH:7
FNDA:4,locationProcessor
FNDA:2,(anonymous_16)
FNDA:2,(anonymous_17)
FNDA:9,parseApplicationLocations
FNDA:9,(anonymous_19)
FNDA:20,(anonymous_20)
FNDA:4,processLocation
DA:1,1
DA:2,1
DA:3,1
DA:4,1
DA:5,1
DA:7,1
DA:16,1
DA:17,1
DA:19,1
DA:21,1
DA:23,1
DA:24,4
DA:25,1
DA:28,3
DA:29,3
DA:30,3
DA:32,3
DA:33,3
DA:35,2
DA:36,2
DA:39,2
DA:42,2
DA:47,2
DA:49,2
DA:58,2
DA:59,2
DA:61,2
DA:63,2
DA:65,2
DA:68,4
DA:71,2
DA:76,1
DA:77,9
DA:79,8
DA:80,8
DA:82,8
DA:85,9
DA:87,20
DA:88,20
DA:89,20
DA:90,20
DA:94,20
DA:96,14
DA:101,14
DA:106,14
DA:107,6
DA:116,9
DA:122,1
DA:123,4
DA:125,4
DA:126,1
DA:131,3
DA:136,3
LF:53
LH:53
BRDA:24,0,0,1
BRDA:24,0,1,3
BRDA:29,1,0,2
BRDA:29,1,1,1
BRDA:30,2,0,2
BRDA:30,2,1,1
BRDA:77,3,0,1
BRDA:77,3,1,8
BRDA:94,4,0,6
BRDA:94,4,1,14
BRDA:94,5,0,20
BRDA:94,5,1,14
BRDA:106,6,0,6
BRDA:106,6,1,8
BRDA:125,7,0,1
BRDA:125,7,1,3
BRF:16
BRH:16
end_of_record
TN:
SF:/Users/arivero/lh/serverless/services/activity-report-service/src/handlers/merge-pdfs/index.ts
FN:16,mergePdfs
FNF:1
FNH:1
FNDA:5,mergePdfs
DA:1,1
DA:2,1
DA:3,1
DA:4,1
DA:6,1
DA:16,1
DA:17,5
DA:18,5
DA:20,5
DA:21,5
DA:23,5
DA:24,5
DA:26,5
DA:27,5
DA:29,5
DA:35,3
DA:37,3
DA:38,3
DA:39,3
DA:40,3
DA:41,3
DA:43,3
DA:44,3
DA:46,3
DA:47,3
DA:49,3
DA:51,3
DA:52,6
DA:59,3
DA:61,3
DA:62,6
DA:63,3
DA:65,3
DA:68,1
LF:34
LH:34
BRDA:18,0,0,1
BRDA:18,0,1,4
BRDA:20,1,0,2
BRDA:20,1,1,3
BRDA:21,2,0,2
BRDA:21,2,1,3
BRF:6
BRH:6
end_of_record
TN:
SF:/Users/arivero/lh/serverless/services/activity-report-service/src/handlers/merge-report-pdfs/fixtures.ts
FNF:0
FNH:0
DA:1,1
DA:17,1
DA:18,1
DA:19,1
DA:20,1
DA:21,1
DA:22,1
DA:24,1
LF:8
LH:8
BRF:0
BRH:0
end_of_record
TN:
SF:/Users/arivero/lh/serverless/services/activity-report-service/src/handlers/merge-report-pdfs/index.ts
FN:15,mergeReportPdfs
FNF:1
FNH:1
FNDA:5,mergeReportPdfs
DA:1,1
DA:2,1
DA:3,1
DA:5,1
DA:15,1
DA:16,5
DA:17,5
DA:20,5
DA:24,5
DA:25,5
DA:27,5
DA:28,10
DA:30,5
DA:31,5
DA:33,3
DA:34,3
DA:36,3
DA:38,3
DA:39,3
DA:41,3
DA:42,6
DA:50,3
DA:51,6
DA:53,3
DA:55,2
DA:60,2
DA:64,1
LF:27
LH:27
BRDA:17,0,0,1
BRDA:17,0,1,4
BRF:2
BRH:2
end_of_record
TN:
SF:/Users/arivero/lh/serverless/services/activity-report-service/src/handlers/setup-dar/index.ts
FN:9,setupDar
FNF:1
FNH:1
FNDA:5,setupDar
DA:1,1
DA:3,1
DA:9,1
DA:10,5
DA:11,5
DA:13,5
DA:15,4
DA:16,4
DA:18,1
DA:19,3
DA:20,2
DA:22,2
DA:25,1
DA:28,1
LF:14
LH:14
BRDA:11,0,0,1
BRDA:11,0,1,4
BRF:2
BRH:2
end_of_record
TN:
SF:/Users/arivero/lh/serverless/services/activity-report-service/src/handlers/shift-email-processor/fixtures.ts
FNF:0
FNH:0
DA:1,1
DA:2,1
DA:4,1
DA:9,1
DA:64,1
DA:75,1
DA:82,1
DA:143,1
LF:8
LH:8
BRF:0
BRH:0
end_of_record
TN:
SF:/Users/arivero/lh/serverless/services/activity-report-service/src/handlers/shift-email-processor/index.ts
FN:22,shiftEmailProcessor
FN:48,(anonymous_16)
FN:56,(anonymous_17)
FN:57,(anonymous_18)
FN:61,(anonymous_19)
FN:66,(anonymous_20)
FN:70,userMatchesTimezoneHour
FNF:7
FNH:7
FNDA:5,shiftEmailProcessor
FNDA:8,(anonymous_16)
FNDA:4,(anonymous_17)
FNDA:4,(anonymous_18)
FNDA:3,(anonymous_19)
FNDA:2,(anonymous_20)
FNDA:16,userMatchesTimezoneHour
DA:1,1
DA:2,1
DA:3,1
DA:4,1
DA:7,1
DA:22,1
DA:23,5
DA:24,5
DA:25,5
DA:26,5
DA:27,5
DA:29,5
DA:42,5
DA:44,4
DA:45,4
DA:46,4
DA:48,8
DA:51,4
DA:55,4
DA:56,4
DA:57,4
DA:60,4
DA:61,4
DA:62,3
DA:65,4
DA:66,4
DA:67,4
DA:70,1
DA:71,16
DA:72,16
DA:73,16
DA:75,16
DA:77,14
DA:82,14
DA:84,7
LF:35
LH:35
BRDA:24,0,0,3
BRDA:24,0,1,2
BRDA:25,1,0,2
BRDA:25,1,1,3
BRDA:73,2,0,16
BRDA:73,2,1,15
BRDA:75,3,0,2
BRDA:75,3,1,14
BRDA:75,4,0,16
BRDA:75,4,1,14
BRDA:75,4,2,14
BRDA:82,5,0,7
BRDA:82,5,1,7
BRF:13
BRH:13
end_of_record
TN:
SF:/Users/arivero/lh/serverless/services/activity-report-service/src/helpers/index.ts
FNF:0
FNH:0
DA:1,7
DA:3,7
DA:4,7
DA:5,7
DA:6,7
DA:7,7
DA:8,7
DA:9,7
DA:10,7
DA:11,7
DA:12,7
DA:13,7
DA:14,7
DA:15,7
DA:16,7
DA:17,7
DA:18,7
DA:19,7
LF:18
LH:18
BRF:0
BRH:0
end_of_record
TN:
SF:/Users/arivero/lh/serverless/services/activity-report-service/src/helpers/build-email/index.ts
FN:44,buildEmail
FN:74,(anonymous_18)
FNF:2
FNH:2
FNDA:9,buildEmail
FNDA:15,(anonymous_18)
DA:1,8
DA:2,8
DA:13,8
DA:24,8
DA:28,8
DA:34,8
DA:44,8
DA:47,9
DA:55,9
DA:56,9
DA:57,9
DA:61,9
DA:63,9
DA:68,9
DA:69,9
DA:71,9
DA:72,9
DA:74,9
DA:75,15
DA:81,8
DA:82,8
DA:84,8
DA:87,8
DA:91,1
DA:96,1
DA:99,7
DA:101,7
DA:114,7
DA:126,1
DA:127,1
LF:30
LH:30
BRDA:58,0,0,8
BRDA:58,0,1,1
BRDA:85,1,0,8
BRDA:85,1,1,2
BRDA:87,2,0,1
BRDA:87,2,1,7
BRDA:88,3,0,8
BRDA:88,3,1,2
BRDA:88,3,2,1
BRDA:115,4,0,7
BRDA:115,4,1,1
BRF:11
BRH:11
end_of_record
TN:
SF:/Users/arivero/lh/serverless/services/activity-report-service/src/helpers/build-location-summary-pdf/index.ts
FN:6,buildLocationSummaryPdf
FN:17,getLocationSummaryPdfPath
FNF:2
FNH:2
FNDA:1,buildLocationSummaryPdf
FNDA:1,getLocationSummaryPdfPath
DA:1,8
DA:2,8
DA:4,8
DA:6,8
DA:7,1
DA:8,1
DA:10,1
DA:11,1
DA:12,2
DA:14,1
DA:17,1
DA:18,1
DA:19,1
DA:20,1
DA:21,1
DA:22,1
DA:24,1
DA:25,1
DA:26,1
DA:27,1
LF:20
LH:20
BRF:0
BRH:0
end_of_record
TN:
SF:/Users/arivero/lh/serverless/services/activity-report-service/src/helpers/build-shift-email/fixtures.ts
FNF:0
FNH:0
DA:1,1
DA:3,1
DA:8,1
DA:13,1
DA:21,1
DA:29,1
DA:37,1
DA:43,1
DA:49,1
DA:78,1
DA:110,1
LF:11
LH:11
BRF:0
BRH:0
end_of_record
TN:
SF:/Users/arivero/lh/serverless/services/activity-report-service/src/helpers/build-shift-email/index.ts
FN:34,buildShiftEmail
FN:63,(anonymous_18)
FNF:2
FNH:2
FNDA:8,buildShiftEmail
FNDA:15,(anonymous_18)
DA:1,8
DA:2,8
DA:14,8
DA:15,8
DA:17,8
DA:28,8
DA:34,8
DA:37,8
DA:45,8
DA:46,8
DA:47,8
DA:51,8
DA:53,8
DA:58,8
DA:59,8
DA:61,8
DA:63,8
DA:64,15
DA:71,7
DA:77,7
DA:78,7
DA:80,7
DA:91,7
DA:103,1
DA:104,1
LF:25
LH:25
BRDA:48,0,0,7
BRDA:48,0,1,1
BRDA:92,1,0,7
BRDA:92,1,1,1
BRF:4
BRH:4
end_of_record
TN:
SF:/Users/arivero/lh/serverless/services/activity-report-service/src/helpers/build-shift-summary-pdf/fixtures.ts
FNF:0
FNH:0
DA:1,1
DA:2,1
DA:3,1
DA:5,1
DA:6,1
DA:7,1
DA:8,1
DA:11,1
DA:53,1
DA:68,1
LF:10
LH:10
BRF:0
BRH:0
end_of_record
TN:
SF:/Users/arivero/lh/serverless/services/activity-report-service/src/helpers/build-shift-summary-pdf/index.ts
FN:6,buildShiftSummaryPdf
FN:17,getShiftSummaryPdfPath
FNF:2
FNH:2
FNDA:1,buildShiftSummaryPdf
FNDA:1,getShiftSummaryPdfPath
DA:1,8
DA:2,8
DA:4,8
DA:6,8
DA:7,1
DA:8,1
DA:10,1
DA:11,1
DA:12,2
DA:14,1
DA:17,1
DA:18,1
DA:19,1
DA:20,1
DA:21,1
DA:22,1
DA:24,1
DA:25,1
DA:26,1
DA:27,1
LF:20
LH:20
BRF:0
BRH:0
end_of_record
TN:
SF:/Users/arivero/lh/serverless/services/activity-report-service/src/helpers/concat-pdfs/index.ts
FN:6,concatPdfs
FN:11,(anonymous_16)
FNF:2
FNH:2
FNDA:1,concatPdfs
FNDA:1,(anonymous_16)
DA:1,8
DA:4,8
DA:6,8
DA:7,1
DA:8,1
DA:10,1
DA:11,1
DA:12,1
DA:14,1
LF:9
LH:9
BRF:0
BRH:0
end_of_record
TN:
SF:/Users/arivero/lh/serverless/services/activity-report-service/src/helpers/create-summary-pdf/index.ts
FN:18,buildConfig
FN:46,createSummaryPdf
FNF:2
FNH:2
FNDA:3,buildConfig
FNDA:1,createSummaryPdf
DA:1,8
DA:2,8
DA:4,8
DA:5,8
DA:18,8
DA:19,3
DA:22,3
DA:23,3
DA:24,3
DA:27,3
DA:28,3
DA:30,3
DA:35,3
DA:46,8
DA:47,1
DA:48,1
DA:50,1
DA:51,2
LF:18
LH:18
BRF:0
BRH:0
end_of_record
TN:
SF:/Users/arivero/lh/serverless/services/activity-report-service/src/helpers/data/fixtures.ts
FNF:0
FNH:0
DA:1,1
DA:5,1
DA:7,1
DA:9,1
DA:36,1
DA:66,1
DA:142,1
DA:149,1
DA:156,1
DA:163,1
DA:179,1
DA:228,1
DA:229,1
DA:231,1
DA:236,1
DA:242,1
DA:253,1
LF:17
LH:17
BRF:0
BRH:0
end_of_record
TN:
SF:/Users/arivero/lh/serverless/services/activity-report-service/src/helpers/data/index.ts
FN:3,getApplication
FN:13,getEntries
FN:42,getEvents
FN:65,getLocation
FN:81,getLocations
FN:92,getShift
FN:105,getUser
FN:118,getZones
FNF:8
FNH:8
FNDA:2,getApplication
FNDA:7,getEntries
FNDA:2,getEvents
FNDA:3,getLocation
FNDA:3,getLocations
FNDA:6,getShift
FNDA:3,getUser
FNDA:3,getZones
DA:1,9
DA:3,9
DA:4,2
DA:6,2
DA:10,2
DA:13,9
DA:14,7
DA:15,7
DA:16,7
DA:17,7
DA:18,7
DA:19,7
DA:21,7
DA:23,7
DA:32,7
DA:34,7
DA:39,7
DA:42,9
DA:43,2
DA:45,2
DA:55,2
DA:57,2
DA:62,2
DA:65,9
DA:66,3
DA:67,3
DA:71,3
DA:72,1
DA:74,2
DA:75,1
DA:78,1
DA:81,9
DA:82,3
DA:84,3
DA:89,3
DA:92,9
DA:93,6
DA:94,6
DA:98,6
DA:99,1
DA:102,5
DA:105,9
DA:106,3
DA:107,3
DA:111,3
DA:112,1
DA:115,2
DA:118,9
DA:119,3
DA:121,3
DA:126,3
LF:51
LH:51
BRDA:71,0,0,1
BRDA:71,0,1,2
BRDA:74,1,0,1
BRDA:74,1,1,1
BRDA:98,2,0,1
BRDA:98,2,1,5
BRDA:111,3,0,1
BRDA:111,3,1,2
BRF:8
BRH:8
end_of_record
TN:
SF:/Users/arivero/lh/serverless/services/activity-report-service/src/helpers/download-files/index.ts
FN:15,downloadFiles
FN:18,(anonymous_16)
FNF:2
FNH:2
FNDA:1,downloadFiles
FNDA:1,(anonymous_16)
DA:1,8
DA:2,8
DA:3,8
DA:5,8
DA:15,8
DA:16,1
DA:18,1
DA:19,1
DA:24,1
DA:25,1
DA:26,2
DA:28,1
DA:31,1
LF:13
LH:13
BRF:0
BRH:0
end_of_record
TN:
SF:/Users/arivero/lh/serverless/services/activity-report-service/src/helpers/fetch-applications/index.ts
FN:3,fetchApplications
FNF:1
FNH:1
FNDA:1,fetchApplications
DA:1,8
DA:3,8
DA:4,1
DA:6,1
LF:4
LH:4
BRF:0
BRH:0
end_of_record
TN:
SF:/Users/arivero/lh/serverless/services/activity-report-service/src/helpers/fetch-locations/index.ts
FN:4,fetchLocations
FN:5,(anonymous_16)
FNF:2
FNH:2
FNDA:2,fetchLocations
FNDA:2,(anonymous_16)
DA:1,8
DA:2,8
DA:4,8
DA:5,2
DA:7,2
DA:8,1
DA:13,1
DA:15,1
LF:8
LH:8
BRDA:7,0,0,1
BRDA:7,0,1,1
BRDA:7,1,0,2
BRDA:7,1,1,1
BRF:4
BRH:4
end_of_record
TN:
SF:/Users/arivero/lh/serverless/services/activity-report-service/src/helpers/get-location-report-links/index.ts
FN:3,getLocationReportLinks
FNF:1
FNH:1
FNDA:5,getLocationReportLinks
DA:1,8
DA:3,8
DA:4,5
DA:5,5
DA:7,5
DA:9,5
DA:11,5
DA:18,5
DA:21,5
DA:22,1
DA:23,1
DA:30,4
DA:32,4
DA:33,4
DA:34,4
DA:38,4
DA:40,4
LF:17
LH:17
BRDA:9,0,0,1
BRDA:9,0,1,4
BRDA:12,1,0,3
BRDA:12,1,1,2
BRDA:19,2,0,3
BRDA:19,2,1,2
BRDA:19,3,0,5
BRDA:19,3,1,3
BRDA:21,4,0,1
BRDA:21,4,1,4
BRDA:21,5,0,5
BRDA:21,5,1,4
BRDA:21,5,2,4
BRDA:38,6,0,3
BRDA:38,6,1,1
BRF:15
BRH:15
end_of_record
TN:
SF:/Users/arivero/lh/serverless/services/activity-report-service/src/helpers/get-pdf-buffer/index.ts
FN:4,getPdfBuffer
FN:7,(anonymous_1)
FNF:2
FNH:2
FNDA:1,getPdfBuffer
FNDA:1,(anonymous_1)
DA:1,9
DA:2,9
DA:5,1
DA:7,1
DA:8,1
DA:12,9
LF:6
LH:6
BRF:0
BRH:0
end_of_record
TN:
SF:/Users/arivero/lh/serverless/services/activity-report-service/src/helpers/get-references/index.ts
FN:3,getFormS3Paths
FN:9,(anonymous_17)
FNF:2
FNH:2
FNDA:2,getFormS3Paths
FNDA:7,(anonymous_17)
DA:1,8
DA:3,8
DA:4,2
DA:5,2
DA:7,2
DA:9,7
DA:13,2
LF:7
LH:7
BRF:0
BRH:0
end_of_record
TN:
SF:/Users/arivero/lh/serverless/services/activity-report-service/src/helpers/get-shift-details/fixture.ts
FNF:0
FNH:0
DA:1,1
DA:6,1
DA:38,1
DA:65,1
DA:86,1
DA:125,1
DA:221,1
LF:7
LH:7
BRF:0
BRH:0
end_of_record
TN:
SF:/Users/arivero/lh/serverless/services/activity-report-service/src/helpers/get-shift-details/index.ts
FN:6,getShiftDetails
FN:21,getUserShifts
FN:39,(anonymous_21)
FN:44,(anonymous_22)
FN:58,isLocationPermission
FN:65,fetchApplicationShifts
FNF:6
FNH:6
FNDA:5,getShiftDetails
FNDA:5,getUserShifts
FNDA:6,(anonymous_21)
FNDA:7,(anonymous_22)
FNDA:3,isLocationPermission
FNDA:5,fetchApplicationShifts
DA:1,8
DA:3,8
DA:4,8
DA:6,8
DA:8,5
DA:9,4
DA:11,4
DA:16,1
DA:17,1
DA:21,5
DA:22,5
DA:24,5
DA:25,5
DA:31,4
DA:32,4
DA:34,4
DA:35,2
DA:38,2
DA:40,6
DA:41,6
DA:42,6
DA:44,6
DA:46,7
DA:49,7
DA:55,2
DA:59,3
DA:65,5
DA:66,5
DA:67,5
DA:69,5
LF:30
LH:30
BRDA:34,0,0,2
BRDA:34,0,1,2
BRDA:40,1,0,6
BRDA:40,1,1,3
BRDA:41,2,0,6
BRDA:41,2,1,3
BRDA:42,3,0,6
BRDA:42,3,1,3
BRDA:46,4,0,7
BRDA:46,4,1,6
BRDA:46,4,2,5
BRDA:60,5,0,3
BRDA:60,5,1,3
BRDA:60,5,2,1
BRF:14
BRH:14
end_of_record
TN:
SF:/Users/arivero/lh/serverless/services/activity-report-service/src/helpers/get-shift-report-links/fixtures.ts
FNF:0
FNH:0
DA:1,1
DA:2,1
DA:4,1
DA:5,1
DA:7,1
DA:10,1
DA:13,1
DA:15,1
DA:30,1
LF:9
LH:9
BRF:0
BRH:0
end_of_record
TN:
SF:/Users/arivero/lh/serverless/services/activity-report-service/src/helpers/get-shift-report-links/index.ts
FN:5,getShiftReportLinks
FNF:1
FNH:1
FNDA:4,getShiftReportLinks
DA:1,8
DA:3,8
DA:5,8
DA:6,4
DA:7,4
DA:8,4
DA:10,4
DA:12,4
DA:14,4
DA:18,4
DA:19,4
DA:23,4
DA:25,4
DA:26,1
DA:27,1
DA:36,3
DA:38,3
DA:39,3
DA:40,3
DA:44,3
DA:46,3
LF:21
LH:21
BRDA:12,0,0,1
BRDA:12,0,1,3
BRDA:15,1,0,2
BRDA:15,1,1,2
BRDA:25,2,0,1
BRDA:25,2,1,3
BRDA:25,3,0,4
BRDA:25,3,1,3
BRDA:25,3,2,3
BRDA:44,4,0,2
BRDA:44,4,1,1
BRF:11
BRH:11
end_of_record
TN:
SF:/Users/arivero/lh/serverless/services/activity-report-service/src/helpers/get-shift-summary-data/fixtures.ts
FNF:0
FNH:0
DA:1,1
DA:5,1
DA:7,1
DA:12,1
DA:39,1
DA:69,1
DA:145,1
DA:156,1
DA:205,1
DA:206,1
DA:208,1
DA:213,1
DA:219,1
DA:227,1
DA:238,1
LF:15
LH:15
BRF:0
BRH:0
end_of_record
TN:
SF:/Users/arivero/lh/serverless/services/activity-report-service/src/helpers/get-shift-summary-data/index.ts
FN:16,getShiftSummaryData
FNF:1
FNH:1
FNDA:6,getShiftSummaryData
DA:1,8
DA:2,8
DA:4,8
DA:6,8
DA:16,8
DA:17,6
DA:19,6
DA:20,1
DA:23,5
DA:24,5
DA:25,5
DA:27,5
DA:29,5
DA:31,5
DA:38,5
DA:44,5
DA:45,1
DA:48,4
DA:49,2
DA:54,2
DA:55,2
DA:57,2
DA:58,2
DA:59,2
DA:60,2
DA:68,2
DA:76,2
DA:85,2
DA:87,2
LF:29
LH:29
BRDA:19,0,0,1
BRDA:19,0,1,5
BRDA:44,1,0,1
BRDA:44,1,1,4
BRDA:48,2,0,2
BRDA:48,2,1,2
BRDA:48,3,0,4
BRDA:48,3,1,3
BRDA:97,4,0,2
BRDA:97,4,1,2
BRF:10
BRH:10
end_of_record
TN:
SF:/Users/arivero/lh/serverless/services/activity-report-service/src/helpers/get-summary-data/index.ts
FN:12,getSummaryData
FN:79,getApplication
FN:90,getApplicationUsers
FN:102,getArea
FN:124,getEntries
FN:163,getEvents
FN:204,getLocation
FN:220,getLocations
FN:232,getUsers
FN:235,(anonymous_40)
FN:252,getZones
FNF:11
FNH:11
FNDA:17,getSummaryData
FNDA:14,getApplication
FNDA:14,getApplicationUsers
FNDA:14,getArea
FNDA:42,getEntries
FNDA:14,getEvents
FNDA:16,getLocation
FNDA:14,getLocations
FNDA:14,getUsers
FNDA:3,(anonymous_40)
FNDA:14,getZones
DA:1,8
DA:2,8
DA:12,8
DA:13,17
DA:15,17
DA:16,1
DA:19,16
DA:21,16
DA:22,16
DA:23,16
DA:25,16
DA:27,16
DA:28,14
DA:29,14
DA:30,14
DA:31,14
DA:32,14
DA:41,14
DA:42,14
DA:50,14
DA:58,14
DA:60,14
DA:62,14
DA:79,14
DA:80,14
DA:81,14
DA:83,14
DA:87,14
DA:90,14
DA:91,14
DA:92,14
DA:94,14
DA:99,14
DA:102,14
DA:103,14
DA:105,14
DA:110,14
DA:111,12
DA:112,12
DA:115,2
DA:121,2
DA:124,42
DA:125,42
DA:126,42
DA:128,42
DA:137,42
DA:138,42
DA:152,42
DA:153,42
DA:155,42
DA:160,42
DA:163,14
DA:164,14
DA:165,14
DA:167,14
DA:193,14
DA:194,14
DA:196,14
DA:201,14
DA:204,16
DA:205,16
DA:206,16
DA:210,16
DA:211,1
DA:213,15
DA:214,1
DA:217,14
DA:220,14
DA:221,14
DA:222,14
DA:224,14
DA:229,14
DA:232,14
DA:233,14
DA:235,14
DA:237,14
DA:238,14
DA:244,14
DA:249,14
DA:252,14
DA:253,14
DA:254,14
DA:256,14
DA:264,14
LF:84
LH:84
BRDA:15,0,0,1
BRDA:15,0,1,16
BRDA:15,1,0,17
BRDA:15,1,1,16
BRDA:15,1,2,16
BRDA:107,2,0,12
BRDA:107,2,1,2
BRDA:110,3,0,12
BRDA:110,3,1,2
BRDA:137,4,0,42
BRDA:137,4,1,6
BRDA:138,5,0,42
BRDA:138,5,1,3
BRDA:146,6,0,3
BRDA:146,6,1,3
BRDA:152,7,0,3
BRDA:152,7,1,39
BRDA:210,8,0,1
BRDA:210,8,1,15
BRDA:213,9,0,1
BRDA:213,9,1,14
BRF:21
BRH:21
end_of_record
TN:
SF:/Users/arivero/lh/serverless/services/activity-report-service/src/helpers/get-user-details/index.ts
FN:46,getUserDetails
FN:86,fetchApplication
FNF:2
FNH:2
FNDA:6,getUserDetails
FNDA:6,fetchApplication
DA:1,9
DA:3,9
DA:46,9
DA:51,6
DA:58,6
DA:60,5
DA:65,5
DA:69,5
DA:72,5
DA:81,1
DA:82,1
DA:87,6
DA:89,6
DA:93,5
LF:14
LH:14
BRDA:70,0,0,5
BRDA:70,0,1,5
BRDA:70,0,2,5
BRF:3
BRH:3
end_of_record
TN:
SF:/Users/arivero/lh/serverless/services/activity-report-service/src/helpers/pdf-make/index.ts
FNF:0
FNH:0
DA:1,9
DA:2,9
DA:4,9
DA:5,9
DA:14,9
LF:5
LH:5
BRF:0
BRH:0
end_of_record
TN:
SF:/Users/arivero/lh/serverless/services/activity-report-service/src/helpers/s3/index.ts
FN:20,get
FN:34,listObjects
FN:47,put
FN:67,(anonymous_3)
FNF:4
FNH:4
FNDA:1,get
FNDA:1,listObjects
FNDA:1,put
FNDA:1,(anonymous_3)
DA:20,10
DA:21,1
DA:26,1
DA:34,10
DA:36,1
DA:38,1
DA:44,1
DA:47,10
DA:49,1
DA:51,1
DA:59,1
DA:64,1
DA:67,1
LF:13
LH:13
BRF:0
BRH:0
end_of_record
TN:
SF:/Users/arivero/lh/serverless/services/activity-report-service/src/helpers/send-email/index.ts
FN:3,sendEmail
FNF:1
FNH:1
FNDA:2,sendEmail
DA:1,8
DA:3,8
DA:6,2
DA:7,2
DA:9,1
DA:11,1
DA:12,1
LF:7
LH:7
BRF:0
BRH:0
end_of_record
TN:
SF:/Users/arivero/lh/serverless/services/activity-report-service/test/fakeModule.js
FNF:0
FNH:0
DA:1,7
LF:1
LH:1
BRF:0
BRH:0
end_of_record
